[0.028s] Invoking command in '/home/chen/ros_gz_ugv_ws/build/ros_gz_ugv_gazebo': AMENT_PREFIX_PATH=/home/chen/ros_gz_ugv_ws/install/ros_gz_ugv_description:${AMENT_PREFIX_PATH} CMAKE_PREFIX_PATH=/home/chen/ros_gz_ugv_ws/install/ros_gz_ugv_description:/opt/ros/jazzy/opt/gz_sim_vendor:/opt/ros/jazzy/opt/gz_sensors_vendor:/opt/ros/jazzy/opt/gz_physics_vendor:/opt/ros/jazzy/opt/sdformat_vendor:/opt/ros/jazzy/opt/gz_gui_vendor:/opt/ros/jazzy/opt/gz_transport_vendor:/opt/ros/jazzy/opt/gz_rendering_vendor:/opt/ros/jazzy/opt/gz_plugin_vendor:/opt/ros/jazzy/opt/gz_fuel_tools_vendor:/opt/ros/jazzy/opt/gz_msgs_vendor:/opt/ros/jazzy/opt/gz_common_vendor:/opt/ros/jazzy/opt/gz_math_vendor:/opt/ros/jazzy/opt/gz_utils_vendor:/opt/ros/jazzy/opt/gz_tools_vendor:/opt/ros/jazzy/opt/gz_ogre_next_vendor:/opt/ros/jazzy/opt/gz_dartsim_vendor:/opt/ros/jazzy/opt/gz_cmake_vendor:/opt/ros/jazzy GZ_SIM_RESOURCE_PATH=/home/chen/ros_gz_ugv_ws/install/ros_gz_ugv_description/share/ros_gz_ugv_description/models /usr/bin/cmake /home/chen/ros_gz_ugv_ws/src/ros_gz_ugv/ros_gz_ugv_gazebo -DCMAKE_INSTALL_PREFIX=/home/chen/ros_gz_ugv_ws/install/ros_gz_ugv_gazebo
[0.097s] -- The C compiler identification is GNU 13.3.0
[0.468s] -- The CXX compiler identification is GNU 13.3.0
[0.832s] -- Detecting C compiler ABI info
[0.961s] -- Detecting C compiler ABI info - done
[0.966s] -- Check for working C compiler: /usr/bin/cc - skipped
[0.966s] -- Detecting C compile features
[0.966s] -- Detecting C compile features - done
[1.027s] -- Detecting CXX compiler ABI info
[1.158s] -- Detecting CXX compiler ABI info - done
[1.163s] -- Check for working CXX compiler: /usr/bin/c++ - skipped
[1.163s] -- Detecting CXX compile features
[1.163s] -- Detecting CXX compile features - done
[1.165s] -- Found ament_cmake: 2.5.3 (/opt/ros/jazzy/share/ament_cmake/cmake)
[1.245s] -- Found Python3: /usr/bin/python3 (found version "3.12.3") found components: Interpreter 
[1.306s] -- Found ros_gz_ugv_description: 0.0.0 (/home/chen/ros_gz_ugv_ws/install/ros_gz_ugv_description/share/ros_gz_ugv_description/cmake)
[1.317s] -- Looking for gz-plugin2 -- found version 2.0.3
[1.318s] -- Searching for dependencies of gz-plugin2
[1.319s] -- Looking for gz-utils2 -- found version 2.2.0
[1.319s] -- Searching for dependencies of gz-utils2
[1.320s] -- Searching for <gz-utils2> component [cli]
[1.321s] -- Looking for gz-utils2-cli -- found version 2.2.0
[1.321s] -- Searching for dependencies of gz-utils2-cli
[1.323s] -- Searching for <gz-plugin2> component [register]
[1.324s] -- Looking for gz-plugin2-register -- found version 2.0.3
[1.324s] -- Searching for dependencies of gz-plugin2-register
[1.325s] -- Looking for gz-common5 -- found version 5.7.0
[1.326s] -- Searching for dependencies of gz-common5
[1.326s] -- Looking for gz-utils2 -- found version 2.2.0
[1.352s] -- Looking for dlfcn.h - found
[1.420s] -- Looking for libdl - found
[1.421s] -- Found DL: TRUE  
[1.426s] -- Checking for module 'uuid'
[1.435s] --   Found uuid, version 2.39.3
[1.448s] -- Found UUID: TRUE  
[1.449s] -- Searching for <gz-common5> component [profiler]
[1.450s] -- Looking for gz-common5-profiler -- found version 5.7.0
[1.450s] -- Searching for dependencies of gz-common5-profiler
[1.998s] [31mCMake Error at CMakeLists.txt:26 (find_package):
[1.998s]   By not providing "Findgz-sim8.cmake" in CMAKE_MODULE_PATH this project has
[1.999s]   asked CMake to find a package configuration file provided by "gz-sim8", but
[1.999s]   CMake did not find one.
[1.999s] 
[1.999s]   Could not find a package configuration file provided by "gz-sim8" with any
[1.999s]   of the following names:
[1.999s] 
[1.999s]     gz-sim8Config.cmake
[1.999s]     gz-sim8-config.cmake
[1.999s] 
[1.999s]   Add the installation prefix of "gz-sim8" to CMAKE_PREFIX_PATH or set
[1.999s]   "gz-sim8_DIR" to a directory containing one of the above files.  If
[1.999s]   "gz-sim8" provides a separate development package or SDK, be sure it has
[1.999s]   been installed.
[1.999s] 
[1.999s] [0m
[1.999s] -- Configuring incomplete, errors occurred!
[2.004s] Invoked command in '/home/chen/ros_gz_ugv_ws/build/ros_gz_ugv_gazebo' returned '1': AMENT_PREFIX_PATH=/home/chen/ros_gz_ugv_ws/install/ros_gz_ugv_description:${AMENT_PREFIX_PATH} CMAKE_PREFIX_PATH=/home/chen/ros_gz_ugv_ws/install/ros_gz_ugv_description:/opt/ros/jazzy/opt/gz_sim_vendor:/opt/ros/jazzy/opt/gz_sensors_vendor:/opt/ros/jazzy/opt/gz_physics_vendor:/opt/ros/jazzy/opt/sdformat_vendor:/opt/ros/jazzy/opt/gz_gui_vendor:/opt/ros/jazzy/opt/gz_transport_vendor:/opt/ros/jazzy/opt/gz_rendering_vendor:/opt/ros/jazzy/opt/gz_plugin_vendor:/opt/ros/jazzy/opt/gz_fuel_tools_vendor:/opt/ros/jazzy/opt/gz_msgs_vendor:/opt/ros/jazzy/opt/gz_common_vendor:/opt/ros/jazzy/opt/gz_math_vendor:/opt/ros/jazzy/opt/gz_utils_vendor:/opt/ros/jazzy/opt/gz_tools_vendor:/opt/ros/jazzy/opt/gz_ogre_next_vendor:/opt/ros/jazzy/opt/gz_dartsim_vendor:/opt/ros/jazzy/opt/gz_cmake_vendor:/opt/ros/jazzy GZ_SIM_RESOURCE_PATH=/home/chen/ros_gz_ugv_ws/install/ros_gz_ugv_description/share/ros_gz_ugv_description/models /usr/bin/cmake /home/chen/ros_gz_ugv_ws/src/ros_gz_ugv/ros_gz_ugv_gazebo -DCMAKE_INSTALL_PREFIX=/home/chen/ros_gz_ugv_ws/install/ros_gz_ugv_gazebo
