[0.008s] Invoking command in '/home/chen/ros_gz_ugv_ws/build/ros_gz_ugv_application': CMAKE_PREFIX_PATH=${CMAKE_PREFIX_PATH}:/opt/ros/jazzy /usr/bin/cmake --build /home/chen/ros_gz_ugv_ws/build/ros_gz_ugv_application -- -j28 -l28
[0.034s] Invoked command in '/home/chen/ros_gz_ugv_ws/build/ros_gz_ugv_application' returned '0': CMAKE_PREFIX_PATH=${CMAKE_PREFIX_PATH}:/opt/ros/jazzy /usr/bin/cmake --build /home/chen/ros_gz_ugv_ws/build/ros_gz_ugv_application -- -j28 -l28
[0.034s] Invoking command in '/home/chen/ros_gz_ugv_ws/build/ros_gz_ugv_application': CMAKE_PREFIX_PATH=${CMAKE_PREFIX_PATH}:/opt/ros/jazzy /usr/bin/cmake --install /home/chen/ros_gz_ugv_ws/build/ros_gz_ugv_application
[0.038s] -- Install configuration: ""
[0.039s] -- Up-to-date: /home/chen/ros_gz_ugv_ws/install/ros_gz_ugv_application/share/ament_index/resource_index/package_run_dependencies/ros_gz_ugv_application
[0.039s] -- Up-to-date: /home/chen/ros_gz_ugv_ws/install/ros_gz_ugv_application/share/ament_index/resource_index/parent_prefix_path/ros_gz_ugv_application
[0.039s] -- Up-to-date: /home/chen/ros_gz_ugv_ws/install/ros_gz_ugv_application/share/ros_gz_ugv_application/environment/ament_prefix_path.sh
[0.039s] -- Up-to-date: /home/chen/ros_gz_ugv_ws/install/ros_gz_ugv_application/share/ros_gz_ugv_application/environment/ament_prefix_path.dsv
[0.039s] -- Up-to-date: /home/chen/ros_gz_ugv_ws/install/ros_gz_ugv_application/share/ros_gz_ugv_application/environment/path.sh
[0.039s] -- Up-to-date: /home/chen/ros_gz_ugv_ws/install/ros_gz_ugv_application/share/ros_gz_ugv_application/environment/path.dsv
[0.039s] -- Up-to-date: /home/chen/ros_gz_ugv_ws/install/ros_gz_ugv_application/share/ros_gz_ugv_application/local_setup.bash
[0.039s] -- Up-to-date: /home/chen/ros_gz_ugv_ws/install/ros_gz_ugv_application/share/ros_gz_ugv_application/local_setup.sh
[0.039s] -- Up-to-date: /home/chen/ros_gz_ugv_ws/install/ros_gz_ugv_application/share/ros_gz_ugv_application/local_setup.zsh
[0.040s] -- Up-to-date: /home/chen/ros_gz_ugv_ws/install/ros_gz_ugv_application/share/ros_gz_ugv_application/local_setup.dsv
[0.040s] -- Up-to-date: /home/chen/ros_gz_ugv_ws/install/ros_gz_ugv_application/share/ros_gz_ugv_application/package.dsv
[0.040s] -- Up-to-date: /home/chen/ros_gz_ugv_ws/install/ros_gz_ugv_application/share/ament_index/resource_index/packages/ros_gz_ugv_application
[0.040s] -- Up-to-date: /home/chen/ros_gz_ugv_ws/install/ros_gz_ugv_application/share/ros_gz_ugv_application/cmake/ros_gz_ugv_applicationConfig.cmake
[0.040s] -- Up-to-date: /home/chen/ros_gz_ugv_ws/install/ros_gz_ugv_application/share/ros_gz_ugv_application/cmake/ros_gz_ugv_applicationConfig-version.cmake
[0.040s] -- Up-to-date: /home/chen/ros_gz_ugv_ws/install/ros_gz_ugv_application/share/ros_gz_ugv_application/package.xml
[0.051s] Invoked command in '/home/chen/ros_gz_ugv_ws/build/ros_gz_ugv_application' returned '0': CMAKE_PREFIX_PATH=${CMAKE_PREFIX_PATH}:/opt/ros/jazzy /usr/bin/cmake --install /home/chen/ros_gz_ugv_ws/build/ros_gz_ugv_application
