[0.250s] DEBUG:colcon:Command line arguments: ['/usr/bin/colcon', 'build']
[0.250s] DEBUG:colcon:Parsed command line arguments: Namespace(log_base=None, log_level=None, verb_name='build', build_base='build', install_base='install', merge_install=False, symlink_install=False, test_result_base=None, continue_on_error=False, executor='parallel', parallel_workers=28, event_handlers=None, ignore_user_meta=False, metas=['./colcon.meta'], base_paths=['.'], packages_ignore=None, packages_ignore_regex=None, paths=None, packages_up_to=None, packages_up_to_regex=None, packages_above=None, packages_above_and_dependencies=None, packages_above_depth=None, packages_select_by_dep=None, packages_skip_by_dep=None, packages_skip_up_to=None, packages_select_build_failed=False, packages_skip_build_finished=False, packages_select_test_failures=False, packages_skip_test_passed=False, packages_select=None, packages_skip=None, packages_select_regex=None, packages_skip_regex=None, packages_start=None, packages_end=None, allow_overriding=[], cmake_args=None, cmake_target=None, cmake_target_skip_unavailable=False, cmake_clean_cache=False, cmake_clean_first=False, cmake_force_configure=False, ament_cmake_args=None, catkin_cmake_args=None, catkin_skip_building_tests=False, mixin_files=None, mixin=None, verb_parser=<colcon_mixin.mixin.mixin_argument.MixinArgumentDecorator object at 0x7f8e2f19eb40>, verb_extension=<colcon_core.verb.build.BuildVerb object at 0x7f8e2f19ea50>, main=<bound method BuildVerb.main of <colcon_core.verb.build.BuildVerb object at 0x7f8e2f19ea50>>, mixin_verb=('build',))
[0.296s] Level 1:colcon.colcon_core.package_discovery:discover_packages(colcon_meta) check parameters
[0.296s] Level 1:colcon.colcon_core.package_discovery:discover_packages(recursive) check parameters
[0.296s] Level 1:colcon.colcon_core.package_discovery:discover_packages(ignore) check parameters
[0.296s] Level 1:colcon.colcon_core.package_discovery:discover_packages(path) check parameters
[0.296s] Level 1:colcon.colcon_core.package_discovery:discover_packages(colcon_meta) discover
[0.296s] Level 1:colcon.colcon_core.package_discovery:discover_packages(recursive) discover
[0.296s] INFO:colcon.colcon_core.package_discovery:Crawling recursively for packages in '/home/chen/ros_gz_ugv_ws'
[0.296s] Level 1:colcon.colcon_core.package_identification:_identify(.) by extensions ['ignore', 'ignore_ament_install']
[0.297s] Level 1:colcon.colcon_core.package_identification:_identify(.) by extension 'ignore'
[0.297s] Level 1:colcon.colcon_core.package_identification:_identify(.) by extension 'ignore_ament_install'
[0.297s] Level 1:colcon.colcon_core.package_identification:_identify(.) by extensions ['colcon_pkg']
[0.297s] Level 1:colcon.colcon_core.package_identification:_identify(.) by extension 'colcon_pkg'
[0.297s] Level 1:colcon.colcon_core.package_identification:_identify(.) by extensions ['colcon_meta']
[0.297s] Level 1:colcon.colcon_core.package_identification:_identify(.) by extension 'colcon_meta'
[0.297s] Level 1:colcon.colcon_core.package_identification:_identify(.) by extensions ['ros']
[0.297s] Level 1:colcon.colcon_core.package_identification:_identify(.) by extension 'ros'
[0.324s] Level 1:colcon.colcon_core.package_identification:_identify(.) by extensions ['cmake', 'python']
[0.324s] Level 1:colcon.colcon_core.package_identification:_identify(.) by extension 'cmake'
[0.324s] Level 1:colcon.colcon_core.package_identification:_identify(.) by extension 'python'
[0.324s] Level 1:colcon.colcon_core.package_identification:_identify(.) by extensions ['python_setup_py']
[0.324s] Level 1:colcon.colcon_core.package_identification:_identify(.) by extension 'python_setup_py'
[0.324s] Level 1:colcon.colcon_core.package_identification:_identify(build) by extensions ['ignore', 'ignore_ament_install']
[0.324s] Level 1:colcon.colcon_core.package_identification:_identify(build) by extension 'ignore'
[0.324s] Level 1:colcon.colcon_core.package_identification:_identify(build) ignored
[0.324s] Level 1:colcon.colcon_core.package_identification:_identify(install) by extensions ['ignore', 'ignore_ament_install']
[0.324s] Level 1:colcon.colcon_core.package_identification:_identify(install) by extension 'ignore'
[0.324s] Level 1:colcon.colcon_core.package_identification:_identify(install) ignored
[0.324s] Level 1:colcon.colcon_core.package_identification:_identify(log) by extensions ['ignore', 'ignore_ament_install']
[0.324s] Level 1:colcon.colcon_core.package_identification:_identify(log) by extension 'ignore'
[0.324s] Level 1:colcon.colcon_core.package_identification:_identify(log) ignored
[0.324s] Level 1:colcon.colcon_core.package_identification:_identify(src) by extensions ['ignore', 'ignore_ament_install']
[0.324s] Level 1:colcon.colcon_core.package_identification:_identify(src) by extension 'ignore'
[0.324s] Level 1:colcon.colcon_core.package_identification:_identify(src) by extension 'ignore_ament_install'
[0.325s] Level 1:colcon.colcon_core.package_identification:_identify(src) by extensions ['colcon_pkg']
[0.325s] Level 1:colcon.colcon_core.package_identification:_identify(src) by extension 'colcon_pkg'
[0.325s] Level 1:colcon.colcon_core.package_identification:_identify(src) by extensions ['colcon_meta']
[0.325s] Level 1:colcon.colcon_core.package_identification:_identify(src) by extension 'colcon_meta'
[0.325s] Level 1:colcon.colcon_core.package_identification:_identify(src) by extensions ['ros']
[0.325s] Level 1:colcon.colcon_core.package_identification:_identify(src) by extension 'ros'
[0.325s] Level 1:colcon.colcon_core.package_identification:_identify(src) by extensions ['cmake', 'python']
[0.325s] Level 1:colcon.colcon_core.package_identification:_identify(src) by extension 'cmake'
[0.325s] Level 1:colcon.colcon_core.package_identification:_identify(src) by extension 'python'
[0.325s] Level 1:colcon.colcon_core.package_identification:_identify(src) by extensions ['python_setup_py']
[0.325s] Level 1:colcon.colcon_core.package_identification:_identify(src) by extension 'python_setup_py'
[0.325s] Level 1:colcon.colcon_core.package_identification:_identify(src/ros_gz_ugv) by extensions ['ignore', 'ignore_ament_install']
[0.325s] Level 1:colcon.colcon_core.package_identification:_identify(src/ros_gz_ugv) by extension 'ignore'
[0.325s] Level 1:colcon.colcon_core.package_identification:_identify(src/ros_gz_ugv) by extension 'ignore_ament_install'
[0.325s] Level 1:colcon.colcon_core.package_identification:_identify(src/ros_gz_ugv) by extensions ['colcon_pkg']
[0.325s] Level 1:colcon.colcon_core.package_identification:_identify(src/ros_gz_ugv) by extension 'colcon_pkg'
[0.325s] Level 1:colcon.colcon_core.package_identification:_identify(src/ros_gz_ugv) by extensions ['colcon_meta']
[0.325s] Level 1:colcon.colcon_core.package_identification:_identify(src/ros_gz_ugv) by extension 'colcon_meta'
[0.325s] Level 1:colcon.colcon_core.package_identification:_identify(src/ros_gz_ugv) by extensions ['ros']
[0.325s] Level 1:colcon.colcon_core.package_identification:_identify(src/ros_gz_ugv) by extension 'ros'
[0.325s] Level 1:colcon.colcon_core.package_identification:_identify(src/ros_gz_ugv) by extensions ['cmake', 'python']
[0.325s] Level 1:colcon.colcon_core.package_identification:_identify(src/ros_gz_ugv) by extension 'cmake'
[0.325s] Level 1:colcon.colcon_core.package_identification:_identify(src/ros_gz_ugv) by extension 'python'
[0.325s] Level 1:colcon.colcon_core.package_identification:_identify(src/ros_gz_ugv) by extensions ['python_setup_py']
[0.325s] Level 1:colcon.colcon_core.package_identification:_identify(src/ros_gz_ugv) by extension 'python_setup_py'
[0.325s] Level 1:colcon.colcon_core.package_identification:_identify(src/ros_gz_ugv/ros_gz_ugv_application) by extensions ['ignore', 'ignore_ament_install']
[0.325s] Level 1:colcon.colcon_core.package_identification:_identify(src/ros_gz_ugv/ros_gz_ugv_application) by extension 'ignore'
[0.325s] Level 1:colcon.colcon_core.package_identification:_identify(src/ros_gz_ugv/ros_gz_ugv_application) by extension 'ignore_ament_install'
[0.325s] Level 1:colcon.colcon_core.package_identification:_identify(src/ros_gz_ugv/ros_gz_ugv_application) by extensions ['colcon_pkg']
[0.325s] Level 1:colcon.colcon_core.package_identification:_identify(src/ros_gz_ugv/ros_gz_ugv_application) by extension 'colcon_pkg'
[0.325s] Level 1:colcon.colcon_core.package_identification:_identify(src/ros_gz_ugv/ros_gz_ugv_application) by extensions ['colcon_meta']
[0.325s] Level 1:colcon.colcon_core.package_identification:_identify(src/ros_gz_ugv/ros_gz_ugv_application) by extension 'colcon_meta'
[0.325s] Level 1:colcon.colcon_core.package_identification:_identify(src/ros_gz_ugv/ros_gz_ugv_application) by extensions ['ros']
[0.325s] Level 1:colcon.colcon_core.package_identification:_identify(src/ros_gz_ugv/ros_gz_ugv_application) by extension 'ros'
[0.328s] DEBUG:colcon.colcon_core.package_identification:Package 'src/ros_gz_ugv/ros_gz_ugv_application' with type 'ros.ament_cmake' and name 'ros_gz_ugv_application'
[0.328s] Level 1:colcon.colcon_core.package_identification:_identify(src/ros_gz_ugv/ros_gz_ugv_bringup) by extensions ['ignore', 'ignore_ament_install']
[0.328s] Level 1:colcon.colcon_core.package_identification:_identify(src/ros_gz_ugv/ros_gz_ugv_bringup) by extension 'ignore'
[0.328s] Level 1:colcon.colcon_core.package_identification:_identify(src/ros_gz_ugv/ros_gz_ugv_bringup) by extension 'ignore_ament_install'
[0.328s] Level 1:colcon.colcon_core.package_identification:_identify(src/ros_gz_ugv/ros_gz_ugv_bringup) by extensions ['colcon_pkg']
[0.328s] Level 1:colcon.colcon_core.package_identification:_identify(src/ros_gz_ugv/ros_gz_ugv_bringup) by extension 'colcon_pkg'
[0.328s] Level 1:colcon.colcon_core.package_identification:_identify(src/ros_gz_ugv/ros_gz_ugv_bringup) by extensions ['colcon_meta']
[0.328s] Level 1:colcon.colcon_core.package_identification:_identify(src/ros_gz_ugv/ros_gz_ugv_bringup) by extension 'colcon_meta'
[0.328s] Level 1:colcon.colcon_core.package_identification:_identify(src/ros_gz_ugv/ros_gz_ugv_bringup) by extensions ['ros']
[0.328s] Level 1:colcon.colcon_core.package_identification:_identify(src/ros_gz_ugv/ros_gz_ugv_bringup) by extension 'ros'
[0.329s] DEBUG:colcon.colcon_core.package_identification:Package 'src/ros_gz_ugv/ros_gz_ugv_bringup' with type 'ros.ament_cmake' and name 'ros_gz_ugv_bringup'
[0.329s] Level 1:colcon.colcon_core.package_identification:_identify(src/ros_gz_ugv/ros_gz_ugv_description) by extensions ['ignore', 'ignore_ament_install']
[0.329s] Level 1:colcon.colcon_core.package_identification:_identify(src/ros_gz_ugv/ros_gz_ugv_description) by extension 'ignore'
[0.329s] Level 1:colcon.colcon_core.package_identification:_identify(src/ros_gz_ugv/ros_gz_ugv_description) by extension 'ignore_ament_install'
[0.329s] Level 1:colcon.colcon_core.package_identification:_identify(src/ros_gz_ugv/ros_gz_ugv_description) by extensions ['colcon_pkg']
[0.329s] Level 1:colcon.colcon_core.package_identification:_identify(src/ros_gz_ugv/ros_gz_ugv_description) by extension 'colcon_pkg'
[0.329s] Level 1:colcon.colcon_core.package_identification:_identify(src/ros_gz_ugv/ros_gz_ugv_description) by extensions ['colcon_meta']
[0.329s] Level 1:colcon.colcon_core.package_identification:_identify(src/ros_gz_ugv/ros_gz_ugv_description) by extension 'colcon_meta'
[0.329s] Level 1:colcon.colcon_core.package_identification:_identify(src/ros_gz_ugv/ros_gz_ugv_description) by extensions ['ros']
[0.329s] Level 1:colcon.colcon_core.package_identification:_identify(src/ros_gz_ugv/ros_gz_ugv_description) by extension 'ros'
[0.329s] DEBUG:colcon.colcon_core.package_identification:Package 'src/ros_gz_ugv/ros_gz_ugv_description' with type 'ros.ament_cmake' and name 'ros_gz_ugv_description'
[0.329s] Level 1:colcon.colcon_core.package_identification:_identify(src/ros_gz_ugv/ros_gz_ugv_gazebo) by extensions ['ignore', 'ignore_ament_install']
[0.329s] Level 1:colcon.colcon_core.package_identification:_identify(src/ros_gz_ugv/ros_gz_ugv_gazebo) by extension 'ignore'
[0.329s] Level 1:colcon.colcon_core.package_identification:_identify(src/ros_gz_ugv/ros_gz_ugv_gazebo) by extension 'ignore_ament_install'
[0.329s] Level 1:colcon.colcon_core.package_identification:_identify(src/ros_gz_ugv/ros_gz_ugv_gazebo) by extensions ['colcon_pkg']
[0.329s] Level 1:colcon.colcon_core.package_identification:_identify(src/ros_gz_ugv/ros_gz_ugv_gazebo) by extension 'colcon_pkg'
[0.329s] Level 1:colcon.colcon_core.package_identification:_identify(src/ros_gz_ugv/ros_gz_ugv_gazebo) by extensions ['colcon_meta']
[0.330s] Level 1:colcon.colcon_core.package_identification:_identify(src/ros_gz_ugv/ros_gz_ugv_gazebo) by extension 'colcon_meta'
[0.330s] Level 1:colcon.colcon_core.package_identification:_identify(src/ros_gz_ugv/ros_gz_ugv_gazebo) by extensions ['ros']
[0.330s] Level 1:colcon.colcon_core.package_identification:_identify(src/ros_gz_ugv/ros_gz_ugv_gazebo) by extension 'ros'
[0.330s] DEBUG:colcon.colcon_core.package_identification:Package 'src/ros_gz_ugv/ros_gz_ugv_gazebo' with type 'ros.ament_cmake' and name 'ros_gz_ugv_gazebo'
[0.330s] Level 1:colcon.colcon_core.package_discovery:discover_packages(recursive) using defaults
[0.330s] Level 1:colcon.colcon_core.package_discovery:discover_packages(ignore) discover
[0.330s] Level 1:colcon.colcon_core.package_discovery:discover_packages(ignore) using defaults
[0.330s] Level 1:colcon.colcon_core.package_discovery:discover_packages(path) discover
[0.330s] Level 1:colcon.colcon_core.package_discovery:discover_packages(path) using defaults
[0.349s] Level 1:colcon.colcon_core.package_discovery:discover_packages(prefix_path) check parameters
[0.349s] Level 1:colcon.colcon_core.package_discovery:discover_packages(prefix_path) discover
[0.353s] DEBUG:colcon.colcon_installed_package_information.package_discovery:Found 414 installed packages in /opt/ros/jazzy
[0.354s] Level 1:colcon.colcon_core.package_discovery:discover_packages(prefix_path) using defaults
[0.447s] Level 5:colcon.colcon_core.verb:set package 'ros_gz_ugv_application' build argument 'cmake_args' from command line to 'None'
[0.447s] Level 5:colcon.colcon_core.verb:set package 'ros_gz_ugv_application' build argument 'cmake_target' from command line to 'None'
[0.447s] Level 5:colcon.colcon_core.verb:set package 'ros_gz_ugv_application' build argument 'cmake_target_skip_unavailable' from command line to 'False'
[0.447s] Level 5:colcon.colcon_core.verb:set package 'ros_gz_ugv_application' build argument 'cmake_clean_cache' from command line to 'False'
[0.447s] Level 5:colcon.colcon_core.verb:set package 'ros_gz_ugv_application' build argument 'cmake_clean_first' from command line to 'False'
[0.447s] Level 5:colcon.colcon_core.verb:set package 'ros_gz_ugv_application' build argument 'cmake_force_configure' from command line to 'False'
[0.447s] Level 5:colcon.colcon_core.verb:set package 'ros_gz_ugv_application' build argument 'ament_cmake_args' from command line to 'None'
[0.447s] Level 5:colcon.colcon_core.verb:set package 'ros_gz_ugv_application' build argument 'catkin_cmake_args' from command line to 'None'
[0.447s] Level 5:colcon.colcon_core.verb:set package 'ros_gz_ugv_application' build argument 'catkin_skip_building_tests' from command line to 'False'
[0.447s] DEBUG:colcon.colcon_core.verb:Building package 'ros_gz_ugv_application' with the following arguments: {'ament_cmake_args': None, 'build_base': '/home/chen/ros_gz_ugv_ws/build/ros_gz_ugv_application', 'catkin_cmake_args': None, 'catkin_skip_building_tests': False, 'cmake_args': None, 'cmake_clean_cache': False, 'cmake_clean_first': False, 'cmake_force_configure': False, 'cmake_target': None, 'cmake_target_skip_unavailable': False, 'install_base': '/home/chen/ros_gz_ugv_ws/install/ros_gz_ugv_application', 'merge_install': False, 'path': '/home/chen/ros_gz_ugv_ws/src/ros_gz_ugv/ros_gz_ugv_application', 'symlink_install': False, 'test_result_base': None}
[0.447s] Level 5:colcon.colcon_core.verb:set package 'ros_gz_ugv_description' build argument 'cmake_args' from command line to 'None'
[0.447s] Level 5:colcon.colcon_core.verb:set package 'ros_gz_ugv_description' build argument 'cmake_target' from command line to 'None'
[0.447s] Level 5:colcon.colcon_core.verb:set package 'ros_gz_ugv_description' build argument 'cmake_target_skip_unavailable' from command line to 'False'
[0.447s] Level 5:colcon.colcon_core.verb:set package 'ros_gz_ugv_description' build argument 'cmake_clean_cache' from command line to 'False'
[0.447s] Level 5:colcon.colcon_core.verb:set package 'ros_gz_ugv_description' build argument 'cmake_clean_first' from command line to 'False'
[0.447s] Level 5:colcon.colcon_core.verb:set package 'ros_gz_ugv_description' build argument 'cmake_force_configure' from command line to 'False'
[0.447s] Level 5:colcon.colcon_core.verb:set package 'ros_gz_ugv_description' build argument 'ament_cmake_args' from command line to 'None'
[0.447s] Level 5:colcon.colcon_core.verb:set package 'ros_gz_ugv_description' build argument 'catkin_cmake_args' from command line to 'None'
[0.447s] Level 5:colcon.colcon_core.verb:set package 'ros_gz_ugv_description' build argument 'catkin_skip_building_tests' from command line to 'False'
[0.447s] DEBUG:colcon.colcon_core.verb:Building package 'ros_gz_ugv_description' with the following arguments: {'ament_cmake_args': None, 'build_base': '/home/chen/ros_gz_ugv_ws/build/ros_gz_ugv_description', 'catkin_cmake_args': None, 'catkin_skip_building_tests': False, 'cmake_args': None, 'cmake_clean_cache': False, 'cmake_clean_first': False, 'cmake_force_configure': False, 'cmake_target': None, 'cmake_target_skip_unavailable': False, 'install_base': '/home/chen/ros_gz_ugv_ws/install/ros_gz_ugv_description', 'merge_install': False, 'path': '/home/chen/ros_gz_ugv_ws/src/ros_gz_ugv/ros_gz_ugv_description', 'symlink_install': False, 'test_result_base': None}
[0.447s] Level 5:colcon.colcon_core.verb:set package 'ros_gz_ugv_gazebo' build argument 'cmake_args' from command line to 'None'
[0.447s] Level 5:colcon.colcon_core.verb:set package 'ros_gz_ugv_gazebo' build argument 'cmake_target' from command line to 'None'
[0.447s] Level 5:colcon.colcon_core.verb:set package 'ros_gz_ugv_gazebo' build argument 'cmake_target_skip_unavailable' from command line to 'False'
[0.447s] Level 5:colcon.colcon_core.verb:set package 'ros_gz_ugv_gazebo' build argument 'cmake_clean_cache' from command line to 'False'
[0.447s] Level 5:colcon.colcon_core.verb:set package 'ros_gz_ugv_gazebo' build argument 'cmake_clean_first' from command line to 'False'
[0.447s] Level 5:colcon.colcon_core.verb:set package 'ros_gz_ugv_gazebo' build argument 'cmake_force_configure' from command line to 'False'
[0.447s] Level 5:colcon.colcon_core.verb:set package 'ros_gz_ugv_gazebo' build argument 'ament_cmake_args' from command line to 'None'
[0.447s] Level 5:colcon.colcon_core.verb:set package 'ros_gz_ugv_gazebo' build argument 'catkin_cmake_args' from command line to 'None'
[0.447s] Level 5:colcon.colcon_core.verb:set package 'ros_gz_ugv_gazebo' build argument 'catkin_skip_building_tests' from command line to 'False'
[0.447s] DEBUG:colcon.colcon_core.verb:Building package 'ros_gz_ugv_gazebo' with the following arguments: {'ament_cmake_args': None, 'build_base': '/home/chen/ros_gz_ugv_ws/build/ros_gz_ugv_gazebo', 'catkin_cmake_args': None, 'catkin_skip_building_tests': False, 'cmake_args': None, 'cmake_clean_cache': False, 'cmake_clean_first': False, 'cmake_force_configure': False, 'cmake_target': None, 'cmake_target_skip_unavailable': False, 'install_base': '/home/chen/ros_gz_ugv_ws/install/ros_gz_ugv_gazebo', 'merge_install': False, 'path': '/home/chen/ros_gz_ugv_ws/src/ros_gz_ugv/ros_gz_ugv_gazebo', 'symlink_install': False, 'test_result_base': None}
[0.447s] Level 5:colcon.colcon_core.verb:set package 'ros_gz_ugv_bringup' build argument 'cmake_args' from command line to 'None'
[0.447s] Level 5:colcon.colcon_core.verb:set package 'ros_gz_ugv_bringup' build argument 'cmake_target' from command line to 'None'
[0.447s] Level 5:colcon.colcon_core.verb:set package 'ros_gz_ugv_bringup' build argument 'cmake_target_skip_unavailable' from command line to 'False'
[0.447s] Level 5:colcon.colcon_core.verb:set package 'ros_gz_ugv_bringup' build argument 'cmake_clean_cache' from command line to 'False'
[0.447s] Level 5:colcon.colcon_core.verb:set package 'ros_gz_ugv_bringup' build argument 'cmake_clean_first' from command line to 'False'
[0.447s] Level 5:colcon.colcon_core.verb:set package 'ros_gz_ugv_bringup' build argument 'cmake_force_configure' from command line to 'False'
[0.447s] Level 5:colcon.colcon_core.verb:set package 'ros_gz_ugv_bringup' build argument 'ament_cmake_args' from command line to 'None'
[0.447s] Level 5:colcon.colcon_core.verb:set package 'ros_gz_ugv_bringup' build argument 'catkin_cmake_args' from command line to 'None'
[0.447s] Level 5:colcon.colcon_core.verb:set package 'ros_gz_ugv_bringup' build argument 'catkin_skip_building_tests' from command line to 'False'
[0.447s] DEBUG:colcon.colcon_core.verb:Building package 'ros_gz_ugv_bringup' with the following arguments: {'ament_cmake_args': None, 'build_base': '/home/chen/ros_gz_ugv_ws/build/ros_gz_ugv_bringup', 'catkin_cmake_args': None, 'catkin_skip_building_tests': False, 'cmake_args': None, 'cmake_clean_cache': False, 'cmake_clean_first': False, 'cmake_force_configure': False, 'cmake_target': None, 'cmake_target_skip_unavailable': False, 'install_base': '/home/chen/ros_gz_ugv_ws/install/ros_gz_ugv_bringup', 'merge_install': False, 'path': '/home/chen/ros_gz_ugv_ws/src/ros_gz_ugv/ros_gz_ugv_bringup', 'symlink_install': False, 'test_result_base': None}
[0.447s] INFO:colcon.colcon_core.executor:Executing jobs using 'parallel' executor
[0.448s] DEBUG:colcon.colcon_parallel_executor.executor.parallel:run_until_complete
[0.448s] INFO:colcon.colcon_ros.task.ament_cmake.build:Building ROS package in '/home/chen/ros_gz_ugv_ws/src/ros_gz_ugv/ros_gz_ugv_description' with build type 'ament_cmake'
[0.448s] INFO:colcon.colcon_cmake.task.cmake.build:Building CMake package in '/home/chen/ros_gz_ugv_ws/src/ros_gz_ugv/ros_gz_ugv_description'
[0.453s] INFO:colcon.colcon_core.plugin_system:Skipping extension 'colcon_core.shell.bat': Not used on non-Windows systems
[0.453s] INFO:colcon.colcon_core.shell:Skip shell extension 'powershell' for command environment: Not usable outside of PowerShell
[0.453s] DEBUG:colcon.colcon_core.shell:Skip shell extension 'dsv' for command environment
[0.455s] INFO:colcon.colcon_ros.task.ament_cmake.build:Building ROS package in '/home/chen/ros_gz_ugv_ws/src/ros_gz_ugv/ros_gz_ugv_application' with build type 'ament_cmake'
[0.455s] INFO:colcon.colcon_cmake.task.cmake.build:Building CMake package in '/home/chen/ros_gz_ugv_ws/src/ros_gz_ugv/ros_gz_ugv_application'
[0.455s] INFO:colcon.colcon_core.shell:Skip shell extension 'powershell' for command environment: Not usable outside of PowerShell
[0.455s] DEBUG:colcon.colcon_core.shell:Skip shell extension 'dsv' for command environment
[0.460s] DEBUG:colcon.colcon_core.event_handler.log_command:Invoking command in '/home/chen/ros_gz_ugv_ws/build/ros_gz_ugv_description': CMAKE_PREFIX_PATH=${CMAKE_PREFIX_PATH}:/opt/ros/jazzy /usr/bin/cmake /home/chen/ros_gz_ugv_ws/src/ros_gz_ugv/ros_gz_ugv_description -DCMAKE_INSTALL_PREFIX=/home/chen/ros_gz_ugv_ws/install/ros_gz_ugv_description
[0.464s] DEBUG:colcon.colcon_core.event_handler.log_command:Invoking command in '/home/chen/ros_gz_ugv_ws/build/ros_gz_ugv_application': CMAKE_PREFIX_PATH=${CMAKE_PREFIX_PATH}:/opt/ros/jazzy /usr/bin/cmake /home/chen/ros_gz_ugv_ws/src/ros_gz_ugv/ros_gz_ugv_application -DCMAKE_INSTALL_PREFIX=/home/chen/ros_gz_ugv_ws/install/ros_gz_ugv_application
[1.967s] DEBUG:colcon.colcon_core.event_handler.log_command:Invoked command in '/home/chen/ros_gz_ugv_ws/build/ros_gz_ugv_application' returned '0': CMAKE_PREFIX_PATH=${CMAKE_PREFIX_PATH}:/opt/ros/jazzy /usr/bin/cmake /home/chen/ros_gz_ugv_ws/src/ros_gz_ugv/ros_gz_ugv_application -DCMAKE_INSTALL_PREFIX=/home/chen/ros_gz_ugv_ws/install/ros_gz_ugv_application
[1.969s] DEBUG:colcon.colcon_core.event_handler.log_command:Invoking command in '/home/chen/ros_gz_ugv_ws/build/ros_gz_ugv_application': CMAKE_PREFIX_PATH=${CMAKE_PREFIX_PATH}:/opt/ros/jazzy /usr/bin/cmake --build /home/chen/ros_gz_ugv_ws/build/ros_gz_ugv_application -- -j28 -l28
[1.969s] DEBUG:colcon.colcon_core.event_handler.log_command:Invoked command in '/home/chen/ros_gz_ugv_ws/build/ros_gz_ugv_description' returned '0': CMAKE_PREFIX_PATH=${CMAKE_PREFIX_PATH}:/opt/ros/jazzy /usr/bin/cmake /home/chen/ros_gz_ugv_ws/src/ros_gz_ugv/ros_gz_ugv_description -DCMAKE_INSTALL_PREFIX=/home/chen/ros_gz_ugv_ws/install/ros_gz_ugv_description
[1.969s] DEBUG:colcon.colcon_core.event_handler.log_command:Invoking command in '/home/chen/ros_gz_ugv_ws/build/ros_gz_ugv_description': CMAKE_PREFIX_PATH=${CMAKE_PREFIX_PATH}:/opt/ros/jazzy /usr/bin/cmake --build /home/chen/ros_gz_ugv_ws/build/ros_gz_ugv_description -- -j28 -l28
[1.986s] DEBUG:colcon.colcon_core.event_handler.log_command:Invoked command in '/home/chen/ros_gz_ugv_ws/build/ros_gz_ugv_application' returned '0': CMAKE_PREFIX_PATH=${CMAKE_PREFIX_PATH}:/opt/ros/jazzy /usr/bin/cmake --build /home/chen/ros_gz_ugv_ws/build/ros_gz_ugv_application -- -j28 -l28
[1.990s] DEBUG:colcon.colcon_core.event_handler.log_command:Invoking command in '/home/chen/ros_gz_ugv_ws/build/ros_gz_ugv_application': CMAKE_PREFIX_PATH=${CMAKE_PREFIX_PATH}:/opt/ros/jazzy /usr/bin/cmake --install /home/chen/ros_gz_ugv_ws/build/ros_gz_ugv_application
[1.991s] DEBUG:colcon.colcon_core.event_handler.log_command:Invoked command in '/home/chen/ros_gz_ugv_ws/build/ros_gz_ugv_description' returned '0': CMAKE_PREFIX_PATH=${CMAKE_PREFIX_PATH}:/opt/ros/jazzy /usr/bin/cmake --build /home/chen/ros_gz_ugv_ws/build/ros_gz_ugv_description -- -j28 -l28
[1.992s] DEBUG:colcon.colcon_core.event_handler.log_command:Invoking command in '/home/chen/ros_gz_ugv_ws/build/ros_gz_ugv_description': CMAKE_PREFIX_PATH=${CMAKE_PREFIX_PATH}:/opt/ros/jazzy /usr/bin/cmake --install /home/chen/ros_gz_ugv_ws/build/ros_gz_ugv_description
[1.996s] Level 1:colcon.colcon_core.environment:create_environment_scripts_only(ros_gz_ugv_application)
[1.996s] DEBUG:colcon.colcon_core.event_handler.log_command:Invoked command in '/home/chen/ros_gz_ugv_ws/build/ros_gz_ugv_application' returned '0': CMAKE_PREFIX_PATH=${CMAKE_PREFIX_PATH}:/opt/ros/jazzy /usr/bin/cmake --install /home/chen/ros_gz_ugv_ws/build/ros_gz_ugv_application
[2.002s] Level 1:colcon.colcon_core.environment:checking '/home/chen/ros_gz_ugv_ws/install/ros_gz_ugv_application' for CMake module files
[2.002s] Level 1:colcon.colcon_core.environment:checking '/home/chen/ros_gz_ugv_ws/install/ros_gz_ugv_application' for CMake config files
[2.002s] Level 1:colcon.colcon_core.shell:create_environment_hook('ros_gz_ugv_application', 'cmake_prefix_path')
[2.002s] INFO:colcon.colcon_core.shell:Creating environment hook '/home/chen/ros_gz_ugv_ws/install/ros_gz_ugv_application/share/ros_gz_ugv_application/hook/cmake_prefix_path.ps1'
[2.003s] INFO:colcon.colcon_core.shell:Creating environment descriptor '/home/chen/ros_gz_ugv_ws/install/ros_gz_ugv_application/share/ros_gz_ugv_application/hook/cmake_prefix_path.dsv'
[2.003s] INFO:colcon.colcon_core.shell:Creating environment hook '/home/chen/ros_gz_ugv_ws/install/ros_gz_ugv_application/share/ros_gz_ugv_application/hook/cmake_prefix_path.sh'
[2.004s] Level 1:colcon.colcon_core.environment:checking '/home/chen/ros_gz_ugv_ws/install/ros_gz_ugv_application/bin'
[2.004s] Level 1:colcon.colcon_core.environment:checking '/home/chen/ros_gz_ugv_ws/install/ros_gz_ugv_application/lib/pkgconfig/ros_gz_ugv_application.pc'
[2.004s] Level 1:colcon.colcon_core.environment:checking '/home/chen/ros_gz_ugv_ws/install/ros_gz_ugv_application/lib/python3.12/site-packages'
[2.004s] Level 1:colcon.colcon_core.environment:checking '/home/chen/ros_gz_ugv_ws/install/ros_gz_ugv_application/bin'
[2.004s] INFO:colcon.colcon_core.shell:Creating package script '/home/chen/ros_gz_ugv_ws/install/ros_gz_ugv_application/share/ros_gz_ugv_application/package.ps1'
[2.005s] INFO:colcon.colcon_core.shell:Creating package descriptor '/home/chen/ros_gz_ugv_ws/install/ros_gz_ugv_application/share/ros_gz_ugv_application/package.dsv'
[2.005s] INFO:colcon.colcon_core.shell:Creating package script '/home/chen/ros_gz_ugv_ws/install/ros_gz_ugv_application/share/ros_gz_ugv_application/package.sh'
[2.005s] INFO:colcon.colcon_core.shell:Creating package script '/home/chen/ros_gz_ugv_ws/install/ros_gz_ugv_application/share/ros_gz_ugv_application/package.bash'
[2.006s] INFO:colcon.colcon_core.shell:Creating package script '/home/chen/ros_gz_ugv_ws/install/ros_gz_ugv_application/share/ros_gz_ugv_application/package.zsh'
[2.006s] Level 1:colcon.colcon_core.environment:create_file_with_runtime_dependencies(/home/chen/ros_gz_ugv_ws/install/ros_gz_ugv_application/share/colcon-core/packages/ros_gz_ugv_application)
[2.007s] Level 1:colcon.colcon_core.environment:create_environment_scripts_only(ros_gz_ugv_application)
[2.007s] Level 1:colcon.colcon_core.environment:checking '/home/chen/ros_gz_ugv_ws/install/ros_gz_ugv_application' for CMake module files
[2.007s] Level 1:colcon.colcon_core.environment:checking '/home/chen/ros_gz_ugv_ws/install/ros_gz_ugv_application' for CMake config files
[2.007s] Level 1:colcon.colcon_core.shell:create_environment_hook('ros_gz_ugv_application', 'cmake_prefix_path')
[2.007s] INFO:colcon.colcon_core.shell:Creating environment hook '/home/chen/ros_gz_ugv_ws/install/ros_gz_ugv_application/share/ros_gz_ugv_application/hook/cmake_prefix_path.ps1'
[2.007s] INFO:colcon.colcon_core.shell:Creating environment descriptor '/home/chen/ros_gz_ugv_ws/install/ros_gz_ugv_application/share/ros_gz_ugv_application/hook/cmake_prefix_path.dsv'
[2.008s] INFO:colcon.colcon_core.shell:Creating environment hook '/home/chen/ros_gz_ugv_ws/install/ros_gz_ugv_application/share/ros_gz_ugv_application/hook/cmake_prefix_path.sh'
[2.008s] Level 1:colcon.colcon_core.environment:checking '/home/chen/ros_gz_ugv_ws/install/ros_gz_ugv_application/bin'
[2.008s] Level 1:colcon.colcon_core.environment:checking '/home/chen/ros_gz_ugv_ws/install/ros_gz_ugv_application/lib/pkgconfig/ros_gz_ugv_application.pc'
[2.008s] Level 1:colcon.colcon_core.environment:checking '/home/chen/ros_gz_ugv_ws/install/ros_gz_ugv_application/lib/python3.12/site-packages'
[2.008s] Level 1:colcon.colcon_core.environment:checking '/home/chen/ros_gz_ugv_ws/install/ros_gz_ugv_application/bin'
[2.008s] INFO:colcon.colcon_core.shell:Creating package script '/home/chen/ros_gz_ugv_ws/install/ros_gz_ugv_application/share/ros_gz_ugv_application/package.ps1'
[2.009s] INFO:colcon.colcon_core.shell:Creating package descriptor '/home/chen/ros_gz_ugv_ws/install/ros_gz_ugv_application/share/ros_gz_ugv_application/package.dsv'
[2.009s] INFO:colcon.colcon_core.shell:Creating package script '/home/chen/ros_gz_ugv_ws/install/ros_gz_ugv_application/share/ros_gz_ugv_application/package.sh'
[2.009s] INFO:colcon.colcon_core.shell:Creating package script '/home/chen/ros_gz_ugv_ws/install/ros_gz_ugv_application/share/ros_gz_ugv_application/package.bash'
[2.009s] INFO:colcon.colcon_core.shell:Creating package script '/home/chen/ros_gz_ugv_ws/install/ros_gz_ugv_application/share/ros_gz_ugv_application/package.zsh'
[2.009s] Level 1:colcon.colcon_core.environment:create_file_with_runtime_dependencies(/home/chen/ros_gz_ugv_ws/install/ros_gz_ugv_application/share/colcon-core/packages/ros_gz_ugv_application)
[2.010s] Level 1:colcon.colcon_core.environment:create_environment_scripts_only(ros_gz_ugv_description)
[2.010s] DEBUG:colcon.colcon_core.event_handler.log_command:Invoked command in '/home/chen/ros_gz_ugv_ws/build/ros_gz_ugv_description' returned '0': CMAKE_PREFIX_PATH=${CMAKE_PREFIX_PATH}:/opt/ros/jazzy /usr/bin/cmake --install /home/chen/ros_gz_ugv_ws/build/ros_gz_ugv_description
[2.010s] Level 1:colcon.colcon_core.environment:checking '/home/chen/ros_gz_ugv_ws/install/ros_gz_ugv_description' for CMake module files
[2.011s] Level 1:colcon.colcon_core.environment:checking '/home/chen/ros_gz_ugv_ws/install/ros_gz_ugv_description' for CMake config files
[2.011s] Level 1:colcon.colcon_core.shell:create_environment_hook('ros_gz_ugv_description', 'cmake_prefix_path')
[2.011s] INFO:colcon.colcon_core.shell:Creating environment hook '/home/chen/ros_gz_ugv_ws/install/ros_gz_ugv_description/share/ros_gz_ugv_description/hook/cmake_prefix_path.ps1'
[2.011s] INFO:colcon.colcon_core.shell:Creating environment descriptor '/home/chen/ros_gz_ugv_ws/install/ros_gz_ugv_description/share/ros_gz_ugv_description/hook/cmake_prefix_path.dsv'
[2.011s] INFO:colcon.colcon_core.shell:Creating environment hook '/home/chen/ros_gz_ugv_ws/install/ros_gz_ugv_description/share/ros_gz_ugv_description/hook/cmake_prefix_path.sh'
[2.011s] Level 1:colcon.colcon_core.environment:checking '/home/chen/ros_gz_ugv_ws/install/ros_gz_ugv_description/bin'
[2.012s] Level 1:colcon.colcon_core.environment:checking '/home/chen/ros_gz_ugv_ws/install/ros_gz_ugv_description/lib/pkgconfig/ros_gz_ugv_description.pc'
[2.012s] Level 1:colcon.colcon_core.environment:checking '/home/chen/ros_gz_ugv_ws/install/ros_gz_ugv_description/lib/python3.12/site-packages'
[2.012s] Level 1:colcon.colcon_core.environment:checking '/home/chen/ros_gz_ugv_ws/install/ros_gz_ugv_description/bin'
[2.012s] INFO:colcon.colcon_core.shell:Creating package script '/home/chen/ros_gz_ugv_ws/install/ros_gz_ugv_description/share/ros_gz_ugv_description/package.ps1'
[2.012s] INFO:colcon.colcon_core.shell:Creating package descriptor '/home/chen/ros_gz_ugv_ws/install/ros_gz_ugv_description/share/ros_gz_ugv_description/package.dsv'
[2.012s] INFO:colcon.colcon_core.shell:Creating package script '/home/chen/ros_gz_ugv_ws/install/ros_gz_ugv_description/share/ros_gz_ugv_description/package.sh'
[2.012s] INFO:colcon.colcon_core.shell:Creating package script '/home/chen/ros_gz_ugv_ws/install/ros_gz_ugv_description/share/ros_gz_ugv_description/package.bash'
[2.012s] INFO:colcon.colcon_core.shell:Creating package script '/home/chen/ros_gz_ugv_ws/install/ros_gz_ugv_description/share/ros_gz_ugv_description/package.zsh'
[2.013s] Level 1:colcon.colcon_core.environment:create_file_with_runtime_dependencies(/home/chen/ros_gz_ugv_ws/install/ros_gz_ugv_description/share/colcon-core/packages/ros_gz_ugv_description)
[2.013s] Level 1:colcon.colcon_core.environment:create_environment_scripts_only(ros_gz_ugv_description)
[2.013s] Level 1:colcon.colcon_core.environment:checking '/home/chen/ros_gz_ugv_ws/install/ros_gz_ugv_description' for CMake module files
[2.013s] Level 1:colcon.colcon_core.environment:checking '/home/chen/ros_gz_ugv_ws/install/ros_gz_ugv_description' for CMake config files
[2.013s] Level 1:colcon.colcon_core.shell:create_environment_hook('ros_gz_ugv_description', 'cmake_prefix_path')
[2.013s] INFO:colcon.colcon_core.shell:Creating environment hook '/home/chen/ros_gz_ugv_ws/install/ros_gz_ugv_description/share/ros_gz_ugv_description/hook/cmake_prefix_path.ps1'
[2.014s] INFO:colcon.colcon_core.shell:Creating environment descriptor '/home/chen/ros_gz_ugv_ws/install/ros_gz_ugv_description/share/ros_gz_ugv_description/hook/cmake_prefix_path.dsv'
[2.014s] INFO:colcon.colcon_core.shell:Creating environment hook '/home/chen/ros_gz_ugv_ws/install/ros_gz_ugv_description/share/ros_gz_ugv_description/hook/cmake_prefix_path.sh'
[2.014s] Level 1:colcon.colcon_core.environment:checking '/home/chen/ros_gz_ugv_ws/install/ros_gz_ugv_description/bin'
[2.014s] Level 1:colcon.colcon_core.environment:checking '/home/chen/ros_gz_ugv_ws/install/ros_gz_ugv_description/lib/pkgconfig/ros_gz_ugv_description.pc'
[2.014s] Level 1:colcon.colcon_core.environment:checking '/home/chen/ros_gz_ugv_ws/install/ros_gz_ugv_description/lib/python3.12/site-packages'
[2.014s] Level 1:colcon.colcon_core.environment:checking '/home/chen/ros_gz_ugv_ws/install/ros_gz_ugv_description/bin'
[2.014s] INFO:colcon.colcon_core.shell:Creating package script '/home/chen/ros_gz_ugv_ws/install/ros_gz_ugv_description/share/ros_gz_ugv_description/package.ps1'
[2.015s] INFO:colcon.colcon_core.shell:Creating package descriptor '/home/chen/ros_gz_ugv_ws/install/ros_gz_ugv_description/share/ros_gz_ugv_description/package.dsv'
[2.015s] INFO:colcon.colcon_core.shell:Creating package script '/home/chen/ros_gz_ugv_ws/install/ros_gz_ugv_description/share/ros_gz_ugv_description/package.sh'
[2.015s] INFO:colcon.colcon_core.shell:Creating package script '/home/chen/ros_gz_ugv_ws/install/ros_gz_ugv_description/share/ros_gz_ugv_description/package.bash'
[2.015s] INFO:colcon.colcon_core.shell:Creating package script '/home/chen/ros_gz_ugv_ws/install/ros_gz_ugv_description/share/ros_gz_ugv_description/package.zsh'
[2.015s] Level 1:colcon.colcon_core.environment:create_file_with_runtime_dependencies(/home/chen/ros_gz_ugv_ws/install/ros_gz_ugv_description/share/colcon-core/packages/ros_gz_ugv_description)
[2.015s] INFO:colcon.colcon_ros.task.ament_cmake.build:Building ROS package in '/home/chen/ros_gz_ugv_ws/src/ros_gz_ugv/ros_gz_ugv_gazebo' with build type 'ament_cmake'
[2.016s] INFO:colcon.colcon_cmake.task.cmake.build:Building CMake package in '/home/chen/ros_gz_ugv_ws/src/ros_gz_ugv/ros_gz_ugv_gazebo'
[2.016s] INFO:colcon.colcon_core.shell:Skip shell extension 'powershell' for command environment: Not usable outside of PowerShell
[2.016s] DEBUG:colcon.colcon_core.shell:Skip shell extension 'dsv' for command environment
[2.044s] DEBUG:colcon.colcon_core.event_handler.log_command:Invoking command in '/home/chen/ros_gz_ugv_ws/build/ros_gz_ugv_gazebo': AMENT_PREFIX_PATH=/home/chen/ros_gz_ugv_ws/install/ros_gz_ugv_description:${AMENT_PREFIX_PATH} CMAKE_PREFIX_PATH=/home/chen/ros_gz_ugv_ws/install/ros_gz_ugv_description:/opt/ros/jazzy/opt/gz_sim_vendor:/opt/ros/jazzy/opt/gz_sensors_vendor:/opt/ros/jazzy/opt/gz_physics_vendor:/opt/ros/jazzy/opt/sdformat_vendor:/opt/ros/jazzy/opt/gz_gui_vendor:/opt/ros/jazzy/opt/gz_transport_vendor:/opt/ros/jazzy/opt/gz_rendering_vendor:/opt/ros/jazzy/opt/gz_plugin_vendor:/opt/ros/jazzy/opt/gz_fuel_tools_vendor:/opt/ros/jazzy/opt/gz_msgs_vendor:/opt/ros/jazzy/opt/gz_common_vendor:/opt/ros/jazzy/opt/gz_math_vendor:/opt/ros/jazzy/opt/gz_utils_vendor:/opt/ros/jazzy/opt/gz_tools_vendor:/opt/ros/jazzy/opt/gz_ogre_next_vendor:/opt/ros/jazzy/opt/gz_dartsim_vendor:/opt/ros/jazzy/opt/gz_cmake_vendor:/opt/ros/jazzy GZ_SIM_RESOURCE_PATH=/home/chen/ros_gz_ugv_ws/install/ros_gz_ugv_description/share/ros_gz_ugv_description/models /usr/bin/cmake /home/chen/ros_gz_ugv_ws/src/ros_gz_ugv/ros_gz_ugv_gazebo -DCMAKE_INSTALL_PREFIX=/home/chen/ros_gz_ugv_ws/install/ros_gz_ugv_gazebo
[4.020s] DEBUG:colcon.colcon_core.event_handler.log_command:Invoked command in '/home/chen/ros_gz_ugv_ws/build/ros_gz_ugv_gazebo' returned '1': AMENT_PREFIX_PATH=/home/chen/ros_gz_ugv_ws/install/ros_gz_ugv_description:${AMENT_PREFIX_PATH} CMAKE_PREFIX_PATH=/home/chen/ros_gz_ugv_ws/install/ros_gz_ugv_description:/opt/ros/jazzy/opt/gz_sim_vendor:/opt/ros/jazzy/opt/gz_sensors_vendor:/opt/ros/jazzy/opt/gz_physics_vendor:/opt/ros/jazzy/opt/sdformat_vendor:/opt/ros/jazzy/opt/gz_gui_vendor:/opt/ros/jazzy/opt/gz_transport_vendor:/opt/ros/jazzy/opt/gz_rendering_vendor:/opt/ros/jazzy/opt/gz_plugin_vendor:/opt/ros/jazzy/opt/gz_fuel_tools_vendor:/opt/ros/jazzy/opt/gz_msgs_vendor:/opt/ros/jazzy/opt/gz_common_vendor:/opt/ros/jazzy/opt/gz_math_vendor:/opt/ros/jazzy/opt/gz_utils_vendor:/opt/ros/jazzy/opt/gz_tools_vendor:/opt/ros/jazzy/opt/gz_ogre_next_vendor:/opt/ros/jazzy/opt/gz_dartsim_vendor:/opt/ros/jazzy/opt/gz_cmake_vendor:/opt/ros/jazzy GZ_SIM_RESOURCE_PATH=/home/chen/ros_gz_ugv_ws/install/ros_gz_ugv_description/share/ros_gz_ugv_description/models /usr/bin/cmake /home/chen/ros_gz_ugv_ws/src/ros_gz_ugv/ros_gz_ugv_gazebo -DCMAKE_INSTALL_PREFIX=/home/chen/ros_gz_ugv_ws/install/ros_gz_ugv_gazebo
[4.026s] Level 1:colcon.colcon_core.environment:create_environment_scripts_only(ros_gz_ugv_gazebo)
[4.026s] Level 1:colcon.colcon_core.environment:checking '/home/chen/ros_gz_ugv_ws/install/ros_gz_ugv_gazebo' for CMake module files
[4.027s] Level 1:colcon.colcon_core.environment:checking '/home/chen/ros_gz_ugv_ws/install/ros_gz_ugv_gazebo' for CMake config files
[4.027s] Level 1:colcon.colcon_core.environment:checking '/home/chen/ros_gz_ugv_ws/install/ros_gz_ugv_gazebo/bin'
[4.027s] Level 1:colcon.colcon_core.environment:checking '/home/chen/ros_gz_ugv_ws/install/ros_gz_ugv_gazebo/lib/pkgconfig/ros_gz_ugv_gazebo.pc'
[4.027s] Level 1:colcon.colcon_core.environment:checking '/home/chen/ros_gz_ugv_ws/install/ros_gz_ugv_gazebo/lib/python3.12/site-packages'
[4.027s] Level 1:colcon.colcon_core.environment:checking '/home/chen/ros_gz_ugv_ws/install/ros_gz_ugv_gazebo/bin'
[4.027s] INFO:colcon.colcon_core.shell:Creating package script '/home/chen/ros_gz_ugv_ws/install/ros_gz_ugv_gazebo/share/ros_gz_ugv_gazebo/package.ps1'
[4.028s] INFO:colcon.colcon_core.shell:Creating package descriptor '/home/chen/ros_gz_ugv_ws/install/ros_gz_ugv_gazebo/share/ros_gz_ugv_gazebo/package.dsv'
[4.028s] INFO:colcon.colcon_core.shell:Creating package script '/home/chen/ros_gz_ugv_ws/install/ros_gz_ugv_gazebo/share/ros_gz_ugv_gazebo/package.sh'
[4.028s] INFO:colcon.colcon_core.shell:Creating package script '/home/chen/ros_gz_ugv_ws/install/ros_gz_ugv_gazebo/share/ros_gz_ugv_gazebo/package.bash'
[4.028s] INFO:colcon.colcon_core.shell:Creating package script '/home/chen/ros_gz_ugv_ws/install/ros_gz_ugv_gazebo/share/ros_gz_ugv_gazebo/package.zsh'
[4.028s] Level 1:colcon.colcon_core.environment:create_file_with_runtime_dependencies(/home/chen/ros_gz_ugv_ws/install/ros_gz_ugv_gazebo/share/colcon-core/packages/ros_gz_ugv_gazebo)
[4.038s] DEBUG:colcon.colcon_parallel_executor.executor.parallel:closing loop
[4.038s] DEBUG:colcon.colcon_parallel_executor.executor.parallel:loop closed
[4.038s] DEBUG:colcon.colcon_parallel_executor.executor.parallel:run_until_complete finished with '1'
[4.039s] DEBUG:colcon.colcon_core.event_reactor:joining thread
[4.146s] INFO:colcon.colcon_core.plugin_system:Skipping extension 'colcon_notification.desktop_notification.notify_send': Could not find 'notify-send'
[4.146s] INFO:colcon.colcon_core.plugin_system:Skipping extension 'colcon_notification.desktop_notification.terminal_notifier': Not used on non-Darwin systems
[4.146s] INFO:colcon.colcon_core.plugin_system:Skipping extension 'colcon_notification.desktop_notification.win32': Not used on non-Windows systems
[4.146s] INFO:colcon.colcon_notification.desktop_notification:Sending desktop notification using 'notify2'
[4.158s] DEBUG:colcon.colcon_notification.desktop_notification.notify2:Failed to initialize notify2: org.freedesktop.DBus.Error.ServiceUnknown: The name org.freedesktop.Notifications was not provided by any .service files
[4.158s] DEBUG:colcon.colcon_core.event_reactor:joined thread
[4.158s] INFO:colcon.colcon_core.shell:Creating prefix script '/home/chen/ros_gz_ugv_ws/install/local_setup.ps1'
[4.159s] INFO:colcon.colcon_core.shell:Creating prefix util module '/home/chen/ros_gz_ugv_ws/install/_local_setup_util_ps1.py'
[4.159s] INFO:colcon.colcon_core.shell:Creating prefix chain script '/home/chen/ros_gz_ugv_ws/install/setup.ps1'
[4.160s] INFO:colcon.colcon_core.shell:Creating prefix script '/home/chen/ros_gz_ugv_ws/install/local_setup.sh'
[4.160s] INFO:colcon.colcon_core.shell:Creating prefix util module '/home/chen/ros_gz_ugv_ws/install/_local_setup_util_sh.py'
[4.160s] INFO:colcon.colcon_core.shell:Creating prefix chain script '/home/chen/ros_gz_ugv_ws/install/setup.sh'
[4.161s] INFO:colcon.colcon_core.shell:Creating prefix script '/home/chen/ros_gz_ugv_ws/install/local_setup.bash'
[4.162s] INFO:colcon.colcon_core.shell:Creating prefix chain script '/home/chen/ros_gz_ugv_ws/install/setup.bash'
[4.162s] INFO:colcon.colcon_core.shell:Creating prefix script '/home/chen/ros_gz_ugv_ws/install/local_setup.zsh'
[4.162s] INFO:colcon.colcon_core.shell:Creating prefix chain script '/home/chen/ros_gz_ugv_ws/install/setup.zsh'
