[0.029s] Invoking command in '/home/chen/ros_gz_ugv_ws/build/ros_gz_ugv_gazebo': AMENT_PREFIX_PATH=/home/chen/ros_gz_ugv_ws/install/ros_gz_ugv_description:${AMENT_PREFIX_PATH} CMAKE_PREFIX_PATH=/home/chen/ros_gz_ugv_ws/install/ros_gz_ugv_description:/opt/ros/jazzy/opt/gz_sim_vendor:/opt/ros/jazzy/opt/gz_sensors_vendor:/opt/ros/jazzy/opt/gz_physics_vendor:/opt/ros/jazzy/opt/sdformat_vendor:/opt/ros/jazzy/opt/gz_gui_vendor:/opt/ros/jazzy/opt/gz_transport_vendor:/opt/ros/jazzy/opt/gz_rendering_vendor:/opt/ros/jazzy/opt/gz_plugin_vendor:/opt/ros/jazzy/opt/gz_fuel_tools_vendor:/opt/ros/jazzy/opt/gz_msgs_vendor:/opt/ros/jazzy/opt/gz_common_vendor:/opt/ros/jazzy/opt/gz_math_vendor:/opt/ros/jazzy/opt/gz_utils_vendor:/opt/ros/jazzy/opt/gz_tools_vendor:/opt/ros/jazzy/opt/gz_ogre_next_vendor:/opt/ros/jazzy/opt/gz_dartsim_vendor:/opt/ros/jazzy/opt/gz_cmake_vendor:/opt/ros/jazzy GZ_SIM_RESOURCE_PATH=/home/chen/ros_gz_ugv_ws/install/ros_gz_ugv_description/share/ros_gz_ugv_description/models /usr/bin/cmake /home/chen/ros_gz_ugv_ws/src/ros_gz_ugv/ros_gz_ugv_gazebo -DCMAKE_INSTALL_PREFIX=/home/chen/ros_gz_ugv_ws/install/ros_gz_ugv_gazebo
[0.036s] -- Found ament_cmake: 2.5.3 (/opt/ros/jazzy/share/ament_cmake/cmake)
[0.159s] -- Found ros_gz_ugv_description: 0.0.0 (/home/chen/ros_gz_ugv_ws/install/ros_gz_ugv_description/share/ros_gz_ugv_description/cmake)
[0.162s] -- Looking for gz-plugin2 -- found version 2.0.3
[0.162s] -- Searching for dependencies of gz-plugin2
[0.163s] -- Looking for gz-utils2 -- found version 2.2.0
[0.163s] -- Searching for dependencies of gz-utils2
[0.163s] -- Searching for <gz-utils2> component [cli]
[0.163s] -- Looking for gz-utils2-cli -- found version 2.2.0
[0.163s] -- Searching for dependencies of gz-utils2-cli
[0.164s] -- Searching for <gz-plugin2> component [register]
[0.164s] -- Looking for gz-plugin2-register -- found version 2.0.3
[0.164s] -- Searching for dependencies of gz-plugin2-register
[0.164s] -- Looking for gz-common5 -- found version 5.7.0
[0.164s] -- Searching for dependencies of gz-common5
[0.165s] -- Looking for gz-utils2 -- found version 2.2.0
[0.165s] -- Looking for dlfcn.h - found
[0.165s] -- Looking for libdl - found
[0.168s] -- Checking for module 'uuid'
[0.174s] --   Found uuid, version 2.39.3
[0.187s] -- Searching for <gz-common5> component [profiler]
[0.187s] -- Looking for gz-common5-profiler -- found version 5.7.0
[0.188s] -- Searching for dependencies of gz-common5-profiler
[0.190s] -- Looking for gz-sim8 -- found version 8.7.0
[0.190s] -- Searching for dependencies of gz-sim8
[0.191s] -- Looking for sdformat14 -- found version 14.6.0
[0.191s] -- Searching for dependencies of sdformat14
[0.194s] -- Checking for module 'tinyxml2'
[0.201s] --   Found tinyxml2, version 10.0.0
[0.217s] -- Looking for gz-math7 -- found version 7.5.1
[0.217s] -- Searching for dependencies of gz-math7
[0.217s] -- Looking for gz-utils2 -- found version 2.2.0
[0.219s] -- Looking for gz-utils2 -- found version 2.2.0
[0.220s] -- Looking for gz-plugin2 -- found version 2.0.3
[0.220s] -- Searching for dependencies of gz-plugin2
[0.220s] -- Looking for gz-utils2 -- found version 2.2.0
[0.220s] -- Searching for <gz-plugin2> component [loader]
[0.221s] -- Looking for gz-plugin2-loader -- found version 2.0.3
[0.221s] -- Searching for dependencies of gz-plugin2-loader
[0.222s] -- Searching for <gz-plugin2> component [register]
[0.223s] -- Looking for gz-transport13 -- found version 13.4.0
[0.223s] -- Searching for dependencies of gz-transport13
[1.199s] -- Found Protobuf: /usr/lib/x86_64-linux-gnu/libprotobuf.so (found version "3.21.12") 
[1.924s] -- Config-file not installed for ZeroMQ -- checking for pkg-config
[1.927s] -- Checking for module 'libzmq >= 4'
[1.935s] --   Found libzmq, version 4.3.5
[1.953s] -- Found ZeroMQ: TRUE (Required is at least version "4") 
[1.981s] -- Looking for gz-utils2 -- found version 2.2.0
[1.983s] -- Looking for gz-msgs10 -- found version 10.3.1
[1.983s] -- Searching for dependencies of gz-msgs10
[2.657s] -- Looking for gz-utils2 -- found version 2.2.0
[2.657s] -- Looking for gz-math7 -- found version 7.5.1
[2.740s] -- Searching for <gz-transport13> component [log]
[2.741s] -- Looking for gz-transport13-log -- found version 13.4.0
[2.741s] -- Searching for dependencies of gz-transport13-log
[2.742s] -- Searching for <gz-transport13> component [parameters]
[2.743s] -- Looking for gz-transport13-parameters -- found version 13.4.0
[2.743s] -- Searching for dependencies of gz-transport13-parameters
[2.744s] -- Looking for gz-msgs10 -- found version 10.3.1
[2.744s] -- Looking for gz-common5 -- found version 5.7.0
[2.744s] -- Searching for dependencies of gz-common5
[2.745s] -- Looking for gz-utils2 -- found version 2.2.0
[2.745s] -- Looking for dlfcn.h - found
[2.745s] -- Looking for libdl - found
[2.750s] -- Searching for <gz-common5> component [av]
[2.752s] -- Looking for gz-common5-av -- found version 5.7.0
[2.752s] -- Searching for dependencies of gz-common5-av
[2.755s] -- Checking for module 'libswscale'
[2.762s] --   Found libswscale, version 7.5.100
[2.777s] -- Found SWSCALE: TRUE  
[2.780s] -- Checking for module 'libavdevice >= 56.4.100'
[2.787s] --   Found libavdevice, version 60.3.100
[2.809s] -- Found AVDEVICE: TRUE (Required is at least version "56.4.100") 
[2.812s] -- Checking for module 'libavformat'
[2.819s] --   Found libavformat, version 60.16.100
[2.836s] -- Found AVFORMAT: TRUE  
[2.839s] -- Checking for module 'libavcodec'
[2.845s] --   Found libavcodec, version 60.31.102
[2.861s] -- Found AVCODEC: TRUE  
[2.865s] -- Checking for module 'libavutil'
[2.872s] --   Found libavutil, version 58.29.100
[2.886s] -- Found AVUTIL: TRUE  
[2.887s] -- Searching for <gz-common5> component [events]
[2.888s] -- Looking for gz-common5-events -- found version 5.7.0
[2.888s] -- Searching for dependencies of gz-common5-events
[2.888s] -- Looking for gz-math7 -- found version 7.5.1
[2.889s] -- Searching for <gz-common5> component [graphics]
[2.890s] -- Looking for gz-common5-graphics -- found version 5.7.0
[2.890s] -- Searching for dependencies of gz-common5-graphics
[2.890s] -- Looking for gz-math7 -- found version 7.5.1
[2.894s] -- Found GzAssimp: TRUE (found version "5.3.0") 
[2.895s] -- Searching for <gz-common5> component [io]
[2.896s] -- Looking for gz-common5-io -- found version 5.7.0
[2.896s] -- Searching for dependencies of gz-common5-io
[2.897s] -- Searching for <gz-common5> component [profiler]
[2.898s] -- Looking for gz-fuel_tools9 -- found version 9.1.0
[2.898s] -- Searching for dependencies of gz-fuel_tools9
[3.592s] -- Found CURL: /usr/lib/x86_64-linux-gnu/libcurl.so (found version "8.5.0")  
[3.599s] -- Checking for module 'jsoncpp'
[3.606s] --   Found jsoncpp, version 1.9.5
[3.619s] -- Found JSONCPP: TRUE  
[4.264s] -- Checking for module 'yaml-0.1'
[4.272s] --   Found yaml-0.1, version 0.2.5
[4.286s] -- Found YAML: TRUE  
[4.289s] -- Checking for module 'libzip'
[4.295s] --   Found libzip, version 1.7.3
[4.309s] -- Found ZIP: TRUE  
[4.309s] -- Looking for gz-utils2 -- found version 2.2.0
[4.309s] -- Looking for gz-common5 -- found version 5.7.0
[4.310s] -- Searching for dependencies of gz-common5
[4.310s] -- Looking for gz-utils2 -- found version 2.2.0
[4.310s] -- Looking for dlfcn.h - found
[4.310s] -- Looking for libdl - found
[4.314s] -- Searching for <gz-common5> component [testing]
[4.316s] -- Looking for gz-common5-testing -- found version 5.7.0
[4.316s] -- Searching for dependencies of gz-common5-testing
[4.317s] -- Looking for gz-math7 -- found version 7.5.1
[4.317s] -- Looking for gz-msgs10 -- found version 10.3.1
[4.319s] -- Looking for gz-gui8 -- found version 8.3.0
[4.320s] -- Searching for dependencies of gz-gui8
[4.873s] -- Looking for gz-utils2 -- found version 2.2.0
[4.873s] -- Looking for gz-math7 -- found version 7.5.1
[4.874s] -- Looking for gz-common5 -- found version 5.7.0
[4.874s] -- Looking for gz-plugin2 -- found version 2.0.3
[4.874s] -- Looking for gz-transport13 -- found version 13.4.0
[4.877s] -- Looking for gz-rendering8 -- found version 8.2.1
[4.878s] -- Searching for dependencies of gz-rendering8
[4.878s] -- Looking for gz-math7 -- found version 7.5.1
[4.878s] -- Searching for dependencies of gz-math7
[4.878s] -- Looking for gz-utils2 -- found version 2.2.0
[4.878s] -- Searching for <gz-math7> component [eigen3]
[4.879s] -- Looking for gz-math7-eigen3 -- found version 7.5.1
[4.880s] -- Searching for dependencies of gz-math7-eigen3
[4.886s] -- Looking for gz-common5 -- found version 5.7.0
[4.886s] -- Searching for dependencies of gz-common5
[4.886s] -- Looking for gz-utils2 -- found version 2.2.0
[4.886s] -- Looking for dlfcn.h - found
[4.886s] -- Looking for libdl - found
[4.890s] -- Searching for <gz-common5> component [graphics]
[4.890s] -- Searching for <gz-common5> component [events]
[4.891s] -- Searching for <gz-common5> component [geospatial]
[4.892s] -- Looking for gz-common5-geospatial -- found version 5.7.0
[4.892s] -- Searching for dependencies of gz-common5-geospatial
[4.892s] -- Looking for gz-math7 -- found version 7.5.1
[4.893s] -- Looking for gz-common5 -- found version 5.7.0
[4.894s] -- Looking for gz-plugin2 -- found version 2.0.3
[4.894s] -- Searching for dependencies of gz-plugin2
[4.894s] -- Looking for gz-utils2 -- found version 2.2.0
[4.894s] -- Searching for <gz-plugin2> component [all]
[4.895s] -- Looking for all libraries of gz-plugin2 -- found version 2.0.3
[4.895s] -- Looking for gz-plugin2 -- found version 2.0.3
[4.896s] -- Looking for gz-utils2 -- found version 2.2.0
[5.451s] -- Found OpenGL: /usr/lib/x86_64-linux-gnu/libOpenGL.so  found components: OpenGL 
[5.454s] -- Looking for gz-msgs10 -- found version 10.3.1
[5.533s] -- Looking for gz-physics7 -- found version 7.4.0
[5.534s] -- Searching for dependencies of gz-physics7
[5.534s] -- Looking for gz-common5 -- found version 5.7.0
[5.534s] -- Looking for gz-math7 -- found version 7.5.1
[5.534s] -- Looking for gz-plugin2 -- found version 2.0.3
[5.534s] -- Looking for gz-utils2 -- found version 2.2.0
[5.535s] -- Searching for <gz-physics7> component [heightmap]
[5.537s] -- Looking for gz-physics7-heightmap -- found version 7.4.0
[5.537s] -- Searching for dependencies of gz-physics7-heightmap
[5.537s] -- Looking for gz-common5 -- found version 5.7.0
[5.538s] -- Searching for <gz-physics7> component [mesh]
[5.538s] -- Looking for gz-physics7-mesh -- found version 7.4.0
[5.539s] -- Searching for dependencies of gz-physics7-mesh
[5.539s] -- Looking for gz-common5 -- found version 5.7.0
[5.539s] -- Searching for <gz-physics7> component [sdf]
[5.540s] -- Looking for gz-physics7-sdf -- found version 7.4.0
[5.540s] -- Searching for dependencies of gz-physics7-sdf
[5.541s] -- Looking for sdformat14 -- found version 14.6.0
[5.543s] -- Looking for gz-sensors8 -- found version 8.2.1
[5.543s] -- Searching for dependencies of gz-sensors8
[6.124s] -- Looking for gz-math7 -- found version 7.5.1
[6.124s] -- Looking for gz-common5 -- found version 5.7.0
[6.125s] -- Looking for gz-transport13 -- found version 13.4.0
[6.125s] -- Looking for gz-rendering8 -- found version 8.2.1
[6.125s] -- Looking for gz-msgs10 -- found version 10.3.1
[6.125s] -- Looking for sdformat14 -- found version 14.6.0
[6.126s] -- Searching for <gz-sensors8> component [air_pressure]
[6.127s] -- Looking for gz-sensors8-air_pressure -- found version 8.2.1
[6.128s] -- Searching for dependencies of gz-sensors8-air_pressure
[6.128s] -- Searching for <gz-sensors8> component [air_speed]
[6.129s] -- Looking for gz-sensors8-air_speed -- found version 8.2.1
[6.129s] -- Searching for dependencies of gz-sensors8-air_speed
[6.130s] -- Searching for <gz-sensors8> component [altimeter]
[6.130s] -- Looking for gz-sensors8-altimeter -- found version 8.2.1
[6.131s] -- Searching for dependencies of gz-sensors8-altimeter
[6.131s] -- Searching for <gz-sensors8> component [imu]
[6.132s] -- Looking for gz-sensors8-imu -- found version 8.2.1
[6.132s] -- Searching for dependencies of gz-sensors8-imu
[6.133s] -- Searching for <gz-sensors8> component [force_torque]
[6.134s] -- Looking for gz-sensors8-force_torque -- found version 8.2.1
[6.134s] -- Searching for dependencies of gz-sensors8-force_torque
[6.134s] -- Searching for <gz-sensors8> component [logical_camera]
[6.135s] -- Looking for gz-sensors8-logical_camera -- found version 8.2.1
[6.136s] -- Searching for dependencies of gz-sensors8-logical_camera
[6.136s] -- Searching for <gz-sensors8> component [magnetometer]
[6.137s] -- Looking for gz-sensors8-magnetometer -- found version 8.2.1
[6.137s] -- Searching for dependencies of gz-sensors8-magnetometer
[6.138s] -- Searching for <gz-sensors8> component [navsat]
[6.139s] -- Looking for gz-sensors8-navsat -- found version 8.2.1
[6.139s] -- Searching for dependencies of gz-sensors8-navsat
[6.139s] -- Searching for <gz-sensors8> component [dvl]
[6.140s] -- Looking for gz-sensors8-dvl -- found version 8.2.1
[6.140s] -- Searching for dependencies of gz-sensors8-dvl
[6.141s] -- Looking for gz-sensors8 -- found version 8.2.1
[6.141s] -- Searching for dependencies of gz-sensors8
[6.737s] -- Looking for gz-math7 -- found version 7.5.1
[6.738s] -- Looking for gz-common5 -- found version 5.7.0
[6.738s] -- Looking for gz-transport13 -- found version 13.4.0
[6.738s] -- Looking for gz-rendering8 -- found version 8.2.1
[6.738s] -- Looking for gz-msgs10 -- found version 10.3.1
[6.738s] -- Looking for sdformat14 -- found version 14.6.0
[6.739s] -- Searching for <gz-sensors8> component [rendering]
[6.741s] -- Looking for gz-sensors8-rendering -- found version 8.2.1
[6.741s] -- Searching for dependencies of gz-sensors8-rendering
[6.743s] -- Searching for <gz-sensors8> component [rendering]
[6.743s] -- Searching for <gz-sensors8> component [lidar]
[6.744s] -- Looking for gz-sensors8-lidar -- found version 8.2.1
[6.744s] -- Searching for dependencies of gz-sensors8-lidar
[6.744s] -- Looking for gz-sensors8 -- found version 8.2.1
[6.745s] -- Searching for <gz-sensors8> component [gpu_lidar]
[6.746s] -- Looking for gz-sensors8-gpu_lidar -- found version 8.2.1
[6.746s] -- Searching for dependencies of gz-sensors8-gpu_lidar
[6.746s] -- Looking for gz-sensors8 -- found version 8.2.1
[6.747s] -- Searching for <gz-sensors8> component [camera]
[6.748s] -- Looking for gz-sensors8-camera -- found version 8.2.1
[6.748s] -- Searching for dependencies of gz-sensors8-camera
[6.748s] -- Looking for gz-sensors8 -- found version 8.2.1
[6.749s] -- Searching for <gz-sensors8> component [boundingbox_camera]
[6.750s] -- Looking for gz-sensors8-boundingbox_camera -- found version 8.2.1
[6.750s] -- Searching for dependencies of gz-sensors8-boundingbox_camera
[6.751s] -- Searching for <gz-sensors8> component [segmentation_camera]
[6.752s] -- Looking for gz-sensors8-segmentation_camera -- found version 8.2.1
[6.752s] -- Searching for dependencies of gz-sensors8-segmentation_camera
[6.753s] -- Searching for <gz-sensors8> component [depth_camera]
[6.754s] -- Looking for gz-sensors8-depth_camera -- found version 8.2.1
[6.754s] -- Searching for dependencies of gz-sensors8-depth_camera
[6.754s] -- Looking for gz-sensors8 -- found version 8.2.1
[6.755s] -- Searching for <gz-sensors8> component [rgbd_camera]
[6.755s] -- Looking for gz-sensors8-rgbd_camera -- found version 8.2.1
[6.756s] -- Searching for dependencies of gz-sensors8-rgbd_camera
[6.756s] -- Looking for gz-sensors8 -- found version 8.2.1
[6.756s] -- Searching for <gz-sensors8> component [thermal_camera]
[6.757s] -- Looking for gz-sensors8-thermal_camera -- found version 8.2.1
[6.757s] -- Searching for dependencies of gz-sensors8-thermal_camera
[6.758s] -- Looking for gz-sensors8 -- found version 8.2.1
[6.758s] -- Searching for <gz-sensors8> component [wide_angle_camera]
[6.759s] -- Looking for gz-sensors8-wide_angle_camera -- found version 8.2.1
[6.759s] -- Searching for dependencies of gz-sensors8-wide_angle_camera
[6.760s] -- Looking for gz-rendering8 -- found version 8.2.1
[6.760s] -- Looking for gz-math7 -- found version 7.5.1
[6.761s] -- Looking for gz-utils2 -- found version 2.2.0
[8.059s] -- Compiling against Gazebo Garden
[8.061s] -- Found ament_lint_auto: 0.17.1 (/opt/ros/jazzy/share/ament_lint_auto/cmake)
[8.121s] -- Configuring done (8.1s)
[8.136s] -- Generating done (0.0s)
[8.139s] -- Build files have been written to: /home/chen/ros_gz_ugv_ws/build/ros_gz_ugv_gazebo
[8.147s] Invoked command in '/home/chen/ros_gz_ugv_ws/build/ros_gz_ugv_gazebo' returned '0': AMENT_PREFIX_PATH=/home/chen/ros_gz_ugv_ws/install/ros_gz_ugv_description:${AMENT_PREFIX_PATH} CMAKE_PREFIX_PATH=/home/chen/ros_gz_ugv_ws/install/ros_gz_ugv_description:/opt/ros/jazzy/opt/gz_sim_vendor:/opt/ros/jazzy/opt/gz_sensors_vendor:/opt/ros/jazzy/opt/gz_physics_vendor:/opt/ros/jazzy/opt/sdformat_vendor:/opt/ros/jazzy/opt/gz_gui_vendor:/opt/ros/jazzy/opt/gz_transport_vendor:/opt/ros/jazzy/opt/gz_rendering_vendor:/opt/ros/jazzy/opt/gz_plugin_vendor:/opt/ros/jazzy/opt/gz_fuel_tools_vendor:/opt/ros/jazzy/opt/gz_msgs_vendor:/opt/ros/jazzy/opt/gz_common_vendor:/opt/ros/jazzy/opt/gz_math_vendor:/opt/ros/jazzy/opt/gz_utils_vendor:/opt/ros/jazzy/opt/gz_tools_vendor:/opt/ros/jazzy/opt/gz_ogre_next_vendor:/opt/ros/jazzy/opt/gz_dartsim_vendor:/opt/ros/jazzy/opt/gz_cmake_vendor:/opt/ros/jazzy GZ_SIM_RESOURCE_PATH=/home/chen/ros_gz_ugv_ws/install/ros_gz_ugv_description/share/ros_gz_ugv_description/models /usr/bin/cmake /home/chen/ros_gz_ugv_ws/src/ros_gz_ugv/ros_gz_ugv_gazebo -DCMAKE_INSTALL_PREFIX=/home/chen/ros_gz_ugv_ws/install/ros_gz_ugv_gazebo
[8.148s] Invoking command in '/home/chen/ros_gz_ugv_ws/build/ros_gz_ugv_gazebo': AMENT_PREFIX_PATH=/home/chen/ros_gz_ugv_ws/install/ros_gz_ugv_description:${AMENT_PREFIX_PATH} CMAKE_PREFIX_PATH=/home/chen/ros_gz_ugv_ws/install/ros_gz_ugv_description:/opt/ros/jazzy/opt/gz_sim_vendor:/opt/ros/jazzy/opt/gz_sensors_vendor:/opt/ros/jazzy/opt/gz_physics_vendor:/opt/ros/jazzy/opt/sdformat_vendor:/opt/ros/jazzy/opt/gz_gui_vendor:/opt/ros/jazzy/opt/gz_transport_vendor:/opt/ros/jazzy/opt/gz_rendering_vendor:/opt/ros/jazzy/opt/gz_plugin_vendor:/opt/ros/jazzy/opt/gz_fuel_tools_vendor:/opt/ros/jazzy/opt/gz_msgs_vendor:/opt/ros/jazzy/opt/gz_common_vendor:/opt/ros/jazzy/opt/gz_math_vendor:/opt/ros/jazzy/opt/gz_utils_vendor:/opt/ros/jazzy/opt/gz_tools_vendor:/opt/ros/jazzy/opt/gz_ogre_next_vendor:/opt/ros/jazzy/opt/gz_dartsim_vendor:/opt/ros/jazzy/opt/gz_cmake_vendor:/opt/ros/jazzy GZ_SIM_RESOURCE_PATH=/home/chen/ros_gz_ugv_ws/install/ros_gz_ugv_description/share/ros_gz_ugv_description/models /usr/bin/cmake --build /home/chen/ros_gz_ugv_ws/build/ros_gz_ugv_gazebo -- -j28 -l28
[8.178s] [ 50%] [32mBuilding CXX object CMakeFiles/FullSystem.dir/src/FullSystem.cc.o[0m
[8.179s] [ 50%] [32mBuilding CXX object CMakeFiles/BasicSystem.dir/src/BasicSystem.cc.o[0m
[9.351s] [ 75%] [32m[1mLinking CXX shared library libBasicSystem.so[0m
[9.430s] [100%] [32m[1mLinking CXX shared library libFullSystem.so[0m
[9.589s] [100%] Built target BasicSystem
[9.592s] [100%] Built target FullSystem
[9.598s] Invoked command in '/home/chen/ros_gz_ugv_ws/build/ros_gz_ugv_gazebo' returned '0': AMENT_PREFIX_PATH=/home/chen/ros_gz_ugv_ws/install/ros_gz_ugv_description:${AMENT_PREFIX_PATH} CMAKE_PREFIX_PATH=/home/chen/ros_gz_ugv_ws/install/ros_gz_ugv_description:/opt/ros/jazzy/opt/gz_sim_vendor:/opt/ros/jazzy/opt/gz_sensors_vendor:/opt/ros/jazzy/opt/gz_physics_vendor:/opt/ros/jazzy/opt/sdformat_vendor:/opt/ros/jazzy/opt/gz_gui_vendor:/opt/ros/jazzy/opt/gz_transport_vendor:/opt/ros/jazzy/opt/gz_rendering_vendor:/opt/ros/jazzy/opt/gz_plugin_vendor:/opt/ros/jazzy/opt/gz_fuel_tools_vendor:/opt/ros/jazzy/opt/gz_msgs_vendor:/opt/ros/jazzy/opt/gz_common_vendor:/opt/ros/jazzy/opt/gz_math_vendor:/opt/ros/jazzy/opt/gz_utils_vendor:/opt/ros/jazzy/opt/gz_tools_vendor:/opt/ros/jazzy/opt/gz_ogre_next_vendor:/opt/ros/jazzy/opt/gz_dartsim_vendor:/opt/ros/jazzy/opt/gz_cmake_vendor:/opt/ros/jazzy GZ_SIM_RESOURCE_PATH=/home/chen/ros_gz_ugv_ws/install/ros_gz_ugv_description/share/ros_gz_ugv_description/models /usr/bin/cmake --build /home/chen/ros_gz_ugv_ws/build/ros_gz_ugv_gazebo -- -j28 -l28
[9.599s] Invoking command in '/home/chen/ros_gz_ugv_ws/build/ros_gz_ugv_gazebo': AMENT_PREFIX_PATH=/home/chen/ros_gz_ugv_ws/install/ros_gz_ugv_description:${AMENT_PREFIX_PATH} CMAKE_PREFIX_PATH=/home/chen/ros_gz_ugv_ws/install/ros_gz_ugv_description:/opt/ros/jazzy/opt/gz_sim_vendor:/opt/ros/jazzy/opt/gz_sensors_vendor:/opt/ros/jazzy/opt/gz_physics_vendor:/opt/ros/jazzy/opt/sdformat_vendor:/opt/ros/jazzy/opt/gz_gui_vendor:/opt/ros/jazzy/opt/gz_transport_vendor:/opt/ros/jazzy/opt/gz_rendering_vendor:/opt/ros/jazzy/opt/gz_plugin_vendor:/opt/ros/jazzy/opt/gz_fuel_tools_vendor:/opt/ros/jazzy/opt/gz_msgs_vendor:/opt/ros/jazzy/opt/gz_common_vendor:/opt/ros/jazzy/opt/gz_math_vendor:/opt/ros/jazzy/opt/gz_utils_vendor:/opt/ros/jazzy/opt/gz_tools_vendor:/opt/ros/jazzy/opt/gz_ogre_next_vendor:/opt/ros/jazzy/opt/gz_dartsim_vendor:/opt/ros/jazzy/opt/gz_cmake_vendor:/opt/ros/jazzy GZ_SIM_RESOURCE_PATH=/home/chen/ros_gz_ugv_ws/install/ros_gz_ugv_description/share/ros_gz_ugv_description/models /usr/bin/cmake --install /home/chen/ros_gz_ugv_ws/build/ros_gz_ugv_gazebo
[9.602s] -- Install configuration: ""
[9.602s] -- Installing: /home/chen/ros_gz_ugv_ws/install/ros_gz_ugv_gazebo/lib/ros_gz_ugv_gazebo/libBasicSystem.so
[9.603s] -- Set non-toolchain portion of runtime path of "/home/chen/ros_gz_ugv_ws/install/ros_gz_ugv_gazebo/lib/ros_gz_ugv_gazebo/libBasicSystem.so" to ""
[9.603s] -- Installing: /home/chen/ros_gz_ugv_ws/install/ros_gz_ugv_gazebo/lib/ros_gz_ugv_gazebo/libFullSystem.so
[9.603s] -- Set non-toolchain portion of runtime path of "/home/chen/ros_gz_ugv_ws/install/ros_gz_ugv_gazebo/lib/ros_gz_ugv_gazebo/libFullSystem.so" to ""
[9.603s] -- Installing: /home/chen/ros_gz_ugv_ws/install/ros_gz_ugv_gazebo/share/ros_gz_ugv_gazebo/worlds
[9.603s] -- Installing: /home/chen/ros_gz_ugv_ws/install/ros_gz_ugv_gazebo/share/ros_gz_ugv_gazebo/worlds/diff_drive.sdf
[9.604s] -- Installing: /home/chen/ros_gz_ugv_ws/install/ros_gz_ugv_gazebo/share/ros_gz_ugv_gazebo/environment/ros_gz_ugv_gazebo.dsv
[9.604s] -- Installing: /home/chen/ros_gz_ugv_ws/install/ros_gz_ugv_gazebo/share/ros_gz_ugv_gazebo/environment/ros_gz_ugv_gazebo.sh
[9.604s] -- Installing: /home/chen/ros_gz_ugv_ws/install/ros_gz_ugv_gazebo/share/ament_index/resource_index/package_run_dependencies/ros_gz_ugv_gazebo
[9.604s] -- Installing: /home/chen/ros_gz_ugv_ws/install/ros_gz_ugv_gazebo/share/ament_index/resource_index/parent_prefix_path/ros_gz_ugv_gazebo
[9.604s] -- Installing: /home/chen/ros_gz_ugv_ws/install/ros_gz_ugv_gazebo/share/ros_gz_ugv_gazebo/environment/ament_prefix_path.sh
[9.604s] -- Installing: /home/chen/ros_gz_ugv_ws/install/ros_gz_ugv_gazebo/share/ros_gz_ugv_gazebo/environment/ament_prefix_path.dsv
[9.605s] -- Installing: /home/chen/ros_gz_ugv_ws/install/ros_gz_ugv_gazebo/share/ros_gz_ugv_gazebo/environment/path.sh
[9.605s] -- Installing: /home/chen/ros_gz_ugv_ws/install/ros_gz_ugv_gazebo/share/ros_gz_ugv_gazebo/environment/path.dsv
[9.605s] -- Installing: /home/chen/ros_gz_ugv_ws/install/ros_gz_ugv_gazebo/share/ros_gz_ugv_gazebo/local_setup.bash
[9.605s] -- Installing: /home/chen/ros_gz_ugv_ws/install/ros_gz_ugv_gazebo/share/ros_gz_ugv_gazebo/local_setup.sh
[9.605s] -- Installing: /home/chen/ros_gz_ugv_ws/install/ros_gz_ugv_gazebo/share/ros_gz_ugv_gazebo/local_setup.zsh
[9.605s] -- Installing: /home/chen/ros_gz_ugv_ws/install/ros_gz_ugv_gazebo/share/ros_gz_ugv_gazebo/local_setup.dsv
[9.605s] -- Installing: /home/chen/ros_gz_ugv_ws/install/ros_gz_ugv_gazebo/share/ros_gz_ugv_gazebo/package.dsv
[9.605s] -- Installing: /home/chen/ros_gz_ugv_ws/install/ros_gz_ugv_gazebo/share/ament_index/resource_index/packages/ros_gz_ugv_gazebo
[9.605s] -- Installing: /home/chen/ros_gz_ugv_ws/install/ros_gz_ugv_gazebo/share/ros_gz_ugv_gazebo/cmake/ros_gz_ugv_gazeboConfig.cmake
[9.605s] -- Installing: /home/chen/ros_gz_ugv_ws/install/ros_gz_ugv_gazebo/share/ros_gz_ugv_gazebo/cmake/ros_gz_ugv_gazeboConfig-version.cmake
[9.605s] -- Installing: /home/chen/ros_gz_ugv_ws/install/ros_gz_ugv_gazebo/share/ros_gz_ugv_gazebo/package.xml
[9.607s] Invoked command in '/home/chen/ros_gz_ugv_ws/build/ros_gz_ugv_gazebo' returned '0': AMENT_PREFIX_PATH=/home/chen/ros_gz_ugv_ws/install/ros_gz_ugv_description:${AMENT_PREFIX_PATH} CMAKE_PREFIX_PATH=/home/chen/ros_gz_ugv_ws/install/ros_gz_ugv_description:/opt/ros/jazzy/opt/gz_sim_vendor:/opt/ros/jazzy/opt/gz_sensors_vendor:/opt/ros/jazzy/opt/gz_physics_vendor:/opt/ros/jazzy/opt/sdformat_vendor:/opt/ros/jazzy/opt/gz_gui_vendor:/opt/ros/jazzy/opt/gz_transport_vendor:/opt/ros/jazzy/opt/gz_rendering_vendor:/opt/ros/jazzy/opt/gz_plugin_vendor:/opt/ros/jazzy/opt/gz_fuel_tools_vendor:/opt/ros/jazzy/opt/gz_msgs_vendor:/opt/ros/jazzy/opt/gz_common_vendor:/opt/ros/jazzy/opt/gz_math_vendor:/opt/ros/jazzy/opt/gz_utils_vendor:/opt/ros/jazzy/opt/gz_tools_vendor:/opt/ros/jazzy/opt/gz_ogre_next_vendor:/opt/ros/jazzy/opt/gz_dartsim_vendor:/opt/ros/jazzy/opt/gz_cmake_vendor:/opt/ros/jazzy GZ_SIM_RESOURCE_PATH=/home/chen/ros_gz_ugv_ws/install/ros_gz_ugv_description/share/ros_gz_ugv_description/models /usr/bin/cmake --install /home/chen/ros_gz_ugv_ws/build/ros_gz_ugv_gazebo
