[0.038s] Invoking command in '/home/chen/ros_gz_ugv_ws/build/ros_gz_ugv_gazebo': AMENT_PREFIX_PATH=/home/chen/ros_gz_ugv_ws/install/ros_gz_ugv_description:${AMENT_PREFIX_PATH} CMAKE_PREFIX_PATH=/home/chen/ros_gz_ugv_ws/install/ros_gz_ugv_description:/opt/ros/jazzy/opt/gz_sim_vendor:/opt/ros/jazzy/opt/gz_sensors_vendor:/opt/ros/jazzy/opt/gz_physics_vendor:/opt/ros/jazzy/opt/sdformat_vendor:/opt/ros/jazzy/opt/gz_gui_vendor:/opt/ros/jazzy/opt/gz_transport_vendor:/opt/ros/jazzy/opt/gz_rendering_vendor:/opt/ros/jazzy/opt/gz_plugin_vendor:/opt/ros/jazzy/opt/gz_fuel_tools_vendor:/opt/ros/jazzy/opt/gz_msgs_vendor:/opt/ros/jazzy/opt/gz_common_vendor:/opt/ros/jazzy/opt/gz_math_vendor:/opt/ros/jazzy/opt/gz_utils_vendor:/opt/ros/jazzy/opt/gz_tools_vendor:/opt/ros/jazzy/opt/gz_ogre_next_vendor:/opt/ros/jazzy/opt/gz_dartsim_vendor:/opt/ros/jazzy/opt/gz_cmake_vendor:/opt/ros/jazzy GZ_SIM_RESOURCE_PATH=/home/chen/ros_gz_ugv_ws/install/ros_gz_ugv_description/share/ros_gz_ugv_description/models /usr/bin/cmake /home/chen/ros_gz_ugv_ws/src/ros_gz_ugv/ros_gz_ugv_gazebo -DCMAKE_INSTALL_PREFIX=/home/chen/ros_gz_ugv_ws/install/ros_gz_ugv_gazebo
[0.101s] -- The C compiler identification is GNU 13.3.0
[0.442s] -- The CXX compiler identification is GNU 13.3.0
[0.780s] -- Detecting C compiler ABI info
[0.897s] -- Detecting C compiler ABI info - done
[0.902s] -- Check for working C compiler: /usr/bin/cc - skipped
[0.902s] -- Detecting C compile features
[0.902s] -- Detecting C compile features - done
[0.960s] -- Detecting CXX compiler ABI info
[1.087s] -- Detecting CXX compiler ABI info - done
[1.092s] -- Check for working CXX compiler: /usr/bin/c++ - skipped
[1.092s] -- Detecting CXX compile features
[1.092s] -- Detecting CXX compile features - done
[1.094s] -- Found ament_cmake: 2.5.3 (/opt/ros/jazzy/share/ament_cmake/cmake)
[1.173s] -- Found Python3: /usr/bin/python3 (found version "3.12.3") found components: Interpreter 
[1.233s] -- Found ros_gz_ugv_description: 0.0.0 (/home/chen/ros_gz_ugv_ws/install/ros_gz_ugv_description/share/ros_gz_ugv_description/cmake)
[1.246s] -- Looking for gz-plugin2 -- found version 2.0.3
[1.246s] -- Searching for dependencies of gz-plugin2
[1.247s] -- Looking for gz-utils2 -- found version 2.2.0
[1.247s] -- Searching for dependencies of gz-utils2
[1.248s] -- Searching for <gz-utils2> component [cli]
[1.249s] -- Looking for gz-utils2-cli -- found version 2.2.0
[1.249s] -- Searching for dependencies of gz-utils2-cli
[1.251s] -- Searching for <gz-plugin2> component [register]
[1.252s] -- Looking for gz-plugin2-register -- found version 2.0.3
[1.252s] -- Searching for dependencies of gz-plugin2-register
[1.253s] -- Looking for gz-common5 -- found version 5.7.0
[1.253s] -- Searching for dependencies of gz-common5
[1.253s] -- Looking for gz-utils2 -- found version 2.2.0
[1.280s] -- Looking for dlfcn.h - found
[1.347s] -- Looking for libdl - found
[1.348s] -- Found DL: TRUE  
[1.353s] -- Checking for module 'uuid'
[1.363s] --   Found uuid, version 2.39.3
[1.376s] -- Found UUID: TRUE  
[1.377s] -- Searching for <gz-common5> component [profiler]
[1.378s] -- Looking for gz-common5-profiler -- found version 5.7.0
[1.378s] -- Searching for dependencies of gz-common5-profiler
[1.381s] -- Looking for gz-sim8 -- found version 8.7.0
[1.381s] -- Searching for dependencies of gz-sim8
[1.382s] -- Looking for sdformat14 -- found version 14.6.0
[1.383s] -- Searching for dependencies of sdformat14
[1.385s] -- Checking for module 'tinyxml2'
[1.391s] --   Found tinyxml2, version 10.0.0
[1.405s] -- Looking for gz-math7 -- found version 7.5.1
[1.405s] -- Searching for dependencies of gz-math7
[1.405s] -- Looking for gz-utils2 -- found version 2.2.0
[1.406s] -- Looking for gz-utils2 -- found version 2.2.0
[1.407s] -- Looking for gz-plugin2 -- found version 2.0.3
[1.407s] -- Searching for dependencies of gz-plugin2
[1.407s] -- Looking for gz-utils2 -- found version 2.2.0
[1.407s] -- Searching for <gz-plugin2> component [loader]
[1.408s] -- Looking for gz-plugin2-loader -- found version 2.0.3
[1.408s] -- Searching for dependencies of gz-plugin2-loader
[1.409s] -- Searching for <gz-plugin2> component [register]
[1.410s] -- Looking for gz-transport13 -- found version 13.4.0
[1.410s] -- Searching for dependencies of gz-transport13
[2.288s] -- Found Protobuf: /usr/lib/x86_64-linux-gnu/libprotobuf.so (found version "3.21.12") 
[2.896s] -- Config-file not installed for ZeroMQ -- checking for pkg-config
[2.899s] -- Checking for module 'libzmq >= 4'
[2.907s] --   Found libzmq, version 4.3.5
[2.926s] -- Found ZeroMQ: TRUE (Required is at least version "4") 
[2.951s] -- Looking for gz-utils2 -- found version 2.2.0
[2.953s] -- Looking for gz-msgs10 -- found version 10.3.1
[2.953s] -- Searching for dependencies of gz-msgs10
[3.612s] -- Looking for gz-utils2 -- found version 2.2.0
[3.612s] -- Looking for gz-math7 -- found version 7.5.1
[3.690s] -- Searching for <gz-transport13> component [log]
[3.691s] -- Looking for gz-transport13-log -- found version 13.4.0
[3.691s] -- Searching for dependencies of gz-transport13-log
[3.692s] -- Searching for <gz-transport13> component [parameters]
[3.693s] -- Looking for gz-transport13-parameters -- found version 13.4.0
[3.693s] -- Searching for dependencies of gz-transport13-parameters
[3.694s] -- Looking for gz-msgs10 -- found version 10.3.1
[3.694s] -- Looking for gz-common5 -- found version 5.7.0
[3.694s] -- Searching for dependencies of gz-common5
[3.694s] -- Looking for gz-utils2 -- found version 2.2.0
[3.695s] -- Looking for dlfcn.h - found
[3.695s] -- Looking for libdl - found
[3.698s] -- Searching for <gz-common5> component [av]
[3.700s] -- Looking for gz-common5-av -- found version 5.7.0
[3.700s] -- Searching for dependencies of gz-common5-av
[3.703s] -- Checking for module 'libswscale'
[3.710s] --   Found libswscale, version 7.5.100
[3.723s] -- Found SWSCALE: TRUE  
[3.726s] -- Checking for module 'libavdevice >= 56.4.100'
[3.733s] --   Found libavdevice, version 60.3.100
[3.753s] -- Found AVDEVICE: TRUE (Required is at least version "56.4.100") 
[3.756s] -- Checking for module 'libavformat'
[3.762s] --   Found libavformat, version 60.16.100
[3.776s] -- Found AVFORMAT: TRUE  
[3.779s] -- Checking for module 'libavcodec'
[3.786s] --   Found libavcodec, version 60.31.102
[3.800s] -- Found AVCODEC: TRUE  
[3.803s] -- Checking for module 'libavutil'
[3.809s] --   Found libavutil, version 58.29.100
[3.822s] -- Found AVUTIL: TRUE  
[3.823s] -- Searching for <gz-common5> component [events]
[3.824s] -- Looking for gz-common5-events -- found version 5.7.0
[3.824s] -- Searching for dependencies of gz-common5-events
[3.825s] -- Looking for gz-math7 -- found version 7.5.1
[3.825s] -- Searching for <gz-common5> component [graphics]
[3.826s] -- Looking for gz-common5-graphics -- found version 5.7.0
[3.826s] -- Searching for dependencies of gz-common5-graphics
[3.827s] -- Looking for gz-math7 -- found version 7.5.1
[3.830s] -- Found GzAssimp: TRUE (found version "5.3.0") 
[3.830s] -- Searching for <gz-common5> component [io]
[3.831s] -- Looking for gz-common5-io -- found version 5.7.0
[3.831s] -- Searching for dependencies of gz-common5-io
[3.832s] -- Searching for <gz-common5> component [profiler]
[3.834s] -- Looking for gz-fuel_tools9 -- found version 9.1.0
[3.834s] -- Searching for dependencies of gz-fuel_tools9
[4.460s] -- Found CURL: /usr/lib/x86_64-linux-gnu/libcurl.so (found version "8.5.0")  
[4.467s] -- Checking for module 'jsoncpp'
[4.474s] --   Found jsoncpp, version 1.9.5
[4.487s] -- Found JSONCPP: TRUE  
[5.061s] -- Checking for module 'yaml-0.1'
[5.068s] --   Found yaml-0.1, version 0.2.5
[5.082s] -- Found YAML: TRUE  
[5.085s] -- Checking for module 'libzip'
[5.093s] --   Found libzip, version 1.7.3
[5.108s] -- Found ZIP: TRUE  
[5.109s] -- Looking for gz-utils2 -- found version 2.2.0
[5.109s] -- Looking for gz-common5 -- found version 5.7.0
[5.109s] -- Searching for dependencies of gz-common5
[5.109s] -- Looking for gz-utils2 -- found version 2.2.0
[5.109s] -- Looking for dlfcn.h - found
[5.109s] -- Looking for libdl - found
[5.114s] -- Searching for <gz-common5> component [testing]
[5.116s] -- Looking for gz-common5-testing -- found version 5.7.0
[5.116s] -- Searching for dependencies of gz-common5-testing
[5.117s] -- Looking for gz-math7 -- found version 7.5.1
[5.117s] -- Looking for gz-msgs10 -- found version 10.3.1
[5.119s] -- Looking for gz-gui8 -- found version 8.3.0
[5.119s] -- Searching for dependencies of gz-gui8
[5.711s] -- Looking for gz-utils2 -- found version 2.2.0
[5.711s] -- Looking for gz-math7 -- found version 7.5.1
[5.711s] -- Looking for gz-common5 -- found version 5.7.0
[5.711s] -- Looking for gz-plugin2 -- found version 2.0.3
[5.712s] -- Looking for gz-transport13 -- found version 13.4.0
[5.714s] -- Looking for gz-rendering8 -- found version 8.2.1
[5.715s] -- Searching for dependencies of gz-rendering8
[5.715s] -- Looking for gz-math7 -- found version 7.5.1
[5.715s] -- Searching for dependencies of gz-math7
[5.715s] -- Looking for gz-utils2 -- found version 2.2.0
[5.715s] -- Searching for <gz-math7> component [eigen3]
[5.716s] -- Looking for gz-math7-eigen3 -- found version 7.5.1
[5.717s] -- Searching for dependencies of gz-math7-eigen3
[5.723s] -- Looking for gz-common5 -- found version 5.7.0
[5.723s] -- Searching for dependencies of gz-common5
[5.723s] -- Looking for gz-utils2 -- found version 2.2.0
[5.723s] -- Looking for dlfcn.h - found
[5.723s] -- Looking for libdl - found
[5.727s] -- Searching for <gz-common5> component [graphics]
[5.727s] -- Searching for <gz-common5> component [events]
[5.727s] -- Searching for <gz-common5> component [geospatial]
[5.729s] -- Looking for gz-common5-geospatial -- found version 5.7.0
[5.729s] -- Searching for dependencies of gz-common5-geospatial
[5.729s] -- Looking for gz-math7 -- found version 7.5.1
[5.729s] -- Looking for gz-common5 -- found version 5.7.0
[5.730s] -- Looking for gz-plugin2 -- found version 2.0.3
[5.730s] -- Searching for dependencies of gz-plugin2
[5.730s] -- Looking for gz-utils2 -- found version 2.2.0
[5.730s] -- Searching for <gz-plugin2> component [all]
[5.731s] -- Looking for all libraries of gz-plugin2 -- found version 2.0.3
[5.732s] -- Looking for gz-plugin2 -- found version 2.0.3
[5.732s] -- Looking for gz-utils2 -- found version 2.2.0
[6.117s] -- Found OpenGL: /usr/lib/x86_64-linux-gnu/libOpenGL.so  found components: OpenGL 
[6.120s] -- Looking for gz-msgs10 -- found version 10.3.1
[6.328s] -- Looking for gz-physics7 -- found version 7.4.0
[6.328s] -- Searching for dependencies of gz-physics7
[6.328s] -- Looking for gz-common5 -- found version 5.7.0
[6.328s] -- Looking for gz-math7 -- found version 7.5.1
[6.328s] -- Looking for gz-plugin2 -- found version 2.0.3
[6.328s] -- Looking for gz-utils2 -- found version 2.2.0
[6.330s] -- Searching for <gz-physics7> component [heightmap]
[6.331s] -- Looking for gz-physics7-heightmap -- found version 7.4.0
[6.331s] -- Searching for dependencies of gz-physics7-heightmap
[6.332s] -- Looking for gz-common5 -- found version 5.7.0
[6.332s] -- Searching for <gz-physics7> component [mesh]
[6.333s] -- Looking for gz-physics7-mesh -- found version 7.4.0
[6.333s] -- Searching for dependencies of gz-physics7-mesh
[6.334s] -- Looking for gz-common5 -- found version 5.7.0
[6.334s] -- Searching for <gz-physics7> component [sdf]
[6.335s] -- Looking for gz-physics7-sdf -- found version 7.4.0
[6.335s] -- Searching for dependencies of gz-physics7-sdf
[6.336s] -- Looking for sdformat14 -- found version 14.6.0
[6.338s] -- Looking for gz-sensors8 -- found version 8.2.1
[6.338s] -- Searching for dependencies of gz-sensors8
[6.944s] -- Looking for gz-math7 -- found version 7.5.1
[6.944s] -- Looking for gz-common5 -- found version 5.7.0
[6.945s] -- Looking for gz-transport13 -- found version 13.4.0
[6.945s] -- Looking for gz-rendering8 -- found version 8.2.1
[6.945s] -- Looking for gz-msgs10 -- found version 10.3.1
[6.945s] -- Looking for sdformat14 -- found version 14.6.0
[6.946s] -- Searching for <gz-sensors8> component [air_pressure]
[6.947s] -- Looking for gz-sensors8-air_pressure -- found version 8.2.1
[6.947s] -- Searching for dependencies of gz-sensors8-air_pressure
[6.948s] -- Searching for <gz-sensors8> component [air_speed]
[6.949s] -- Looking for gz-sensors8-air_speed -- found version 8.2.1
[6.949s] -- Searching for dependencies of gz-sensors8-air_speed
[6.950s] -- Searching for <gz-sensors8> component [altimeter]
[6.950s] -- Looking for gz-sensors8-altimeter -- found version 8.2.1
[6.950s] -- Searching for dependencies of gz-sensors8-altimeter
[6.951s] -- Searching for <gz-sensors8> component [imu]
[6.952s] -- Looking for gz-sensors8-imu -- found version 8.2.1
[6.952s] -- Searching for dependencies of gz-sensors8-imu
[6.953s] -- Searching for <gz-sensors8> component [force_torque]
[6.953s] -- Looking for gz-sensors8-force_torque -- found version 8.2.1
[6.953s] -- Searching for dependencies of gz-sensors8-force_torque
[6.954s] -- Searching for <gz-sensors8> component [logical_camera]
[6.955s] -- Looking for gz-sensors8-logical_camera -- found version 8.2.1
[6.955s] -- Searching for dependencies of gz-sensors8-logical_camera
[6.955s] -- Searching for <gz-sensors8> component [magnetometer]
[6.956s] -- Looking for gz-sensors8-magnetometer -- found version 8.2.1
[6.956s] -- Searching for dependencies of gz-sensors8-magnetometer
[6.957s] -- Searching for <gz-sensors8> component [navsat]
[6.958s] -- Looking for gz-sensors8-navsat -- found version 8.2.1
[6.958s] -- Searching for dependencies of gz-sensors8-navsat
[6.959s] -- Searching for <gz-sensors8> component [dvl]
[6.959s] -- Looking for gz-sensors8-dvl -- found version 8.2.1
[6.960s] -- Searching for dependencies of gz-sensors8-dvl
[6.960s] -- Looking for gz-sensors8 -- found version 8.2.1
[6.960s] -- Searching for dependencies of gz-sensors8
[7.536s] -- Looking for gz-math7 -- found version 7.5.1
[7.537s] -- Looking for gz-common5 -- found version 5.7.0
[7.537s] -- Looking for gz-transport13 -- found version 13.4.0
[7.537s] -- Looking for gz-rendering8 -- found version 8.2.1
[7.537s] -- Looking for gz-msgs10 -- found version 10.3.1
[7.538s] -- Looking for sdformat14 -- found version 14.6.0
[7.538s] -- Searching for <gz-sensors8> component [rendering]
[7.540s] -- Looking for gz-sensors8-rendering -- found version 8.2.1
[7.540s] -- Searching for dependencies of gz-sensors8-rendering
[7.542s] -- Searching for <gz-sensors8> component [rendering]
[7.542s] -- Searching for <gz-sensors8> component [lidar]
[7.543s] -- Looking for gz-sensors8-lidar -- found version 8.2.1
[7.543s] -- Searching for dependencies of gz-sensors8-lidar
[7.543s] -- Looking for gz-sensors8 -- found version 8.2.1
[7.544s] -- Searching for <gz-sensors8> component [gpu_lidar]
[7.545s] -- Looking for gz-sensors8-gpu_lidar -- found version 8.2.1
[7.545s] -- Searching for dependencies of gz-sensors8-gpu_lidar
[7.545s] -- Looking for gz-sensors8 -- found version 8.2.1
[7.546s] -- Searching for <gz-sensors8> component [camera]
[7.546s] -- Looking for gz-sensors8-camera -- found version 8.2.1
[7.547s] -- Searching for dependencies of gz-sensors8-camera
[7.547s] -- Looking for gz-sensors8 -- found version 8.2.1
[7.547s] -- Searching for <gz-sensors8> component [boundingbox_camera]
[7.548s] -- Looking for gz-sensors8-boundingbox_camera -- found version 8.2.1
[7.548s] -- Searching for dependencies of gz-sensors8-boundingbox_camera
[7.549s] -- Searching for <gz-sensors8> component [segmentation_camera]
[7.550s] -- Looking for gz-sensors8-segmentation_camera -- found version 8.2.1
[7.550s] -- Searching for dependencies of gz-sensors8-segmentation_camera
[7.551s] -- Searching for <gz-sensors8> component [depth_camera]
[7.552s] -- Looking for gz-sensors8-depth_camera -- found version 8.2.1
[7.552s] -- Searching for dependencies of gz-sensors8-depth_camera
[7.552s] -- Looking for gz-sensors8 -- found version 8.2.1
[7.552s] -- Searching for <gz-sensors8> component [rgbd_camera]
[7.553s] -- Looking for gz-sensors8-rgbd_camera -- found version 8.2.1
[7.553s] -- Searching for dependencies of gz-sensors8-rgbd_camera
[7.554s] -- Looking for gz-sensors8 -- found version 8.2.1
[7.554s] -- Searching for <gz-sensors8> component [thermal_camera]
[7.555s] -- Looking for gz-sensors8-thermal_camera -- found version 8.2.1
[7.555s] -- Searching for dependencies of gz-sensors8-thermal_camera
[7.556s] -- Looking for gz-sensors8 -- found version 8.2.1
[7.556s] -- Searching for <gz-sensors8> component [wide_angle_camera]
[7.557s] -- Looking for gz-sensors8-wide_angle_camera -- found version 8.2.1
[7.557s] -- Searching for dependencies of gz-sensors8-wide_angle_camera
[7.558s] -- Looking for gz-rendering8 -- found version 8.2.1
[7.558s] -- Looking for gz-math7 -- found version 7.5.1
[7.559s] -- Looking for gz-utils2 -- found version 2.2.0
[8.143s] -- Compiling against Gazebo Garden
[8.145s] -- Found ament_lint_auto: 0.17.1 (/opt/ros/jazzy/share/ament_lint_auto/cmake)
[8.195s] -- Configuring done (8.2s)
[8.212s] -- Generating done (0.0s)
[8.214s] -- Build files have been written to: /home/chen/ros_gz_ugv_ws/build/ros_gz_ugv_gazebo
[8.223s] Invoked command in '/home/chen/ros_gz_ugv_ws/build/ros_gz_ugv_gazebo' returned '0': AMENT_PREFIX_PATH=/home/chen/ros_gz_ugv_ws/install/ros_gz_ugv_description:${AMENT_PREFIX_PATH} CMAKE_PREFIX_PATH=/home/chen/ros_gz_ugv_ws/install/ros_gz_ugv_description:/opt/ros/jazzy/opt/gz_sim_vendor:/opt/ros/jazzy/opt/gz_sensors_vendor:/opt/ros/jazzy/opt/gz_physics_vendor:/opt/ros/jazzy/opt/sdformat_vendor:/opt/ros/jazzy/opt/gz_gui_vendor:/opt/ros/jazzy/opt/gz_transport_vendor:/opt/ros/jazzy/opt/gz_rendering_vendor:/opt/ros/jazzy/opt/gz_plugin_vendor:/opt/ros/jazzy/opt/gz_fuel_tools_vendor:/opt/ros/jazzy/opt/gz_msgs_vendor:/opt/ros/jazzy/opt/gz_common_vendor:/opt/ros/jazzy/opt/gz_math_vendor:/opt/ros/jazzy/opt/gz_utils_vendor:/opt/ros/jazzy/opt/gz_tools_vendor:/opt/ros/jazzy/opt/gz_ogre_next_vendor:/opt/ros/jazzy/opt/gz_dartsim_vendor:/opt/ros/jazzy/opt/gz_cmake_vendor:/opt/ros/jazzy GZ_SIM_RESOURCE_PATH=/home/chen/ros_gz_ugv_ws/install/ros_gz_ugv_description/share/ros_gz_ugv_description/models /usr/bin/cmake /home/chen/ros_gz_ugv_ws/src/ros_gz_ugv/ros_gz_ugv_gazebo -DCMAKE_INSTALL_PREFIX=/home/chen/ros_gz_ugv_ws/install/ros_gz_ugv_gazebo
[8.224s] Invoking command in '/home/chen/ros_gz_ugv_ws/build/ros_gz_ugv_gazebo': AMENT_PREFIX_PATH=/home/chen/ros_gz_ugv_ws/install/ros_gz_ugv_description:${AMENT_PREFIX_PATH} CMAKE_PREFIX_PATH=/home/chen/ros_gz_ugv_ws/install/ros_gz_ugv_description:/opt/ros/jazzy/opt/gz_sim_vendor:/opt/ros/jazzy/opt/gz_sensors_vendor:/opt/ros/jazzy/opt/gz_physics_vendor:/opt/ros/jazzy/opt/sdformat_vendor:/opt/ros/jazzy/opt/gz_gui_vendor:/opt/ros/jazzy/opt/gz_transport_vendor:/opt/ros/jazzy/opt/gz_rendering_vendor:/opt/ros/jazzy/opt/gz_plugin_vendor:/opt/ros/jazzy/opt/gz_fuel_tools_vendor:/opt/ros/jazzy/opt/gz_msgs_vendor:/opt/ros/jazzy/opt/gz_common_vendor:/opt/ros/jazzy/opt/gz_math_vendor:/opt/ros/jazzy/opt/gz_utils_vendor:/opt/ros/jazzy/opt/gz_tools_vendor:/opt/ros/jazzy/opt/gz_ogre_next_vendor:/opt/ros/jazzy/opt/gz_dartsim_vendor:/opt/ros/jazzy/opt/gz_cmake_vendor:/opt/ros/jazzy GZ_SIM_RESOURCE_PATH=/home/chen/ros_gz_ugv_ws/install/ros_gz_ugv_description/share/ros_gz_ugv_description/models /usr/bin/cmake --build /home/chen/ros_gz_ugv_ws/build/ros_gz_ugv_gazebo -- -j28 -l28
[8.249s] [ 25%] [32mBuilding CXX object CMakeFiles/BasicSystem.dir/src/BasicSystem.cc.o[0m
[8.249s] [ 50%] [32mBuilding CXX object CMakeFiles/FullSystem.dir/src/FullSystem.cc.o[0m
[9.378s] [ 75%] [32m[1mLinking CXX shared library libBasicSystem.so[0m
[9.435s] [100%] [32m[1mLinking CXX shared library libFullSystem.so[0m
[9.540s] [100%] Built target BasicSystem
[9.564s] [100%] Built target FullSystem
[9.570s] Invoked command in '/home/chen/ros_gz_ugv_ws/build/ros_gz_ugv_gazebo' returned '0': AMENT_PREFIX_PATH=/home/chen/ros_gz_ugv_ws/install/ros_gz_ugv_description:${AMENT_PREFIX_PATH} CMAKE_PREFIX_PATH=/home/chen/ros_gz_ugv_ws/install/ros_gz_ugv_description:/opt/ros/jazzy/opt/gz_sim_vendor:/opt/ros/jazzy/opt/gz_sensors_vendor:/opt/ros/jazzy/opt/gz_physics_vendor:/opt/ros/jazzy/opt/sdformat_vendor:/opt/ros/jazzy/opt/gz_gui_vendor:/opt/ros/jazzy/opt/gz_transport_vendor:/opt/ros/jazzy/opt/gz_rendering_vendor:/opt/ros/jazzy/opt/gz_plugin_vendor:/opt/ros/jazzy/opt/gz_fuel_tools_vendor:/opt/ros/jazzy/opt/gz_msgs_vendor:/opt/ros/jazzy/opt/gz_common_vendor:/opt/ros/jazzy/opt/gz_math_vendor:/opt/ros/jazzy/opt/gz_utils_vendor:/opt/ros/jazzy/opt/gz_tools_vendor:/opt/ros/jazzy/opt/gz_ogre_next_vendor:/opt/ros/jazzy/opt/gz_dartsim_vendor:/opt/ros/jazzy/opt/gz_cmake_vendor:/opt/ros/jazzy GZ_SIM_RESOURCE_PATH=/home/chen/ros_gz_ugv_ws/install/ros_gz_ugv_description/share/ros_gz_ugv_description/models /usr/bin/cmake --build /home/chen/ros_gz_ugv_ws/build/ros_gz_ugv_gazebo -- -j28 -l28
[9.571s] Invoking command in '/home/chen/ros_gz_ugv_ws/build/ros_gz_ugv_gazebo': AMENT_PREFIX_PATH=/home/chen/ros_gz_ugv_ws/install/ros_gz_ugv_description:${AMENT_PREFIX_PATH} CMAKE_PREFIX_PATH=/home/chen/ros_gz_ugv_ws/install/ros_gz_ugv_description:/opt/ros/jazzy/opt/gz_sim_vendor:/opt/ros/jazzy/opt/gz_sensors_vendor:/opt/ros/jazzy/opt/gz_physics_vendor:/opt/ros/jazzy/opt/sdformat_vendor:/opt/ros/jazzy/opt/gz_gui_vendor:/opt/ros/jazzy/opt/gz_transport_vendor:/opt/ros/jazzy/opt/gz_rendering_vendor:/opt/ros/jazzy/opt/gz_plugin_vendor:/opt/ros/jazzy/opt/gz_fuel_tools_vendor:/opt/ros/jazzy/opt/gz_msgs_vendor:/opt/ros/jazzy/opt/gz_common_vendor:/opt/ros/jazzy/opt/gz_math_vendor:/opt/ros/jazzy/opt/gz_utils_vendor:/opt/ros/jazzy/opt/gz_tools_vendor:/opt/ros/jazzy/opt/gz_ogre_next_vendor:/opt/ros/jazzy/opt/gz_dartsim_vendor:/opt/ros/jazzy/opt/gz_cmake_vendor:/opt/ros/jazzy GZ_SIM_RESOURCE_PATH=/home/chen/ros_gz_ugv_ws/install/ros_gz_ugv_description/share/ros_gz_ugv_description/models /usr/bin/cmake --install /home/chen/ros_gz_ugv_ws/build/ros_gz_ugv_gazebo
[9.575s] -- Install configuration: ""
[9.575s] -- Installing: /home/chen/ros_gz_ugv_ws/install/ros_gz_ugv_gazebo/lib/ros_gz_ugv_gazebo/libBasicSystem.so
[9.576s] -- Set non-toolchain portion of runtime path of "/home/chen/ros_gz_ugv_ws/install/ros_gz_ugv_gazebo/lib/ros_gz_ugv_gazebo/libBasicSystem.so" to ""
[9.576s] -- Installing: /home/chen/ros_gz_ugv_ws/install/ros_gz_ugv_gazebo/lib/ros_gz_ugv_gazebo/libFullSystem.so
[9.577s] -- Set non-toolchain portion of runtime path of "/home/chen/ros_gz_ugv_ws/install/ros_gz_ugv_gazebo/lib/ros_gz_ugv_gazebo/libFullSystem.so" to ""
[9.577s] -- Installing: /home/chen/ros_gz_ugv_ws/install/ros_gz_ugv_gazebo/share/ros_gz_ugv_gazebo/worlds
[9.577s] -- Installing: /home/chen/ros_gz_ugv_ws/install/ros_gz_ugv_gazebo/share/ros_gz_ugv_gazebo/worlds/diff_drive.sdf
[9.577s] -- Installing: /home/chen/ros_gz_ugv_ws/install/ros_gz_ugv_gazebo/share/ros_gz_ugv_gazebo/environment/ros_gz_ugv_gazebo.dsv
[9.577s] -- Installing: /home/chen/ros_gz_ugv_ws/install/ros_gz_ugv_gazebo/share/ros_gz_ugv_gazebo/environment/ros_gz_ugv_gazebo.sh
[9.578s] -- Installing: /home/chen/ros_gz_ugv_ws/install/ros_gz_ugv_gazebo/share/ament_index/resource_index/package_run_dependencies/ros_gz_ugv_gazebo
[9.578s] -- Installing: /home/chen/ros_gz_ugv_ws/install/ros_gz_ugv_gazebo/share/ament_index/resource_index/parent_prefix_path/ros_gz_ugv_gazebo
[9.578s] -- Installing: /home/chen/ros_gz_ugv_ws/install/ros_gz_ugv_gazebo/share/ros_gz_ugv_gazebo/environment/ament_prefix_path.sh
[9.578s] -- Installing: /home/chen/ros_gz_ugv_ws/install/ros_gz_ugv_gazebo/share/ros_gz_ugv_gazebo/environment/ament_prefix_path.dsv
[9.578s] -- Installing: /home/chen/ros_gz_ugv_ws/install/ros_gz_ugv_gazebo/share/ros_gz_ugv_gazebo/environment/path.sh
[9.578s] -- Installing: /home/chen/ros_gz_ugv_ws/install/ros_gz_ugv_gazebo/share/ros_gz_ugv_gazebo/environment/path.dsv
[9.578s] -- Installing: /home/chen/ros_gz_ugv_ws/install/ros_gz_ugv_gazebo/share/ros_gz_ugv_gazebo/local_setup.bash
[9.578s] -- Installing: /home/chen/ros_gz_ugv_ws/install/ros_gz_ugv_gazebo/share/ros_gz_ugv_gazebo/local_setup.sh
[9.578s] -- Installing: /home/chen/ros_gz_ugv_ws/install/ros_gz_ugv_gazebo/share/ros_gz_ugv_gazebo/local_setup.zsh
[9.578s] -- Installing: /home/chen/ros_gz_ugv_ws/install/ros_gz_ugv_gazebo/share/ros_gz_ugv_gazebo/local_setup.dsv
[9.578s] -- Installing: /home/chen/ros_gz_ugv_ws/install/ros_gz_ugv_gazebo/share/ros_gz_ugv_gazebo/package.dsv
[9.578s] -- Installing: /home/chen/ros_gz_ugv_ws/install/ros_gz_ugv_gazebo/share/ament_index/resource_index/packages/ros_gz_ugv_gazebo
[9.579s] -- Installing: /home/chen/ros_gz_ugv_ws/install/ros_gz_ugv_gazebo/share/ros_gz_ugv_gazebo/cmake/ros_gz_ugv_gazeboConfig.cmake
[9.579s] -- Installing: /home/chen/ros_gz_ugv_ws/install/ros_gz_ugv_gazebo/share/ros_gz_ugv_gazebo/cmake/ros_gz_ugv_gazeboConfig-version.cmake
[9.579s] -- Installing: /home/chen/ros_gz_ugv_ws/install/ros_gz_ugv_gazebo/share/ros_gz_ugv_gazebo/package.xml
[9.579s] Invoked command in '/home/chen/ros_gz_ugv_ws/build/ros_gz_ugv_gazebo' returned '0': AMENT_PREFIX_PATH=/home/chen/ros_gz_ugv_ws/install/ros_gz_ugv_description:${AMENT_PREFIX_PATH} CMAKE_PREFIX_PATH=/home/chen/ros_gz_ugv_ws/install/ros_gz_ugv_description:/opt/ros/jazzy/opt/gz_sim_vendor:/opt/ros/jazzy/opt/gz_sensors_vendor:/opt/ros/jazzy/opt/gz_physics_vendor:/opt/ros/jazzy/opt/sdformat_vendor:/opt/ros/jazzy/opt/gz_gui_vendor:/opt/ros/jazzy/opt/gz_transport_vendor:/opt/ros/jazzy/opt/gz_rendering_vendor:/opt/ros/jazzy/opt/gz_plugin_vendor:/opt/ros/jazzy/opt/gz_fuel_tools_vendor:/opt/ros/jazzy/opt/gz_msgs_vendor:/opt/ros/jazzy/opt/gz_common_vendor:/opt/ros/jazzy/opt/gz_math_vendor:/opt/ros/jazzy/opt/gz_utils_vendor:/opt/ros/jazzy/opt/gz_tools_vendor:/opt/ros/jazzy/opt/gz_ogre_next_vendor:/opt/ros/jazzy/opt/gz_dartsim_vendor:/opt/ros/jazzy/opt/gz_cmake_vendor:/opt/ros/jazzy GZ_SIM_RESOURCE_PATH=/home/chen/ros_gz_ugv_ws/install/ros_gz_ugv_description/share/ros_gz_ugv_description/models /usr/bin/cmake --install /home/chen/ros_gz_ugv_ws/build/ros_gz_ugv_gazebo
