[0.025s] Invoking command in '/home/chen/ros_gz_ugv_ws/build/ros_gz_ugv_description': CMAKE_PREFIX_PATH=${CMAKE_PREFIX_PATH}:/opt/ros/jazzy DEBUGINFOD_URLS=https://debuginfod.ubuntu.com /usr/bin/cmake --build /home/chen/ros_gz_ugv_ws/build/ros_gz_ugv_description -- -j12 -l12
[0.145s] Invoked command in '/home/chen/ros_gz_ugv_ws/build/ros_gz_ugv_description' returned '0': CMAKE_PREFIX_PATH=${CMAKE_PREFIX_PATH}:/opt/ros/jazzy DEBUGINFOD_URLS=https://debuginfod.ubuntu.com /usr/bin/cmake --build /home/chen/ros_gz_ugv_ws/build/ros_gz_ugv_description -- -j12 -l12
[0.146s] Invoking command in '/home/chen/ros_gz_ugv_ws/build/ros_gz_ugv_description': CMAKE_PREFIX_PATH=${CMAKE_PREFIX_PATH}:/opt/ros/jazzy DEBUGINFOD_URLS=https://debuginfod.ubuntu.com /usr/bin/cmake --install /home/chen/ros_gz_ugv_ws/build/ros_gz_ugv_description
[0.172s] -- Install configuration: ""
[0.173s] -- Up-to-date: /home/chen/ros_gz_ugv_ws/install/ros_gz_ugv_description/share/ros_gz_ugv_description/models
[0.173s] -- Installing: /home/chen/ros_gz_ugv_ws/install/ros_gz_ugv_description/share/ros_gz_ugv_description/models/ugv
[0.174s] -- Installing: /home/chen/ros_gz_ugv_ws/install/ros_gz_ugv_description/share/ros_gz_ugv_description/models/ugv/model.sdf
[0.174s] -- Up-to-date: /home/chen/ros_gz_ugv_ws/install/ros_gz_ugv_description/share/ros_gz_ugv_description/models/diff_drive
[0.174s] -- Up-to-date: /home/chen/ros_gz_ugv_ws/install/ros_gz_ugv_description/share/ros_gz_ugv_description/models/diff_drive/model.config
[0.175s] -- Up-to-date: /home/chen/ros_gz_ugv_ws/install/ros_gz_ugv_description/share/ros_gz_ugv_description/models/diff_drive/model.sdf
[0.178s] -- Up-to-date: /home/chen/ros_gz_ugv_ws/install/ros_gz_ugv_description/share/ros_gz_ugv_description/models/wpr_simulation2
[0.179s] -- Up-to-date: /home/chen/ros_gz_ugv_ws/install/ros_gz_ugv_description/share/ros_gz_ugv_description/models/wpr_simulation2/models
[0.179s] -- Up-to-date: /home/chen/ros_gz_ugv_ws/install/ros_gz_ugv_description/share/ros_gz_ugv_description/models/wpr_simulation2/models/man_2.model
[0.179s] -- Up-to-date: /home/chen/ros_gz_ugv_ws/install/ros_gz_ugv_description/share/ros_gz_ugv_description/models/wpr_simulation2/models/bed.model
[0.180s] -- Up-to-date: /home/chen/ros_gz_ugv_ws/install/ros_gz_ugv_description/share/ros_gz_ugv_description/models/wpr_simulation2/models/wpb_home_mani.model
[0.180s] -- Up-to-date: /home/chen/ros_gz_ugv_ws/install/ros_gz_ugv_description/share/ros_gz_ugv_description/models/wpr_simulation2/models/bookshelft.model
[0.180s] -- Up-to-date: /home/chen/ros_gz_ugv_ws/install/ros_gz_ugv_description/share/ros_gz_ugv_description/models/wpr_simulation2/models/wpb_home_head_up.model
[0.180s] -- Up-to-date: /home/chen/ros_gz_ugv_ws/install/ros_gz_ugv_description/share/ros_gz_ugv_description/models/wpr_simulation2/models/wpb_home_lidar.model
[0.181s] -- Up-to-date: /home/chen/ros_gz_ugv_ws/install/ros_gz_ugv_description/share/ros_gz_ugv_description/models/wpr_simulation2/models/bottles
[0.181s] -- Up-to-date: /home/chen/ros_gz_ugv_ws/install/ros_gz_ugv_description/share/ros_gz_ugv_description/models/wpr_simulation2/models/bottles/green_bottle.model
[0.181s] -- Up-to-date: /home/chen/ros_gz_ugv_ws/install/ros_gz_ugv_description/share/ros_gz_ugv_description/models/wpr_simulation2/models/bottles/red_bottle.model
[0.181s] -- Up-to-date: /home/chen/ros_gz_ugv_ws/install/ros_gz_ugv_description/share/ros_gz_ugv_description/models/wpr_simulation2/models/woman.model
[0.181s] -- Up-to-date: /home/chen/ros_gz_ugv_ws/install/ros_gz_ugv_description/share/ros_gz_ugv_description/models/wpr_simulation2/models/wpv3.model
[0.182s] -- Up-to-date: /home/chen/ros_gz_ugv_ws/install/ros_gz_ugv_description/share/ros_gz_ugv_description/models/wpr_simulation2/models/balls
[0.182s] -- Up-to-date: /home/chen/ros_gz_ugv_ws/install/ros_gz_ugv_description/share/ros_gz_ugv_description/models/wpr_simulation2/models/balls/blue_ball.model
[0.182s] -- Up-to-date: /home/chen/ros_gz_ugv_ws/install/ros_gz_ugv_description/share/ros_gz_ugv_description/models/wpr_simulation2/models/balls/red_ball.model
[0.183s] -- Up-to-date: /home/chen/ros_gz_ugv_ws/install/ros_gz_ugv_description/share/ros_gz_ugv_description/models/wpr_simulation2/models/balls/orange_ball.model
[0.183s] -- Up-to-date: /home/chen/ros_gz_ugv_ws/install/ros_gz_ugv_description/share/ros_gz_ugv_description/models/wpr_simulation2/models/balls/green_ball.model
[0.184s] -- Up-to-date: /home/chen/ros_gz_ugv_ws/install/ros_gz_ugv_description/share/ros_gz_ugv_description/models/wpr_simulation2/models/tea_table.model
[0.184s] -- Up-to-date: /home/chen/ros_gz_ugv_ws/install/ros_gz_ugv_description/share/ros_gz_ugv_description/models/wpr_simulation2/models/chair.model
[0.184s] -- Up-to-date: /home/chen/ros_gz_ugv_ws/install/ros_gz_ugv_description/share/ros_gz_ugv_description/models/wpr_simulation2/models/man_1.model
[0.184s] -- Up-to-date: /home/chen/ros_gz_ugv_ws/install/ros_gz_ugv_description/share/ros_gz_ugv_description/models/wpr_simulation2/models/kai_standing.model
[0.185s] -- Up-to-date: /home/chen/ros_gz_ugv_ws/install/ros_gz_ugv_description/share/ros_gz_ugv_description/models/wpr_simulation2/models/wpr1.model
[0.185s] -- Up-to-date: /home/chen/ros_gz_ugv_ws/install/ros_gz_ugv_description/share/ros_gz_ugv_description/models/wpr_simulation2/models/wpb_home.model
[0.185s] -- Up-to-date: /home/chen/ros_gz_ugv_ws/install/ros_gz_ugv_description/share/ros_gz_ugv_description/models/wpr_simulation2/models/sofa.model
[0.185s] -- Up-to-date: /home/chen/ros_gz_ugv_ws/install/ros_gz_ugv_description/share/ros_gz_ugv_description/models/wpr_simulation2/models/table.model
[0.186s] -- Up-to-date: /home/chen/ros_gz_ugv_ws/install/ros_gz_ugv_description/share/ros_gz_ugv_description/models/wpr_simulation2/models/cupboard.model
[0.187s] -- Up-to-date: /home/chen/ros_gz_ugv_ws/install/ros_gz_ugv_description/share/ros_gz_ugv_description/models/wpr_simulation2/worlds
[0.187s] -- Up-to-date: /home/chen/ros_gz_ugv_ws/install/ros_gz_ugv_description/share/ros_gz_ugv_description/models/wpr_simulation2/worlds/simple.world
[0.187s] -- Up-to-date: /home/chen/ros_gz_ugv_ws/install/ros_gz_ugv_description/share/ros_gz_ugv_description/models/wpr_simulation2/worlds/light.world
[0.187s] -- Up-to-date: /home/chen/ros_gz_ugv_ws/install/ros_gz_ugv_description/share/ros_gz_ugv_description/models/wpr_simulation2/worlds/robocup_home.world
[0.188s] -- Up-to-date: /home/chen/ros_gz_ugv_ws/install/ros_gz_ugv_description/share/ros_gz_ugv_description/models/wpr_simulation2/worlds/table.world
[0.188s] -- Up-to-date: /home/chen/ros_gz_ugv_ws/install/ros_gz_ugv_description/share/ros_gz_ugv_description/models/wpr_simulation2/worlds/wpb_pose.world
[0.188s] -- Up-to-date: /home/chen/ros_gz_ugv_ws/install/ros_gz_ugv_description/share/ros_gz_ugv_description/models/wpr_simulation2/worlds/wpb_simple.world
[0.189s] -- Up-to-date: /home/chen/ros_gz_ugv_ws/install/ros_gz_ugv_description/share/ros_gz_ugv_description/models/wpr_simulation2/meshes
[0.190s] -- Up-to-date: /home/chen/ros_gz_ugv_ws/install/ros_gz_ugv_description/share/ros_gz_ugv_description/models/wpr_simulation2/meshes/sofa.dae
[0.190s] -- Up-to-date: /home/chen/ros_gz_ugv_ws/install/ros_gz_ugv_description/share/ros_gz_ugv_description/models/wpr_simulation2/meshes/bottle.stl
[0.190s] -- Up-to-date: /home/chen/ros_gz_ugv_ws/install/ros_gz_ugv_description/share/ros_gz_ugv_description/models/wpr_simulation2/meshes/bed.dae
[0.191s] -- Up-to-date: /home/chen/ros_gz_ugv_ws/install/ros_gz_ugv_description/share/ros_gz_ugv_description/models/wpr_simulation2/meshes/man_2
[0.191s] -- Up-to-date: /home/chen/ros_gz_ugv_ws/install/ros_gz_ugv_description/share/ros_gz_ugv_description/models/wpr_simulation2/meshes/man_2/color.png
[0.192s] -- Up-to-date: /home/chen/ros_gz_ugv_ws/install/ros_gz_ugv_description/share/ros_gz_ugv_description/models/wpr_simulation2/meshes/man_2/man_2.dae
[0.192s] -- Up-to-date: /home/chen/ros_gz_ugv_ws/install/ros_gz_ugv_description/share/ros_gz_ugv_description/models/wpr_simulation2/meshes/bookshelft
[0.192s] -- Up-to-date: /home/chen/ros_gz_ugv_ws/install/ros_gz_ugv_description/share/ros_gz_ugv_description/models/wpr_simulation2/meshes/bookshelft/Wood_Veneer_02.jpg
[0.192s] -- Up-to-date: /home/chen/ros_gz_ugv_ws/install/ros_gz_ugv_description/share/ros_gz_ugv_description/models/wpr_simulation2/meshes/cupboard.dae
[0.193s] -- Up-to-date: /home/chen/ros_gz_ugv_ws/install/ros_gz_ugv_description/share/ros_gz_ugv_description/models/wpr_simulation2/meshes/wpv3
[0.193s] -- Up-to-date: /home/chen/ros_gz_ugv_ws/install/ros_gz_ugv_description/share/ros_gz_ugv_description/models/wpr_simulation2/meshes/wpv3/wpv3.dae
[0.193s] -- Up-to-date: /home/chen/ros_gz_ugv_ws/install/ros_gz_ugv_description/share/ros_gz_ugv_description/models/wpr_simulation2/meshes/sofa
[0.194s] -- Up-to-date: /home/chen/ros_gz_ugv_ws/install/ros_gz_ugv_description/share/ros_gz_ugv_description/models/wpr_simulation2/meshes/sofa/Carpet_Loop_Pattern.jpg
[0.194s] -- Up-to-date: /home/chen/ros_gz_ugv_ws/install/ros_gz_ugv_description/share/ros_gz_ugv_description/models/wpr_simulation2/meshes/table.dae
[0.194s] -- Up-to-date: /home/chen/ros_gz_ugv_ws/install/ros_gz_ugv_description/share/ros_gz_ugv_description/models/wpr_simulation2/meshes/tea_table.dae
[0.194s] -- Up-to-date: /home/chen/ros_gz_ugv_ws/install/ros_gz_ugv_description/share/ros_gz_ugv_description/models/wpr_simulation2/meshes/tea_table
[0.195s] -- Up-to-date: /home/chen/ros_gz_ugv_ws/install/ros_gz_ugv_description/share/ros_gz_ugv_description/models/wpr_simulation2/meshes/tea_table/Wood_Cherry_Original.jpg
[0.195s] -- Up-to-date: /home/chen/ros_gz_ugv_ws/install/ros_gz_ugv_description/share/ros_gz_ugv_description/models/wpr_simulation2/meshes/chair.dae
[0.195s] -- Up-to-date: /home/chen/ros_gz_ugv_ws/install/ros_gz_ugv_description/share/ros_gz_ugv_description/models/wpr_simulation2/meshes/bookshelft.dae
[0.196s] -- Up-to-date: /home/chen/ros_gz_ugv_ws/install/ros_gz_ugv_description/share/ros_gz_ugv_description/models/wpr_simulation2/meshes/cupboard
[0.196s] -- Up-to-date: /home/chen/ros_gz_ugv_ws/install/ros_gz_ugv_description/share/ros_gz_ugv_description/models/wpr_simulation2/meshes/cupboard/Wood_Veneer_02.jpg
[0.196s] -- Up-to-date: /home/chen/ros_gz_ugv_ws/install/ros_gz_ugv_description/share/ros_gz_ugv_description/models/wpr_simulation2/meshes/chair
[0.196s] -- Up-to-date: /home/chen/ros_gz_ugv_ws/install/ros_gz_ugv_description/share/ros_gz_ugv_description/models/wpr_simulation2/meshes/chair/Wood_Cherry_Original.jpg
[0.197s] -- Up-to-date: /home/chen/ros_gz_ugv_ws/install/ros_gz_ugv_description/share/ros_gz_ugv_description/models/wpr_simulation2/meshes/wpb_home
[0.197s] -- Up-to-date: /home/chen/ros_gz_ugv_ws/install/ros_gz_ugv_description/share/ros_gz_ugv_description/models/wpr_simulation2/meshes/wpb_home/wpb_home_mani.dae
[0.197s] -- Up-to-date: /home/chen/ros_gz_ugv_ws/install/ros_gz_ugv_description/share/ros_gz_ugv_description/models/wpr_simulation2/meshes/wpb_home/wpb_home_std.dae
[0.197s] -- Up-to-date: /home/chen/ros_gz_ugv_ws/install/ros_gz_ugv_description/share/ros_gz_ugv_description/models/wpr_simulation2/meshes/wpb_home/forearm.dae
[0.197s] -- Up-to-date: /home/chen/ros_gz_ugv_ws/install/ros_gz_ugv_description/share/ros_gz_ugv_description/models/wpr_simulation2/meshes/bed
[0.199s] -- Up-to-date: /home/chen/ros_gz_ugv_ws/install/ros_gz_ugv_description/share/ros_gz_ugv_description/models/wpr_simulation2/meshes/bed/Carpet_Pattern_Squares_Multi.jpg
[0.200s] -- Up-to-date: /home/chen/ros_gz_ugv_ws/install/ros_gz_ugv_description/share/ros_gz_ugv_description/models/wpr_simulation2/meshes/bed/Wood_Bamboo.jpg
[0.200s] -- Up-to-date: /home/chen/ros_gz_ugv_ws/install/ros_gz_ugv_description/share/ros_gz_ugv_description/models/wpr_simulation2/meshes/man_1
[0.200s] -- Up-to-date: /home/chen/ros_gz_ugv_ws/install/ros_gz_ugv_description/share/ros_gz_ugv_description/models/wpr_simulation2/meshes/man_1/color.png
[0.200s] -- Up-to-date: /home/chen/ros_gz_ugv_ws/install/ros_gz_ugv_description/share/ros_gz_ugv_description/models/wpr_simulation2/meshes/man_1/man_1.dae
[0.201s] -- Up-to-date: /home/chen/ros_gz_ugv_ws/install/ros_gz_ugv_description/share/ros_gz_ugv_description/models/wpr_simulation2/meshes/table
[0.201s] -- Up-to-date: /home/chen/ros_gz_ugv_ws/install/ros_gz_ugv_description/share/ros_gz_ugv_description/models/wpr_simulation2/meshes/table/Wood_Cherry_Original.jpg
[0.201s] -- Up-to-date: /home/chen/ros_gz_ugv_ws/install/ros_gz_ugv_description/share/ros_gz_ugv_description/models/wpr_simulation2/meshes/wpr1
[0.201s] -- Up-to-date: /home/chen/ros_gz_ugv_ws/install/ros_gz_ugv_description/share/ros_gz_ugv_description/models/wpr_simulation2/meshes/wpr1/base.dae
[0.202s] -- Up-to-date: /home/chen/ros_gz_ugv_ws/install/ros_gz_ugv_description/share/ros_gz_ugv_description/models/wpr_simulation2/meshes/wpr1/palm.dae
[0.202s] -- Up-to-date: /home/chen/ros_gz_ugv_ws/install/ros_gz_ugv_description/share/ros_gz_ugv_description/models/wpr_simulation2/meshes/wpr1/upperarm.dae
[0.202s] -- Up-to-date: /home/chen/ros_gz_ugv_ws/install/ros_gz_ugv_description/share/ros_gz_ugv_description/models/wpr_simulation2/meshes/wpr1/forearm.dae
[0.202s] -- Up-to-date: /home/chen/ros_gz_ugv_ws/install/ros_gz_ugv_description/share/ros_gz_ugv_description/models/wpr_simulation2/meshes/wpr1/torso.dae
[0.202s] -- Up-to-date: /home/chen/ros_gz_ugv_ws/install/ros_gz_ugv_description/share/ros_gz_ugv_description/models/wpr_simulation2/meshes/wpr1/finger.dae
[0.203s] -- Up-to-date: /home/chen/ros_gz_ugv_ws/install/ros_gz_ugv_description/share/ros_gz_ugv_description/models/wpr_simulation2/meshes/wpr1/fingertip.dae
[0.203s] -- Up-to-date: /home/chen/ros_gz_ugv_ws/install/ros_gz_ugv_description/share/ros_gz_ugv_description/models/wpr_simulation2/meshes/woman
[0.203s] -- Up-to-date: /home/chen/ros_gz_ugv_ws/install/ros_gz_ugv_description/share/ros_gz_ugv_description/models/wpr_simulation2/meshes/woman/color.png
[0.203s] -- Up-to-date: /home/chen/ros_gz_ugv_ws/install/ros_gz_ugv_description/share/ros_gz_ugv_description/models/wpr_simulation2/meshes/woman/woman.dae
[0.204s] -- Up-to-date: /home/chen/ros_gz_ugv_ws/install/ros_gz_ugv_description/share/ros_gz_ugv_description/models/wpr_simulation2/meshes/kai
[0.204s] -- Up-to-date: /home/chen/ros_gz_ugv_ws/install/ros_gz_ugv_description/share/ros_gz_ugv_description/models/wpr_simulation2/meshes/kai/kai_standing.dae
[0.204s] -- Up-to-date: /home/chen/ros_gz_ugv_ws/install/ros_gz_ugv_description/share/ros_gz_ugv_description/models/wpr_simulation2/meshes/kai/1931_LaFeiEr_D_512.png
[0.205s] -- Up-to-date: /home/chen/ros_gz_ugv_ws/install/ros_gz_ugv_description/share/ros_gz_ugv_description/models/rrbot
[0.205s] -- Up-to-date: /home/chen/ros_gz_ugv_ws/install/ros_gz_ugv_description/share/ros_gz_ugv_description/models/rrbot/model.sdf
[0.205s] -- Up-to-date: /home/chen/ros_gz_ugv_ws/install/ros_gz_ugv_description/share/ros_gz_ugv_description/environment/ros_gz_ugv_description.dsv
[0.206s] -- Up-to-date: /home/chen/ros_gz_ugv_ws/install/ros_gz_ugv_description/share/ros_gz_ugv_description/environment/ros_gz_ugv_description.sh
[0.206s] -- Up-to-date: /home/chen/ros_gz_ugv_ws/install/ros_gz_ugv_description/share/ament_index/resource_index/package_run_dependencies/ros_gz_ugv_description
[0.207s] -- Up-to-date: /home/chen/ros_gz_ugv_ws/install/ros_gz_ugv_description/share/ament_index/resource_index/parent_prefix_path/ros_gz_ugv_description
[0.207s] -- Up-to-date: /home/chen/ros_gz_ugv_ws/install/ros_gz_ugv_description/share/ros_gz_ugv_description/environment/ament_prefix_path.sh
[0.207s] -- Up-to-date: /home/chen/ros_gz_ugv_ws/install/ros_gz_ugv_description/share/ros_gz_ugv_description/environment/ament_prefix_path.dsv
[0.207s] -- Up-to-date: /home/chen/ros_gz_ugv_ws/install/ros_gz_ugv_description/share/ros_gz_ugv_description/environment/path.sh
[0.208s] -- Up-to-date: /home/chen/ros_gz_ugv_ws/install/ros_gz_ugv_description/share/ros_gz_ugv_description/environment/path.dsv
[0.208s] -- Up-to-date: /home/chen/ros_gz_ugv_ws/install/ros_gz_ugv_description/share/ros_gz_ugv_description/local_setup.bash
[0.208s] -- Up-to-date: /home/chen/ros_gz_ugv_ws/install/ros_gz_ugv_description/share/ros_gz_ugv_description/local_setup.sh
[0.209s] -- Up-to-date: /home/chen/ros_gz_ugv_ws/install/ros_gz_ugv_description/share/ros_gz_ugv_description/local_setup.zsh
[0.210s] -- Up-to-date: /home/chen/ros_gz_ugv_ws/install/ros_gz_ugv_description/share/ros_gz_ugv_description/local_setup.dsv
[0.210s] -- Installing: /home/chen/ros_gz_ugv_ws/install/ros_gz_ugv_description/share/ros_gz_ugv_description/package.dsv
[0.210s] -- Up-to-date: /home/chen/ros_gz_ugv_ws/install/ros_gz_ugv_description/share/ament_index/resource_index/packages/ros_gz_ugv_description
[0.211s] -- Up-to-date: /home/chen/ros_gz_ugv_ws/install/ros_gz_ugv_description/share/ros_gz_ugv_description/cmake/ros_gz_ugv_descriptionConfig.cmake
[0.211s] -- Up-to-date: /home/chen/ros_gz_ugv_ws/install/ros_gz_ugv_description/share/ros_gz_ugv_description/cmake/ros_gz_ugv_descriptionConfig-version.cmake
[0.211s] -- Up-to-date: /home/chen/ros_gz_ugv_ws/install/ros_gz_ugv_description/share/ros_gz_ugv_description/package.xml
[0.220s] Invoked command in '/home/chen/ros_gz_ugv_ws/build/ros_gz_ugv_description' returned '0': CMAKE_PREFIX_PATH=${CMAKE_PREFIX_PATH}:/opt/ros/jazzy DEBUGINFOD_URLS=https://debuginfod.ubuntu.com /usr/bin/cmake --install /home/chen/ros_gz_ugv_ws/build/ros_gz_ugv_description
