[0.019s] Invoking command in '/home/chen/ros_gz_ugv_ws/build/ros_gz_ugv_bringup': CMAKE_PREFIX_PATH=/home/chen/ros_gz_ugv_ws/install/ros_gz_ugv_gazebo:/home/chen/ros_gz_ugv_ws/install/ros_gz_ugv_description:/home/chen/ros_gz_ugv_ws/install/ros_gz_ugv_bringup:/home/chen/ros_gz_ugv_ws/install/ros_gz_ugv_application:/opt/ros/jazzy/opt/gz_sim_vendor:/opt/ros/jazzy/opt/gz_sensors_vendor:/opt/ros/jazzy/opt/gz_physics_vendor:/opt/ros/jazzy/opt/sdformat_vendor:/opt/ros/jazzy/opt/gz_gui_vendor:/opt/ros/jazzy/opt/gz_transport_vendor:/opt/ros/jazzy/opt/gz_rendering_vendor:/opt/ros/jazzy/opt/gz_plugin_vendor:/opt/ros/jazzy/opt/gz_fuel_tools_vendor:/opt/ros/jazzy/opt/gz_msgs_vendor:/opt/ros/jazzy/opt/gz_common_vendor:/opt/ros/jazzy/opt/gz_math_vendor:/opt/ros/jazzy/opt/gz_utils_vendor:/opt/ros/jazzy/opt/gz_tools_vendor:/opt/ros/jazzy/opt/gz_ogre_next_vendor:/opt/ros/jazzy/opt/gz_dartsim_vendor:/opt/ros/jazzy/opt/gz_cmake_vendor:/opt/ros/jazzy DEBUGINFOD_URLS=https://debuginfod.ubuntu.com GZ_SIM_PLUGIN_PATH=/home/chen/ros_gz_ugv_ws/install/ros_gz_ugv_gazebo/lib/ros_gz_ugv_gazebo GZ_SIM_RESOURCE_PATH=/home/chen/ros_gz_ugv_ws/install/ros_gz_ugv_description/share/ros_gz_ugv_description/models:${GZ_SIM_RESOURCE_PATH} /usr/bin/cmake --build /home/chen/ros_gz_ugv_ws/build/ros_gz_ugv_bringup -- -j12 -l12
[0.108s] Invoked command in '/home/chen/ros_gz_ugv_ws/build/ros_gz_ugv_bringup' returned '0': CMAKE_PREFIX_PATH=/home/chen/ros_gz_ugv_ws/install/ros_gz_ugv_gazebo:/home/chen/ros_gz_ugv_ws/install/ros_gz_ugv_description:/home/chen/ros_gz_ugv_ws/install/ros_gz_ugv_bringup:/home/chen/ros_gz_ugv_ws/install/ros_gz_ugv_application:/opt/ros/jazzy/opt/gz_sim_vendor:/opt/ros/jazzy/opt/gz_sensors_vendor:/opt/ros/jazzy/opt/gz_physics_vendor:/opt/ros/jazzy/opt/sdformat_vendor:/opt/ros/jazzy/opt/gz_gui_vendor:/opt/ros/jazzy/opt/gz_transport_vendor:/opt/ros/jazzy/opt/gz_rendering_vendor:/opt/ros/jazzy/opt/gz_plugin_vendor:/opt/ros/jazzy/opt/gz_fuel_tools_vendor:/opt/ros/jazzy/opt/gz_msgs_vendor:/opt/ros/jazzy/opt/gz_common_vendor:/opt/ros/jazzy/opt/gz_math_vendor:/opt/ros/jazzy/opt/gz_utils_vendor:/opt/ros/jazzy/opt/gz_tools_vendor:/opt/ros/jazzy/opt/gz_ogre_next_vendor:/opt/ros/jazzy/opt/gz_dartsim_vendor:/opt/ros/jazzy/opt/gz_cmake_vendor:/opt/ros/jazzy DEBUGINFOD_URLS=https://debuginfod.ubuntu.com GZ_SIM_PLUGIN_PATH=/home/chen/ros_gz_ugv_ws/install/ros_gz_ugv_gazebo/lib/ros_gz_ugv_gazebo GZ_SIM_RESOURCE_PATH=/home/chen/ros_gz_ugv_ws/install/ros_gz_ugv_description/share/ros_gz_ugv_description/models:${GZ_SIM_RESOURCE_PATH} /usr/bin/cmake --build /home/chen/ros_gz_ugv_ws/build/ros_gz_ugv_bringup -- -j12 -l12
[0.110s] Invoking command in '/home/chen/ros_gz_ugv_ws/build/ros_gz_ugv_bringup': CMAKE_PREFIX_PATH=/home/chen/ros_gz_ugv_ws/install/ros_gz_ugv_gazebo:/home/chen/ros_gz_ugv_ws/install/ros_gz_ugv_description:/home/chen/ros_gz_ugv_ws/install/ros_gz_ugv_bringup:/home/chen/ros_gz_ugv_ws/install/ros_gz_ugv_application:/opt/ros/jazzy/opt/gz_sim_vendor:/opt/ros/jazzy/opt/gz_sensors_vendor:/opt/ros/jazzy/opt/gz_physics_vendor:/opt/ros/jazzy/opt/sdformat_vendor:/opt/ros/jazzy/opt/gz_gui_vendor:/opt/ros/jazzy/opt/gz_transport_vendor:/opt/ros/jazzy/opt/gz_rendering_vendor:/opt/ros/jazzy/opt/gz_plugin_vendor:/opt/ros/jazzy/opt/gz_fuel_tools_vendor:/opt/ros/jazzy/opt/gz_msgs_vendor:/opt/ros/jazzy/opt/gz_common_vendor:/opt/ros/jazzy/opt/gz_math_vendor:/opt/ros/jazzy/opt/gz_utils_vendor:/opt/ros/jazzy/opt/gz_tools_vendor:/opt/ros/jazzy/opt/gz_ogre_next_vendor:/opt/ros/jazzy/opt/gz_dartsim_vendor:/opt/ros/jazzy/opt/gz_cmake_vendor:/opt/ros/jazzy DEBUGINFOD_URLS=https://debuginfod.ubuntu.com GZ_SIM_PLUGIN_PATH=/home/chen/ros_gz_ugv_ws/install/ros_gz_ugv_gazebo/lib/ros_gz_ugv_gazebo GZ_SIM_RESOURCE_PATH=/home/chen/ros_gz_ugv_ws/install/ros_gz_ugv_description/share/ros_gz_ugv_description/models:${GZ_SIM_RESOURCE_PATH} /usr/bin/cmake --install /home/chen/ros_gz_ugv_ws/build/ros_gz_ugv_bringup
[0.132s] -- Install configuration: ""
[0.132s] -- Up-to-date: /home/chen/ros_gz_ugv_ws/install/ros_gz_ugv_bringup/share/ros_gz_ugv_bringup/launch
[0.132s] -- Up-to-date: /home/chen/ros_gz_ugv_ws/install/ros_gz_ugv_bringup/share/ros_gz_ugv_bringup/launch/diff_drive.launch.py
[0.133s] -- Up-to-date: /home/chen/ros_gz_ugv_ws/install/ros_gz_ugv_bringup/share/ros_gz_ugv_bringup/launch/robocup_home.launch.py
[0.133s] -- Up-to-date: /home/chen/ros_gz_ugv_ws/install/ros_gz_ugv_bringup/share/ros_gz_ugv_bringup/launch/rrbot_setup.launch.py
[0.133s] -- Installing: /home/chen/ros_gz_ugv_ws/install/ros_gz_ugv_bringup/share/ros_gz_ugv_bringup/launch/ugv.launch.py
[0.133s] -- Up-to-date: /home/chen/ros_gz_ugv_ws/install/ros_gz_ugv_bringup/share/ros_gz_ugv_bringup/config
[0.134s] -- Up-to-date: /home/chen/ros_gz_ugv_ws/install/ros_gz_ugv_bringup/share/ros_gz_ugv_bringup/config/rrbot.rviz
[0.134s] -- Up-to-date: /home/chen/ros_gz_ugv_ws/install/ros_gz_ugv_bringup/share/ros_gz_ugv_bringup/config/ros_gz_ugv_bridge.yaml
[0.134s] -- Up-to-date: /home/chen/ros_gz_ugv_ws/install/ros_gz_ugv_bringup/share/ros_gz_ugv_bringup/config/diff_drive.rviz
[0.134s] -- Up-to-date: /home/chen/ros_gz_ugv_ws/install/ros_gz_ugv_bringup/share/ament_index/resource_index/package_run_dependencies/ros_gz_ugv_bringup
[0.135s] -- Up-to-date: /home/chen/ros_gz_ugv_ws/install/ros_gz_ugv_bringup/share/ament_index/resource_index/parent_prefix_path/ros_gz_ugv_bringup
[0.135s] -- Up-to-date: /home/chen/ros_gz_ugv_ws/install/ros_gz_ugv_bringup/share/ros_gz_ugv_bringup/environment/ament_prefix_path.sh
[0.135s] -- Up-to-date: /home/chen/ros_gz_ugv_ws/install/ros_gz_ugv_bringup/share/ros_gz_ugv_bringup/environment/ament_prefix_path.dsv
[0.135s] -- Up-to-date: /home/chen/ros_gz_ugv_ws/install/ros_gz_ugv_bringup/share/ros_gz_ugv_bringup/environment/path.sh
[0.136s] -- Up-to-date: /home/chen/ros_gz_ugv_ws/install/ros_gz_ugv_bringup/share/ros_gz_ugv_bringup/environment/path.dsv
[0.136s] -- Up-to-date: /home/chen/ros_gz_ugv_ws/install/ros_gz_ugv_bringup/share/ros_gz_ugv_bringup/local_setup.bash
[0.136s] -- Up-to-date: /home/chen/ros_gz_ugv_ws/install/ros_gz_ugv_bringup/share/ros_gz_ugv_bringup/local_setup.sh
[0.136s] -- Up-to-date: /home/chen/ros_gz_ugv_ws/install/ros_gz_ugv_bringup/share/ros_gz_ugv_bringup/local_setup.zsh
[0.136s] -- Up-to-date: /home/chen/ros_gz_ugv_ws/install/ros_gz_ugv_bringup/share/ros_gz_ugv_bringup/local_setup.dsv
[0.137s] -- Installing: /home/chen/ros_gz_ugv_ws/install/ros_gz_ugv_bringup/share/ros_gz_ugv_bringup/package.dsv
[0.137s] -- Up-to-date: /home/chen/ros_gz_ugv_ws/install/ros_gz_ugv_bringup/share/ament_index/resource_index/packages/ros_gz_ugv_bringup
[0.137s] -- Up-to-date: /home/chen/ros_gz_ugv_ws/install/ros_gz_ugv_bringup/share/ros_gz_ugv_bringup/cmake/ros_gz_ugv_bringupConfig.cmake
[0.137s] -- Up-to-date: /home/chen/ros_gz_ugv_ws/install/ros_gz_ugv_bringup/share/ros_gz_ugv_bringup/cmake/ros_gz_ugv_bringupConfig-version.cmake
[0.138s] -- Up-to-date: /home/chen/ros_gz_ugv_ws/install/ros_gz_ugv_bringup/share/ros_gz_ugv_bringup/package.xml
[0.140s] Invoked command in '/home/chen/ros_gz_ugv_ws/build/ros_gz_ugv_bringup' returned '0': CMAKE_PREFIX_PATH=/home/chen/ros_gz_ugv_ws/install/ros_gz_ugv_gazebo:/home/chen/ros_gz_ugv_ws/install/ros_gz_ugv_description:/home/chen/ros_gz_ugv_ws/install/ros_gz_ugv_bringup:/home/chen/ros_gz_ugv_ws/install/ros_gz_ugv_application:/opt/ros/jazzy/opt/gz_sim_vendor:/opt/ros/jazzy/opt/gz_sensors_vendor:/opt/ros/jazzy/opt/gz_physics_vendor:/opt/ros/jazzy/opt/sdformat_vendor:/opt/ros/jazzy/opt/gz_gui_vendor:/opt/ros/jazzy/opt/gz_transport_vendor:/opt/ros/jazzy/opt/gz_rendering_vendor:/opt/ros/jazzy/opt/gz_plugin_vendor:/opt/ros/jazzy/opt/gz_fuel_tools_vendor:/opt/ros/jazzy/opt/gz_msgs_vendor:/opt/ros/jazzy/opt/gz_common_vendor:/opt/ros/jazzy/opt/gz_math_vendor:/opt/ros/jazzy/opt/gz_utils_vendor:/opt/ros/jazzy/opt/gz_tools_vendor:/opt/ros/jazzy/opt/gz_ogre_next_vendor:/opt/ros/jazzy/opt/gz_dartsim_vendor:/opt/ros/jazzy/opt/gz_cmake_vendor:/opt/ros/jazzy DEBUGINFOD_URLS=https://debuginfod.ubuntu.com GZ_SIM_PLUGIN_PATH=/home/chen/ros_gz_ugv_ws/install/ros_gz_ugv_gazebo/lib/ros_gz_ugv_gazebo GZ_SIM_RESOURCE_PATH=/home/chen/ros_gz_ugv_ws/install/ros_gz_ugv_description/share/ros_gz_ugv_description/models:${GZ_SIM_RESOURCE_PATH} /usr/bin/cmake --install /home/chen/ros_gz_ugv_ws/build/ros_gz_ugv_bringup
