[0.021s] Invoking command in '/home/chen/ros_gz_ugv_ws/build/ros_gz_ugv_application': CMAKE_PREFIX_PATH=${CMAKE_PREFIX_PATH}:/opt/ros/jazzy DEBUGINFOD_URLS=https://debuginfod.ubuntu.com /usr/bin/cmake --build /home/chen/ros_gz_ugv_ws/build/ros_gz_ugv_application -- -j12 -l12
[0.075s] -- Found ament_cmake: 2.5.3 (/opt/ros/jazzy/share/ament_cmake/cmake)
[0.668s] -- Configuring done (0.6s)
[0.677s] -- Generating done (0.0s)
[0.682s] -- Build files have been written to: /home/chen/ros_gz_ugv_ws/build/ros_gz_ugv_application
[0.742s] Invoked command in '/home/chen/ros_gz_ugv_ws/build/ros_gz_ugv_application' returned '0': CMAKE_PREFIX_PATH=${CMAKE_PREFIX_PATH}:/opt/ros/jazzy DEBUGINFOD_URLS=https://debuginfod.ubuntu.com /usr/bin/cmake --build /home/chen/ros_gz_ugv_ws/build/ros_gz_ugv_application -- -j12 -l12
[0.746s] Invoking command in '/home/chen/ros_gz_ugv_ws/build/ros_gz_ugv_application': CMAKE_PREFIX_PATH=${CMAKE_PREFIX_PATH}:/opt/ros/jazzy DEBUGINFOD_URLS=https://debuginfod.ubuntu.com /usr/bin/cmake --install /home/chen/ros_gz_ugv_ws/build/ros_gz_ugv_application
[0.760s] -- Install configuration: ""
[0.761s] -- Up-to-date: /home/chen/ros_gz_ugv_ws/install/ros_gz_ugv_application/share/ament_index/resource_index/package_run_dependencies/ros_gz_ugv_application
[0.761s] -- Up-to-date: /home/chen/ros_gz_ugv_ws/install/ros_gz_ugv_application/share/ament_index/resource_index/parent_prefix_path/ros_gz_ugv_application
[0.761s] -- Installing: /home/chen/ros_gz_ugv_ws/install/ros_gz_ugv_application/share/ros_gz_ugv_application/environment/ament_prefix_path.sh
[0.762s] -- Up-to-date: /home/chen/ros_gz_ugv_ws/install/ros_gz_ugv_application/share/ros_gz_ugv_application/environment/ament_prefix_path.dsv
[0.762s] -- Installing: /home/chen/ros_gz_ugv_ws/install/ros_gz_ugv_application/share/ros_gz_ugv_application/environment/path.sh
[0.763s] -- Up-to-date: /home/chen/ros_gz_ugv_ws/install/ros_gz_ugv_application/share/ros_gz_ugv_application/environment/path.dsv
[0.763s] -- Up-to-date: /home/chen/ros_gz_ugv_ws/install/ros_gz_ugv_application/share/ros_gz_ugv_application/local_setup.bash
[0.763s] -- Up-to-date: /home/chen/ros_gz_ugv_ws/install/ros_gz_ugv_application/share/ros_gz_ugv_application/local_setup.sh
[0.763s] -- Up-to-date: /home/chen/ros_gz_ugv_ws/install/ros_gz_ugv_application/share/ros_gz_ugv_application/local_setup.zsh
[0.764s] -- Up-to-date: /home/chen/ros_gz_ugv_ws/install/ros_gz_ugv_application/share/ros_gz_ugv_application/local_setup.dsv
[0.764s] -- Up-to-date: /home/chen/ros_gz_ugv_ws/install/ros_gz_ugv_application/share/ros_gz_ugv_application/package.dsv
[0.764s] -- Up-to-date: /home/chen/ros_gz_ugv_ws/install/ros_gz_ugv_application/share/ament_index/resource_index/packages/ros_gz_ugv_application
[0.764s] -- Up-to-date: /home/chen/ros_gz_ugv_ws/install/ros_gz_ugv_application/share/ros_gz_ugv_application/cmake/ros_gz_ugv_applicationConfig.cmake
[0.764s] -- Up-to-date: /home/chen/ros_gz_ugv_ws/install/ros_gz_ugv_application/share/ros_gz_ugv_application/cmake/ros_gz_ugv_applicationConfig-version.cmake
[0.765s] -- Up-to-date: /home/chen/ros_gz_ugv_ws/install/ros_gz_ugv_application/share/ros_gz_ugv_application/package.xml
[0.767s] Invoked command in '/home/chen/ros_gz_ugv_ws/build/ros_gz_ugv_application' returned '0': CMAKE_PREFIX_PATH=${CMAKE_PREFIX_PATH}:/opt/ros/jazzy DEBUGINFOD_URLS=https://debuginfod.ubuntu.com /usr/bin/cmake --install /home/chen/ros_gz_ugv_ws/build/ros_gz_ugv_application
