[0.007s] Invoking command in '/home/chen/ros_gz_ugv_ws/build/ros_gz_ugv_description': CMAKE_PREFIX_PATH=${CMAKE_PREFIX_PATH}:/opt/ros/jazzy /usr/bin/cmake --build /home/chen/ros_gz_ugv_ws/build/ros_gz_ugv_description -- -j28 -l28
[0.031s] Invoked command in '/home/chen/ros_gz_ugv_ws/build/ros_gz_ugv_description' returned '0': CMAKE_PREFIX_PATH=${CMAKE_PREFIX_PATH}:/opt/ros/jazzy /usr/bin/cmake --build /home/chen/ros_gz_ugv_ws/build/ros_gz_ugv_description -- -j28 -l28
[0.036s] Invoking command in '/home/chen/ros_gz_ugv_ws/build/ros_gz_ugv_description': CMAKE_PREFIX_PATH=${CMAKE_PREFIX_PATH}:/opt/ros/jazzy /usr/bin/cmake --install /home/chen/ros_gz_ugv_ws/build/ros_gz_ugv_description
[0.040s] -- Install configuration: ""
[0.040s] -- Up-to-date: /home/chen/ros_gz_ugv_ws/install/ros_gz_ugv_description/share/ros_gz_ugv_description/models
[0.040s] -- Up-to-date: /home/chen/ros_gz_ugv_ws/install/ros_gz_ugv_description/share/ros_gz_ugv_description/models/diff_drive
[0.040s] -- Up-to-date: /home/chen/ros_gz_ugv_ws/install/ros_gz_ugv_description/share/ros_gz_ugv_description/models/diff_drive/model.sdf
[0.040s] -- Up-to-date: /home/chen/ros_gz_ugv_ws/install/ros_gz_ugv_description/share/ros_gz_ugv_description/models/diff_drive/model.config
[0.040s] -- Up-to-date: /home/chen/ros_gz_ugv_ws/install/ros_gz_ugv_description/share/ros_gz_ugv_description/models/rrbot
[0.040s] -- Up-to-date: /home/chen/ros_gz_ugv_ws/install/ros_gz_ugv_description/share/ros_gz_ugv_description/models/rrbot/model.sdf
[0.040s] -- Up-to-date: /home/chen/ros_gz_ugv_ws/install/ros_gz_ugv_description/share/ros_gz_ugv_description/environment/ros_gz_ugv_description.dsv
[0.040s] -- Up-to-date: /home/chen/ros_gz_ugv_ws/install/ros_gz_ugv_description/share/ros_gz_ugv_description/environment/ros_gz_ugv_description.sh
[0.040s] -- Up-to-date: /home/chen/ros_gz_ugv_ws/install/ros_gz_ugv_description/share/ament_index/resource_index/package_run_dependencies/ros_gz_ugv_description
[0.040s] -- Up-to-date: /home/chen/ros_gz_ugv_ws/install/ros_gz_ugv_description/share/ament_index/resource_index/parent_prefix_path/ros_gz_ugv_description
[0.041s] -- Up-to-date: /home/chen/ros_gz_ugv_ws/install/ros_gz_ugv_description/share/ros_gz_ugv_description/environment/ament_prefix_path.sh
[0.041s] -- Up-to-date: /home/chen/ros_gz_ugv_ws/install/ros_gz_ugv_description/share/ros_gz_ugv_description/environment/ament_prefix_path.dsv
[0.041s] -- Up-to-date: /home/chen/ros_gz_ugv_ws/install/ros_gz_ugv_description/share/ros_gz_ugv_description/environment/path.sh
[0.041s] -- Up-to-date: /home/chen/ros_gz_ugv_ws/install/ros_gz_ugv_description/share/ros_gz_ugv_description/environment/path.dsv
[0.041s] -- Up-to-date: /home/chen/ros_gz_ugv_ws/install/ros_gz_ugv_description/share/ros_gz_ugv_description/local_setup.bash
[0.041s] -- Up-to-date: /home/chen/ros_gz_ugv_ws/install/ros_gz_ugv_description/share/ros_gz_ugv_description/local_setup.sh
[0.041s] -- Up-to-date: /home/chen/ros_gz_ugv_ws/install/ros_gz_ugv_description/share/ros_gz_ugv_description/local_setup.zsh
[0.041s] -- Up-to-date: /home/chen/ros_gz_ugv_ws/install/ros_gz_ugv_description/share/ros_gz_ugv_description/local_setup.dsv
[0.042s] -- Up-to-date: /home/chen/ros_gz_ugv_ws/install/ros_gz_ugv_description/share/ros_gz_ugv_description/package.dsv
[0.042s] -- Up-to-date: /home/chen/ros_gz_ugv_ws/install/ros_gz_ugv_description/share/ament_index/resource_index/packages/ros_gz_ugv_description
[0.042s] -- Up-to-date: /home/chen/ros_gz_ugv_ws/install/ros_gz_ugv_description/share/ros_gz_ugv_description/cmake/ros_gz_ugv_descriptionConfig.cmake
[0.042s] -- Up-to-date: /home/chen/ros_gz_ugv_ws/install/ros_gz_ugv_description/share/ros_gz_ugv_description/cmake/ros_gz_ugv_descriptionConfig-version.cmake
[0.042s] -- Up-to-date: /home/chen/ros_gz_ugv_ws/install/ros_gz_ugv_description/share/ros_gz_ugv_description/package.xml
[0.044s] Invoked command in '/home/chen/ros_gz_ugv_ws/build/ros_gz_ugv_description' returned '0': CMAKE_PREFIX_PATH=${CMAKE_PREFIX_PATH}:/opt/ros/jazzy /usr/bin/cmake --install /home/chen/ros_gz_ugv_ws/build/ros_gz_ugv_description
