[0.199s] DEBUG:colcon:Command line arguments: ['/usr/bin/colcon', 'build']
[0.199s] DEBUG:colcon:Parsed command line arguments: Namespace(log_base=None, log_level=None, verb_name='build', build_base='build', install_base='install', merge_install=False, symlink_install=False, test_result_base=None, continue_on_error=False, executor='parallel', parallel_workers=12, event_handlers=None, ignore_user_meta=False, metas=['./colcon.meta'], base_paths=['.'], packages_ignore=None, packages_ignore_regex=None, paths=None, packages_up_to=None, packages_up_to_regex=None, packages_above=None, packages_above_and_dependencies=None, packages_above_depth=None, packages_select_by_dep=None, packages_skip_by_dep=None, packages_skip_up_to=None, packages_select_build_failed=False, packages_skip_build_finished=False, packages_select_test_failures=False, packages_skip_test_passed=False, packages_select=None, packages_skip=None, packages_select_regex=None, packages_skip_regex=None, packages_start=None, packages_end=None, allow_overriding=[], cmake_args=None, cmake_target=None, cmake_target_skip_unavailable=False, cmake_clean_cache=False, cmake_clean_first=False, cmake_force_configure=False, ament_cmake_args=None, catkin_cmake_args=None, catkin_skip_building_tests=False, mixin_files=None, mixin=None, verb_parser=<colcon_mixin.mixin.mixin_argument.MixinArgumentDecorator object at 0x7ff8829303e0>, verb_extension=<colcon_core.verb.build.BuildVerb object at 0x7ff8829301a0>, main=<bound method BuildVerb.main of <colcon_core.verb.build.BuildVerb object at 0x7ff8829301a0>>, mixin_verb=('build',))
[0.275s] Level 1:colcon.colcon_core.package_discovery:discover_packages(colcon_meta) check parameters
[0.276s] Level 1:colcon.colcon_core.package_discovery:discover_packages(recursive) check parameters
[0.276s] Level 1:colcon.colcon_core.package_discovery:discover_packages(ignore) check parameters
[0.276s] Level 1:colcon.colcon_core.package_discovery:discover_packages(path) check parameters
[0.276s] Level 1:colcon.colcon_core.package_discovery:discover_packages(colcon_meta) discover
[0.276s] Level 1:colcon.colcon_core.package_discovery:discover_packages(recursive) discover
[0.276s] INFO:colcon.colcon_core.package_discovery:Crawling recursively for packages in '/home/chen/ros_gz_ugv_ws'
[0.276s] Level 1:colcon.colcon_core.package_identification:_identify(.) by extensions ['ignore', 'ignore_ament_install']
[0.276s] Level 1:colcon.colcon_core.package_identification:_identify(.) by extension 'ignore'
[0.276s] Level 1:colcon.colcon_core.package_identification:_identify(.) by extension 'ignore_ament_install'
[0.277s] Level 1:colcon.colcon_core.package_identification:_identify(.) by extensions ['colcon_pkg']
[0.277s] Level 1:colcon.colcon_core.package_identification:_identify(.) by extension 'colcon_pkg'
[0.277s] Level 1:colcon.colcon_core.package_identification:_identify(.) by extensions ['colcon_meta']
[0.277s] Level 1:colcon.colcon_core.package_identification:_identify(.) by extension 'colcon_meta'
[0.277s] Level 1:colcon.colcon_core.package_identification:_identify(.) by extensions ['ros']
[0.277s] Level 1:colcon.colcon_core.package_identification:_identify(.) by extension 'ros'
[0.320s] Level 1:colcon.colcon_core.package_identification:_identify(.) by extensions ['cmake', 'python']
[0.320s] Level 1:colcon.colcon_core.package_identification:_identify(.) by extension 'cmake'
[0.320s] Level 1:colcon.colcon_core.package_identification:_identify(.) by extension 'python'
[0.320s] Level 1:colcon.colcon_core.package_identification:_identify(.) by extensions ['python_setup_py']
[0.320s] Level 1:colcon.colcon_core.package_identification:_identify(.) by extension 'python_setup_py'
[0.320s] Level 1:colcon.colcon_core.package_identification:_identify(build) by extensions ['ignore', 'ignore_ament_install']
[0.320s] Level 1:colcon.colcon_core.package_identification:_identify(build) by extension 'ignore'
[0.320s] Level 1:colcon.colcon_core.package_identification:_identify(build) ignored
[0.321s] Level 1:colcon.colcon_core.package_identification:_identify(install) by extensions ['ignore', 'ignore_ament_install']
[0.321s] Level 1:colcon.colcon_core.package_identification:_identify(install) by extension 'ignore'
[0.321s] Level 1:colcon.colcon_core.package_identification:_identify(install) ignored
[0.321s] Level 1:colcon.colcon_core.package_identification:_identify(learning) by extensions ['ignore', 'ignore_ament_install']
[0.321s] Level 1:colcon.colcon_core.package_identification:_identify(learning) by extension 'ignore'
[0.321s] Level 1:colcon.colcon_core.package_identification:_identify(learning) by extension 'ignore_ament_install'
[0.321s] Level 1:colcon.colcon_core.package_identification:_identify(learning) by extensions ['colcon_pkg']
[0.321s] Level 1:colcon.colcon_core.package_identification:_identify(learning) by extension 'colcon_pkg'
[0.321s] Level 1:colcon.colcon_core.package_identification:_identify(learning) by extensions ['colcon_meta']
[0.321s] Level 1:colcon.colcon_core.package_identification:_identify(learning) by extension 'colcon_meta'
[0.321s] Level 1:colcon.colcon_core.package_identification:_identify(learning) by extensions ['ros']
[0.321s] Level 1:colcon.colcon_core.package_identification:_identify(learning) by extension 'ros'
[0.322s] Level 1:colcon.colcon_core.package_identification:_identify(learning) by extensions ['cmake', 'python']
[0.322s] Level 1:colcon.colcon_core.package_identification:_identify(learning) by extension 'cmake'
[0.322s] Level 1:colcon.colcon_core.package_identification:_identify(learning) by extension 'python'
[0.322s] Level 1:colcon.colcon_core.package_identification:_identify(learning) by extensions ['python_setup_py']
[0.322s] Level 1:colcon.colcon_core.package_identification:_identify(learning) by extension 'python_setup_py'
[0.322s] Level 1:colcon.colcon_core.package_identification:_identify(log) by extensions ['ignore', 'ignore_ament_install']
[0.322s] Level 1:colcon.colcon_core.package_identification:_identify(log) by extension 'ignore'
[0.322s] Level 1:colcon.colcon_core.package_identification:_identify(log) ignored
[0.322s] Level 1:colcon.colcon_core.package_identification:_identify(src) by extensions ['ignore', 'ignore_ament_install']
[0.322s] Level 1:colcon.colcon_core.package_identification:_identify(src) by extension 'ignore'
[0.322s] Level 1:colcon.colcon_core.package_identification:_identify(src) by extension 'ignore_ament_install'
[0.323s] Level 1:colcon.colcon_core.package_identification:_identify(src) by extensions ['colcon_pkg']
[0.323s] Level 1:colcon.colcon_core.package_identification:_identify(src) by extension 'colcon_pkg'
[0.323s] Level 1:colcon.colcon_core.package_identification:_identify(src) by extensions ['colcon_meta']
[0.323s] Level 1:colcon.colcon_core.package_identification:_identify(src) by extension 'colcon_meta'
[0.323s] Level 1:colcon.colcon_core.package_identification:_identify(src) by extensions ['ros']
[0.323s] Level 1:colcon.colcon_core.package_identification:_identify(src) by extension 'ros'
[0.323s] Level 1:colcon.colcon_core.package_identification:_identify(src) by extensions ['cmake', 'python']
[0.323s] Level 1:colcon.colcon_core.package_identification:_identify(src) by extension 'cmake'
[0.323s] Level 1:colcon.colcon_core.package_identification:_identify(src) by extension 'python'
[0.323s] Level 1:colcon.colcon_core.package_identification:_identify(src) by extensions ['python_setup_py']
[0.323s] Level 1:colcon.colcon_core.package_identification:_identify(src) by extension 'python_setup_py'
[0.323s] Level 1:colcon.colcon_core.package_identification:_identify(src/ros_gz_ugv_application) by extensions ['ignore', 'ignore_ament_install']
[0.323s] Level 1:colcon.colcon_core.package_identification:_identify(src/ros_gz_ugv_application) by extension 'ignore'
[0.324s] Level 1:colcon.colcon_core.package_identification:_identify(src/ros_gz_ugv_application) by extension 'ignore_ament_install'
[0.324s] Level 1:colcon.colcon_core.package_identification:_identify(src/ros_gz_ugv_application) by extensions ['colcon_pkg']
[0.324s] Level 1:colcon.colcon_core.package_identification:_identify(src/ros_gz_ugv_application) by extension 'colcon_pkg'
[0.324s] Level 1:colcon.colcon_core.package_identification:_identify(src/ros_gz_ugv_application) by extensions ['colcon_meta']
[0.324s] Level 1:colcon.colcon_core.package_identification:_identify(src/ros_gz_ugv_application) by extension 'colcon_meta'
[0.324s] Level 1:colcon.colcon_core.package_identification:_identify(src/ros_gz_ugv_application) by extensions ['ros']
[0.324s] Level 1:colcon.colcon_core.package_identification:_identify(src/ros_gz_ugv_application) by extension 'ros'
[0.328s] DEBUG:colcon.colcon_core.package_identification:Package 'src/ros_gz_ugv_application' with type 'ros.ament_cmake' and name 'ros_gz_ugv_application'
[0.328s] Level 1:colcon.colcon_core.package_identification:_identify(src/ros_gz_ugv_bringup) by extensions ['ignore', 'ignore_ament_install']
[0.328s] Level 1:colcon.colcon_core.package_identification:_identify(src/ros_gz_ugv_bringup) by extension 'ignore'
[0.329s] Level 1:colcon.colcon_core.package_identification:_identify(src/ros_gz_ugv_bringup) by extension 'ignore_ament_install'
[0.329s] Level 1:colcon.colcon_core.package_identification:_identify(src/ros_gz_ugv_bringup) by extensions ['colcon_pkg']
[0.329s] Level 1:colcon.colcon_core.package_identification:_identify(src/ros_gz_ugv_bringup) by extension 'colcon_pkg'
[0.329s] Level 1:colcon.colcon_core.package_identification:_identify(src/ros_gz_ugv_bringup) by extensions ['colcon_meta']
[0.329s] Level 1:colcon.colcon_core.package_identification:_identify(src/ros_gz_ugv_bringup) by extension 'colcon_meta'
[0.329s] Level 1:colcon.colcon_core.package_identification:_identify(src/ros_gz_ugv_bringup) by extensions ['ros']
[0.329s] Level 1:colcon.colcon_core.package_identification:_identify(src/ros_gz_ugv_bringup) by extension 'ros'
[0.330s] DEBUG:colcon.colcon_core.package_identification:Package 'src/ros_gz_ugv_bringup' with type 'ros.ament_cmake' and name 'ros_gz_ugv_bringup'
[0.330s] Level 1:colcon.colcon_core.package_identification:_identify(src/ros_gz_ugv_description) by extensions ['ignore', 'ignore_ament_install']
[0.330s] Level 1:colcon.colcon_core.package_identification:_identify(src/ros_gz_ugv_description) by extension 'ignore'
[0.330s] Level 1:colcon.colcon_core.package_identification:_identify(src/ros_gz_ugv_description) by extension 'ignore_ament_install'
[0.330s] Level 1:colcon.colcon_core.package_identification:_identify(src/ros_gz_ugv_description) by extensions ['colcon_pkg']
[0.330s] Level 1:colcon.colcon_core.package_identification:_identify(src/ros_gz_ugv_description) by extension 'colcon_pkg'
[0.331s] Level 1:colcon.colcon_core.package_identification:_identify(src/ros_gz_ugv_description) by extensions ['colcon_meta']
[0.331s] Level 1:colcon.colcon_core.package_identification:_identify(src/ros_gz_ugv_description) by extension 'colcon_meta'
[0.331s] Level 1:colcon.colcon_core.package_identification:_identify(src/ros_gz_ugv_description) by extensions ['ros']
[0.331s] Level 1:colcon.colcon_core.package_identification:_identify(src/ros_gz_ugv_description) by extension 'ros'
[0.331s] DEBUG:colcon.colcon_core.package_identification:Package 'src/ros_gz_ugv_description' with type 'ros.ament_cmake' and name 'ros_gz_ugv_description'
[0.331s] Level 1:colcon.colcon_core.package_identification:_identify(src/ros_gz_ugv_gazebo) by extensions ['ignore', 'ignore_ament_install']
[0.331s] Level 1:colcon.colcon_core.package_identification:_identify(src/ros_gz_ugv_gazebo) by extension 'ignore'
[0.332s] Level 1:colcon.colcon_core.package_identification:_identify(src/ros_gz_ugv_gazebo) by extension 'ignore_ament_install'
[0.332s] Level 1:colcon.colcon_core.package_identification:_identify(src/ros_gz_ugv_gazebo) by extensions ['colcon_pkg']
[0.332s] Level 1:colcon.colcon_core.package_identification:_identify(src/ros_gz_ugv_gazebo) by extension 'colcon_pkg'
[0.332s] Level 1:colcon.colcon_core.package_identification:_identify(src/ros_gz_ugv_gazebo) by extensions ['colcon_meta']
[0.332s] Level 1:colcon.colcon_core.package_identification:_identify(src/ros_gz_ugv_gazebo) by extension 'colcon_meta'
[0.332s] Level 1:colcon.colcon_core.package_identification:_identify(src/ros_gz_ugv_gazebo) by extensions ['ros']
[0.332s] Level 1:colcon.colcon_core.package_identification:_identify(src/ros_gz_ugv_gazebo) by extension 'ros'
[0.333s] DEBUG:colcon.colcon_core.package_identification:Package 'src/ros_gz_ugv_gazebo' with type 'ros.ament_cmake' and name 'ros_gz_ugv_gazebo'
[0.333s] Level 1:colcon.colcon_core.package_discovery:discover_packages(recursive) using defaults
[0.333s] Level 1:colcon.colcon_core.package_discovery:discover_packages(ignore) discover
[0.333s] Level 1:colcon.colcon_core.package_discovery:discover_packages(ignore) using defaults
[0.333s] Level 1:colcon.colcon_core.package_discovery:discover_packages(path) discover
[0.333s] Level 1:colcon.colcon_core.package_discovery:discover_packages(path) using defaults
[0.363s] Level 1:colcon.colcon_core.package_discovery:discover_packages(prefix_path) check parameters
[0.363s] Level 1:colcon.colcon_core.package_discovery:discover_packages(prefix_path) discover
[0.369s] DEBUG:colcon.colcon_installed_package_information.package_discovery:Found 413 installed packages in /opt/ros/jazzy
[0.372s] Level 1:colcon.colcon_core.package_discovery:discover_packages(prefix_path) using defaults
[0.456s] Level 5:colcon.colcon_core.verb:set package 'ros_gz_ugv_application' build argument 'cmake_args' from command line to 'None'
[0.456s] Level 5:colcon.colcon_core.verb:set package 'ros_gz_ugv_application' build argument 'cmake_target' from command line to 'None'
[0.456s] Level 5:colcon.colcon_core.verb:set package 'ros_gz_ugv_application' build argument 'cmake_target_skip_unavailable' from command line to 'False'
[0.456s] Level 5:colcon.colcon_core.verb:set package 'ros_gz_ugv_application' build argument 'cmake_clean_cache' from command line to 'False'
[0.456s] Level 5:colcon.colcon_core.verb:set package 'ros_gz_ugv_application' build argument 'cmake_clean_first' from command line to 'False'
[0.457s] Level 5:colcon.colcon_core.verb:set package 'ros_gz_ugv_application' build argument 'cmake_force_configure' from command line to 'False'
[0.457s] Level 5:colcon.colcon_core.verb:set package 'ros_gz_ugv_application' build argument 'ament_cmake_args' from command line to 'None'
[0.457s] Level 5:colcon.colcon_core.verb:set package 'ros_gz_ugv_application' build argument 'catkin_cmake_args' from command line to 'None'
[0.457s] Level 5:colcon.colcon_core.verb:set package 'ros_gz_ugv_application' build argument 'catkin_skip_building_tests' from command line to 'False'
[0.457s] DEBUG:colcon.colcon_core.verb:Building package 'ros_gz_ugv_application' with the following arguments: {'ament_cmake_args': None, 'build_base': '/home/chen/ros_gz_ugv_ws/build/ros_gz_ugv_application', 'catkin_cmake_args': None, 'catkin_skip_building_tests': False, 'cmake_args': None, 'cmake_clean_cache': False, 'cmake_clean_first': False, 'cmake_force_configure': False, 'cmake_target': None, 'cmake_target_skip_unavailable': False, 'install_base': '/home/chen/ros_gz_ugv_ws/install/ros_gz_ugv_application', 'merge_install': False, 'path': '/home/chen/ros_gz_ugv_ws/src/ros_gz_ugv_application', 'symlink_install': False, 'test_result_base': None}
[0.457s] Level 5:colcon.colcon_core.verb:set package 'ros_gz_ugv_description' build argument 'cmake_args' from command line to 'None'
[0.457s] Level 5:colcon.colcon_core.verb:set package 'ros_gz_ugv_description' build argument 'cmake_target' from command line to 'None'
[0.457s] Level 5:colcon.colcon_core.verb:set package 'ros_gz_ugv_description' build argument 'cmake_target_skip_unavailable' from command line to 'False'
[0.457s] Level 5:colcon.colcon_core.verb:set package 'ros_gz_ugv_description' build argument 'cmake_clean_cache' from command line to 'False'
[0.457s] Level 5:colcon.colcon_core.verb:set package 'ros_gz_ugv_description' build argument 'cmake_clean_first' from command line to 'False'
[0.457s] Level 5:colcon.colcon_core.verb:set package 'ros_gz_ugv_description' build argument 'cmake_force_configure' from command line to 'False'
[0.457s] Level 5:colcon.colcon_core.verb:set package 'ros_gz_ugv_description' build argument 'ament_cmake_args' from command line to 'None'
[0.457s] Level 5:colcon.colcon_core.verb:set package 'ros_gz_ugv_description' build argument 'catkin_cmake_args' from command line to 'None'
[0.457s] Level 5:colcon.colcon_core.verb:set package 'ros_gz_ugv_description' build argument 'catkin_skip_building_tests' from command line to 'False'
[0.457s] DEBUG:colcon.colcon_core.verb:Building package 'ros_gz_ugv_description' with the following arguments: {'ament_cmake_args': None, 'build_base': '/home/chen/ros_gz_ugv_ws/build/ros_gz_ugv_description', 'catkin_cmake_args': None, 'catkin_skip_building_tests': False, 'cmake_args': None, 'cmake_clean_cache': False, 'cmake_clean_first': False, 'cmake_force_configure': False, 'cmake_target': None, 'cmake_target_skip_unavailable': False, 'install_base': '/home/chen/ros_gz_ugv_ws/install/ros_gz_ugv_description', 'merge_install': False, 'path': '/home/chen/ros_gz_ugv_ws/src/ros_gz_ugv_description', 'symlink_install': False, 'test_result_base': None}
[0.458s] Level 5:colcon.colcon_core.verb:set package 'ros_gz_ugv_gazebo' build argument 'cmake_args' from command line to 'None'
[0.458s] Level 5:colcon.colcon_core.verb:set package 'ros_gz_ugv_gazebo' build argument 'cmake_target' from command line to 'None'
[0.458s] Level 5:colcon.colcon_core.verb:set package 'ros_gz_ugv_gazebo' build argument 'cmake_target_skip_unavailable' from command line to 'False'
[0.458s] Level 5:colcon.colcon_core.verb:set package 'ros_gz_ugv_gazebo' build argument 'cmake_clean_cache' from command line to 'False'
[0.458s] Level 5:colcon.colcon_core.verb:set package 'ros_gz_ugv_gazebo' build argument 'cmake_clean_first' from command line to 'False'
[0.458s] Level 5:colcon.colcon_core.verb:set package 'ros_gz_ugv_gazebo' build argument 'cmake_force_configure' from command line to 'False'
[0.458s] Level 5:colcon.colcon_core.verb:set package 'ros_gz_ugv_gazebo' build argument 'ament_cmake_args' from command line to 'None'
[0.458s] Level 5:colcon.colcon_core.verb:set package 'ros_gz_ugv_gazebo' build argument 'catkin_cmake_args' from command line to 'None'
[0.458s] Level 5:colcon.colcon_core.verb:set package 'ros_gz_ugv_gazebo' build argument 'catkin_skip_building_tests' from command line to 'False'
[0.458s] DEBUG:colcon.colcon_core.verb:Building package 'ros_gz_ugv_gazebo' with the following arguments: {'ament_cmake_args': None, 'build_base': '/home/chen/ros_gz_ugv_ws/build/ros_gz_ugv_gazebo', 'catkin_cmake_args': None, 'catkin_skip_building_tests': False, 'cmake_args': None, 'cmake_clean_cache': False, 'cmake_clean_first': False, 'cmake_force_configure': False, 'cmake_target': None, 'cmake_target_skip_unavailable': False, 'install_base': '/home/chen/ros_gz_ugv_ws/install/ros_gz_ugv_gazebo', 'merge_install': False, 'path': '/home/chen/ros_gz_ugv_ws/src/ros_gz_ugv_gazebo', 'symlink_install': False, 'test_result_base': None}
[0.458s] Level 5:colcon.colcon_core.verb:set package 'ros_gz_ugv_bringup' build argument 'cmake_args' from command line to 'None'
[0.459s] Level 5:colcon.colcon_core.verb:set package 'ros_gz_ugv_bringup' build argument 'cmake_target' from command line to 'None'
[0.459s] Level 5:colcon.colcon_core.verb:set package 'ros_gz_ugv_bringup' build argument 'cmake_target_skip_unavailable' from command line to 'False'
[0.459s] Level 5:colcon.colcon_core.verb:set package 'ros_gz_ugv_bringup' build argument 'cmake_clean_cache' from command line to 'False'
[0.459s] Level 5:colcon.colcon_core.verb:set package 'ros_gz_ugv_bringup' build argument 'cmake_clean_first' from command line to 'False'
[0.459s] Level 5:colcon.colcon_core.verb:set package 'ros_gz_ugv_bringup' build argument 'cmake_force_configure' from command line to 'False'
[0.459s] Level 5:colcon.colcon_core.verb:set package 'ros_gz_ugv_bringup' build argument 'ament_cmake_args' from command line to 'None'
[0.459s] Level 5:colcon.colcon_core.verb:set package 'ros_gz_ugv_bringup' build argument 'catkin_cmake_args' from command line to 'None'
[0.459s] Level 5:colcon.colcon_core.verb:set package 'ros_gz_ugv_bringup' build argument 'catkin_skip_building_tests' from command line to 'False'
[0.459s] DEBUG:colcon.colcon_core.verb:Building package 'ros_gz_ugv_bringup' with the following arguments: {'ament_cmake_args': None, 'build_base': '/home/chen/ros_gz_ugv_ws/build/ros_gz_ugv_bringup', 'catkin_cmake_args': None, 'catkin_skip_building_tests': False, 'cmake_args': None, 'cmake_clean_cache': False, 'cmake_clean_first': False, 'cmake_force_configure': False, 'cmake_target': None, 'cmake_target_skip_unavailable': False, 'install_base': '/home/chen/ros_gz_ugv_ws/install/ros_gz_ugv_bringup', 'merge_install': False, 'path': '/home/chen/ros_gz_ugv_ws/src/ros_gz_ugv_bringup', 'symlink_install': False, 'test_result_base': None}
[0.459s] INFO:colcon.colcon_core.executor:Executing jobs using 'parallel' executor
[0.461s] DEBUG:colcon.colcon_parallel_executor.executor.parallel:run_until_complete
[0.461s] INFO:colcon.colcon_ros.task.ament_cmake.build:Building ROS package in '/home/chen/ros_gz_ugv_ws/src/ros_gz_ugv_description' with build type 'ament_cmake'
[0.461s] INFO:colcon.colcon_cmake.task.cmake.build:Building CMake package in '/home/chen/ros_gz_ugv_ws/src/ros_gz_ugv_description'
[0.467s] INFO:colcon.colcon_core.plugin_system:Skipping extension 'colcon_core.shell.bat': Not used on non-Windows systems
[0.468s] INFO:colcon.colcon_core.shell:Skip shell extension 'powershell' for command environment: Not usable outside of PowerShell
[0.468s] DEBUG:colcon.colcon_core.shell:Skip shell extension 'dsv' for command environment
[0.474s] INFO:colcon.colcon_ros.task.ament_cmake.build:Building ROS package in '/home/chen/ros_gz_ugv_ws/src/ros_gz_ugv_application' with build type 'ament_cmake'
[0.475s] INFO:colcon.colcon_cmake.task.cmake.build:Building CMake package in '/home/chen/ros_gz_ugv_ws/src/ros_gz_ugv_application'
[0.475s] INFO:colcon.colcon_core.shell:Skip shell extension 'powershell' for command environment: Not usable outside of PowerShell
[0.475s] DEBUG:colcon.colcon_core.shell:Skip shell extension 'dsv' for command environment
[0.489s] DEBUG:colcon.colcon_core.event_handler.log_command:Invoking command in '/home/chen/ros_gz_ugv_ws/build/ros_gz_ugv_description': CMAKE_PREFIX_PATH=${CMAKE_PREFIX_PATH}:/opt/ros/jazzy DEBUGINFOD_URLS=https://debuginfod.ubuntu.com /usr/bin/cmake --build /home/chen/ros_gz_ugv_ws/build/ros_gz_ugv_description -- -j12 -l12
[0.496s] DEBUG:colcon.colcon_core.event_handler.log_command:Invoking command in '/home/chen/ros_gz_ugv_ws/build/ros_gz_ugv_application': CMAKE_PREFIX_PATH=${CMAKE_PREFIX_PATH}:/opt/ros/jazzy DEBUGINFOD_URLS=https://debuginfod.ubuntu.com /usr/bin/cmake --build /home/chen/ros_gz_ugv_ws/build/ros_gz_ugv_application -- -j12 -l12
[1.163s] DEBUG:colcon.colcon_core.event_handler.log_command:Invoked command in '/home/chen/ros_gz_ugv_ws/build/ros_gz_ugv_description' returned '0': CMAKE_PREFIX_PATH=${CMAKE_PREFIX_PATH}:/opt/ros/jazzy DEBUGINFOD_URLS=https://debuginfod.ubuntu.com /usr/bin/cmake --build /home/chen/ros_gz_ugv_ws/build/ros_gz_ugv_description -- -j12 -l12
[1.185s] DEBUG:colcon.colcon_core.event_handler.log_command:Invoking command in '/home/chen/ros_gz_ugv_ws/build/ros_gz_ugv_description': CMAKE_PREFIX_PATH=${CMAKE_PREFIX_PATH}:/opt/ros/jazzy DEBUGINFOD_URLS=https://debuginfod.ubuntu.com /usr/bin/cmake --install /home/chen/ros_gz_ugv_ws/build/ros_gz_ugv_description
[1.217s] DEBUG:colcon.colcon_core.event_handler.log_command:Invoked command in '/home/chen/ros_gz_ugv_ws/build/ros_gz_ugv_application' returned '0': CMAKE_PREFIX_PATH=${CMAKE_PREFIX_PATH}:/opt/ros/jazzy DEBUGINFOD_URLS=https://debuginfod.ubuntu.com /usr/bin/cmake --build /home/chen/ros_gz_ugv_ws/build/ros_gz_ugv_application -- -j12 -l12
[1.221s] DEBUG:colcon.colcon_core.event_handler.log_command:Invoking command in '/home/chen/ros_gz_ugv_ws/build/ros_gz_ugv_application': CMAKE_PREFIX_PATH=${CMAKE_PREFIX_PATH}:/opt/ros/jazzy DEBUGINFOD_URLS=https://debuginfod.ubuntu.com /usr/bin/cmake --install /home/chen/ros_gz_ugv_ws/build/ros_gz_ugv_application
[1.241s] Level 1:colcon.colcon_core.environment:create_environment_scripts_only(ros_gz_ugv_application)
[1.242s] DEBUG:colcon.colcon_core.event_handler.log_command:Invoked command in '/home/chen/ros_gz_ugv_ws/build/ros_gz_ugv_application' returned '0': CMAKE_PREFIX_PATH=${CMAKE_PREFIX_PATH}:/opt/ros/jazzy DEBUGINFOD_URLS=https://debuginfod.ubuntu.com /usr/bin/cmake --install /home/chen/ros_gz_ugv_ws/build/ros_gz_ugv_application
[1.247s] Level 1:colcon.colcon_core.environment:checking '/home/chen/ros_gz_ugv_ws/install/ros_gz_ugv_application' for CMake module files
[1.248s] Level 1:colcon.colcon_core.environment:checking '/home/chen/ros_gz_ugv_ws/install/ros_gz_ugv_application' for CMake config files
[1.248s] Level 1:colcon.colcon_core.shell:create_environment_hook('ros_gz_ugv_application', 'cmake_prefix_path')
[1.248s] INFO:colcon.colcon_core.shell:Creating environment hook '/home/chen/ros_gz_ugv_ws/install/ros_gz_ugv_application/share/ros_gz_ugv_application/hook/cmake_prefix_path.ps1'
[1.249s] INFO:colcon.colcon_core.shell:Creating environment descriptor '/home/chen/ros_gz_ugv_ws/install/ros_gz_ugv_application/share/ros_gz_ugv_application/hook/cmake_prefix_path.dsv'
[1.250s] INFO:colcon.colcon_core.shell:Creating environment hook '/home/chen/ros_gz_ugv_ws/install/ros_gz_ugv_application/share/ros_gz_ugv_application/hook/cmake_prefix_path.sh'
[1.253s] Level 1:colcon.colcon_core.environment:checking '/home/chen/ros_gz_ugv_ws/install/ros_gz_ugv_application/bin'
[1.253s] Level 1:colcon.colcon_core.environment:checking '/home/chen/ros_gz_ugv_ws/install/ros_gz_ugv_application/lib/pkgconfig/ros_gz_ugv_application.pc'
[1.254s] Level 1:colcon.colcon_core.environment:checking '/home/chen/ros_gz_ugv_ws/install/ros_gz_ugv_application/lib/python3.12/site-packages'
[1.254s] Level 1:colcon.colcon_core.environment:checking '/home/chen/ros_gz_ugv_ws/install/ros_gz_ugv_application/bin'
[1.255s] INFO:colcon.colcon_core.shell:Creating package script '/home/chen/ros_gz_ugv_ws/install/ros_gz_ugv_application/share/ros_gz_ugv_application/package.ps1'
[1.257s] INFO:colcon.colcon_core.shell:Creating package descriptor '/home/chen/ros_gz_ugv_ws/install/ros_gz_ugv_application/share/ros_gz_ugv_application/package.dsv'
[1.258s] INFO:colcon.colcon_core.shell:Creating package script '/home/chen/ros_gz_ugv_ws/install/ros_gz_ugv_application/share/ros_gz_ugv_application/package.sh'
[1.260s] INFO:colcon.colcon_core.shell:Creating package script '/home/chen/ros_gz_ugv_ws/install/ros_gz_ugv_application/share/ros_gz_ugv_application/package.bash'
[1.261s] INFO:colcon.colcon_core.shell:Creating package script '/home/chen/ros_gz_ugv_ws/install/ros_gz_ugv_application/share/ros_gz_ugv_application/package.zsh'
[1.262s] Level 1:colcon.colcon_core.environment:create_file_with_runtime_dependencies(/home/chen/ros_gz_ugv_ws/install/ros_gz_ugv_application/share/colcon-core/packages/ros_gz_ugv_application)
[1.263s] Level 1:colcon.colcon_core.environment:create_environment_scripts_only(ros_gz_ugv_application)
[1.263s] Level 1:colcon.colcon_core.environment:checking '/home/chen/ros_gz_ugv_ws/install/ros_gz_ugv_application' for CMake module files
[1.265s] Level 1:colcon.colcon_core.environment:checking '/home/chen/ros_gz_ugv_ws/install/ros_gz_ugv_application' for CMake config files
[1.266s] Level 1:colcon.colcon_core.shell:create_environment_hook('ros_gz_ugv_application', 'cmake_prefix_path')
[1.266s] INFO:colcon.colcon_core.shell:Creating environment hook '/home/chen/ros_gz_ugv_ws/install/ros_gz_ugv_application/share/ros_gz_ugv_application/hook/cmake_prefix_path.ps1'
[1.267s] INFO:colcon.colcon_core.shell:Creating environment descriptor '/home/chen/ros_gz_ugv_ws/install/ros_gz_ugv_application/share/ros_gz_ugv_application/hook/cmake_prefix_path.dsv'
[1.267s] INFO:colcon.colcon_core.shell:Creating environment hook '/home/chen/ros_gz_ugv_ws/install/ros_gz_ugv_application/share/ros_gz_ugv_application/hook/cmake_prefix_path.sh'
[1.268s] Level 1:colcon.colcon_core.environment:checking '/home/chen/ros_gz_ugv_ws/install/ros_gz_ugv_application/bin'
[1.268s] Level 1:colcon.colcon_core.environment:checking '/home/chen/ros_gz_ugv_ws/install/ros_gz_ugv_application/lib/pkgconfig/ros_gz_ugv_application.pc'
[1.268s] Level 1:colcon.colcon_core.environment:checking '/home/chen/ros_gz_ugv_ws/install/ros_gz_ugv_application/lib/python3.12/site-packages'
[1.269s] Level 1:colcon.colcon_core.environment:checking '/home/chen/ros_gz_ugv_ws/install/ros_gz_ugv_application/bin'
[1.269s] INFO:colcon.colcon_core.shell:Creating package script '/home/chen/ros_gz_ugv_ws/install/ros_gz_ugv_application/share/ros_gz_ugv_application/package.ps1'
[1.270s] INFO:colcon.colcon_core.shell:Creating package descriptor '/home/chen/ros_gz_ugv_ws/install/ros_gz_ugv_application/share/ros_gz_ugv_application/package.dsv'
[1.270s] INFO:colcon.colcon_core.shell:Creating package script '/home/chen/ros_gz_ugv_ws/install/ros_gz_ugv_application/share/ros_gz_ugv_application/package.sh'
[1.271s] INFO:colcon.colcon_core.shell:Creating package script '/home/chen/ros_gz_ugv_ws/install/ros_gz_ugv_application/share/ros_gz_ugv_application/package.bash'
[1.272s] INFO:colcon.colcon_core.shell:Creating package script '/home/chen/ros_gz_ugv_ws/install/ros_gz_ugv_application/share/ros_gz_ugv_application/package.zsh'
[1.272s] Level 1:colcon.colcon_core.environment:create_file_with_runtime_dependencies(/home/chen/ros_gz_ugv_ws/install/ros_gz_ugv_application/share/colcon-core/packages/ros_gz_ugv_application)
[1.292s] Level 1:colcon.colcon_core.environment:create_environment_scripts_only(ros_gz_ugv_description)
[1.292s] Level 1:colcon.colcon_core.environment:checking '/home/chen/ros_gz_ugv_ws/install/ros_gz_ugv_description' for CMake module files
[1.293s] DEBUG:colcon.colcon_core.event_handler.log_command:Invoked command in '/home/chen/ros_gz_ugv_ws/build/ros_gz_ugv_description' returned '0': CMAKE_PREFIX_PATH=${CMAKE_PREFIX_PATH}:/opt/ros/jazzy DEBUGINFOD_URLS=https://debuginfod.ubuntu.com /usr/bin/cmake --install /home/chen/ros_gz_ugv_ws/build/ros_gz_ugv_description
[1.294s] Level 1:colcon.colcon_core.environment:checking '/home/chen/ros_gz_ugv_ws/install/ros_gz_ugv_description' for CMake config files
[1.296s] Level 1:colcon.colcon_core.shell:create_environment_hook('ros_gz_ugv_description', 'cmake_prefix_path')
[1.297s] INFO:colcon.colcon_core.shell:Creating environment hook '/home/chen/ros_gz_ugv_ws/install/ros_gz_ugv_description/share/ros_gz_ugv_description/hook/cmake_prefix_path.ps1'
[1.298s] INFO:colcon.colcon_core.shell:Creating environment descriptor '/home/chen/ros_gz_ugv_ws/install/ros_gz_ugv_description/share/ros_gz_ugv_description/hook/cmake_prefix_path.dsv'
[1.298s] INFO:colcon.colcon_core.shell:Creating environment hook '/home/chen/ros_gz_ugv_ws/install/ros_gz_ugv_description/share/ros_gz_ugv_description/hook/cmake_prefix_path.sh'
[1.300s] Level 1:colcon.colcon_core.environment:checking '/home/chen/ros_gz_ugv_ws/install/ros_gz_ugv_description/bin'
[1.300s] Level 1:colcon.colcon_core.environment:checking '/home/chen/ros_gz_ugv_ws/install/ros_gz_ugv_description/lib/pkgconfig/ros_gz_ugv_description.pc'
[1.300s] Level 1:colcon.colcon_core.environment:checking '/home/chen/ros_gz_ugv_ws/install/ros_gz_ugv_description/lib/python3.12/site-packages'
[1.301s] Level 1:colcon.colcon_core.environment:checking '/home/chen/ros_gz_ugv_ws/install/ros_gz_ugv_description/bin'
[1.301s] INFO:colcon.colcon_core.shell:Creating package script '/home/chen/ros_gz_ugv_ws/install/ros_gz_ugv_description/share/ros_gz_ugv_description/package.ps1'
[1.303s] INFO:colcon.colcon_core.shell:Creating package descriptor '/home/chen/ros_gz_ugv_ws/install/ros_gz_ugv_description/share/ros_gz_ugv_description/package.dsv'
[1.303s] INFO:colcon.colcon_core.shell:Creating package script '/home/chen/ros_gz_ugv_ws/install/ros_gz_ugv_description/share/ros_gz_ugv_description/package.sh'
[1.304s] INFO:colcon.colcon_core.shell:Creating package script '/home/chen/ros_gz_ugv_ws/install/ros_gz_ugv_description/share/ros_gz_ugv_description/package.bash'
[1.305s] INFO:colcon.colcon_core.shell:Creating package script '/home/chen/ros_gz_ugv_ws/install/ros_gz_ugv_description/share/ros_gz_ugv_description/package.zsh'
[1.306s] Level 1:colcon.colcon_core.environment:create_file_with_runtime_dependencies(/home/chen/ros_gz_ugv_ws/install/ros_gz_ugv_description/share/colcon-core/packages/ros_gz_ugv_description)
[1.307s] Level 1:colcon.colcon_core.environment:create_environment_scripts_only(ros_gz_ugv_description)
[1.307s] Level 1:colcon.colcon_core.environment:checking '/home/chen/ros_gz_ugv_ws/install/ros_gz_ugv_description' for CMake module files
[1.309s] Level 1:colcon.colcon_core.environment:checking '/home/chen/ros_gz_ugv_ws/install/ros_gz_ugv_description' for CMake config files
[1.310s] Level 1:colcon.colcon_core.shell:create_environment_hook('ros_gz_ugv_description', 'cmake_prefix_path')
[1.310s] INFO:colcon.colcon_core.shell:Creating environment hook '/home/chen/ros_gz_ugv_ws/install/ros_gz_ugv_description/share/ros_gz_ugv_description/hook/cmake_prefix_path.ps1'
[1.311s] INFO:colcon.colcon_core.shell:Creating environment descriptor '/home/chen/ros_gz_ugv_ws/install/ros_gz_ugv_description/share/ros_gz_ugv_description/hook/cmake_prefix_path.dsv'
[1.312s] INFO:colcon.colcon_core.shell:Creating environment hook '/home/chen/ros_gz_ugv_ws/install/ros_gz_ugv_description/share/ros_gz_ugv_description/hook/cmake_prefix_path.sh'
[1.314s] Level 1:colcon.colcon_core.environment:checking '/home/chen/ros_gz_ugv_ws/install/ros_gz_ugv_description/bin'
[1.314s] Level 1:colcon.colcon_core.environment:checking '/home/chen/ros_gz_ugv_ws/install/ros_gz_ugv_description/lib/pkgconfig/ros_gz_ugv_description.pc'
[1.314s] Level 1:colcon.colcon_core.environment:checking '/home/chen/ros_gz_ugv_ws/install/ros_gz_ugv_description/lib/python3.12/site-packages'
[1.315s] Level 1:colcon.colcon_core.environment:checking '/home/chen/ros_gz_ugv_ws/install/ros_gz_ugv_description/bin'
[1.315s] INFO:colcon.colcon_core.shell:Creating package script '/home/chen/ros_gz_ugv_ws/install/ros_gz_ugv_description/share/ros_gz_ugv_description/package.ps1'
[1.316s] INFO:colcon.colcon_core.shell:Creating package descriptor '/home/chen/ros_gz_ugv_ws/install/ros_gz_ugv_description/share/ros_gz_ugv_description/package.dsv'
[1.318s] INFO:colcon.colcon_core.shell:Creating package script '/home/chen/ros_gz_ugv_ws/install/ros_gz_ugv_description/share/ros_gz_ugv_description/package.sh'
[1.318s] INFO:colcon.colcon_core.shell:Creating package script '/home/chen/ros_gz_ugv_ws/install/ros_gz_ugv_description/share/ros_gz_ugv_description/package.bash'
[1.319s] INFO:colcon.colcon_core.shell:Creating package script '/home/chen/ros_gz_ugv_ws/install/ros_gz_ugv_description/share/ros_gz_ugv_description/package.zsh'
[1.320s] Level 1:colcon.colcon_core.environment:create_file_with_runtime_dependencies(/home/chen/ros_gz_ugv_ws/install/ros_gz_ugv_description/share/colcon-core/packages/ros_gz_ugv_description)
[1.321s] INFO:colcon.colcon_ros.task.ament_cmake.build:Building ROS package in '/home/chen/ros_gz_ugv_ws/src/ros_gz_ugv_gazebo' with build type 'ament_cmake'
[1.322s] INFO:colcon.colcon_cmake.task.cmake.build:Building CMake package in '/home/chen/ros_gz_ugv_ws/src/ros_gz_ugv_gazebo'
[1.322s] INFO:colcon.colcon_core.shell:Skip shell extension 'powershell' for command environment: Not usable outside of PowerShell
[1.322s] DEBUG:colcon.colcon_core.shell:Skip shell extension 'dsv' for command environment
[1.344s] DEBUG:colcon.colcon_core.event_handler.log_command:Invoking command in '/home/chen/ros_gz_ugv_ws/build/ros_gz_ugv_gazebo': AMENT_PREFIX_PATH=/home/chen/ros_gz_ugv_ws/install/ros_gz_ugv_description:${AMENT_PREFIX_PATH} CMAKE_PREFIX_PATH=/home/chen/ros_gz_ugv_ws/install/ros_gz_ugv_description:/opt/ros/jazzy/opt/gz_sim_vendor:/opt/ros/jazzy/opt/gz_sensors_vendor:/opt/ros/jazzy/opt/gz_physics_vendor:/opt/ros/jazzy/opt/sdformat_vendor:/opt/ros/jazzy/opt/gz_gui_vendor:/opt/ros/jazzy/opt/gz_transport_vendor:/opt/ros/jazzy/opt/gz_rendering_vendor:/opt/ros/jazzy/opt/gz_plugin_vendor:/opt/ros/jazzy/opt/gz_fuel_tools_vendor:/opt/ros/jazzy/opt/gz_msgs_vendor:/opt/ros/jazzy/opt/gz_common_vendor:/opt/ros/jazzy/opt/gz_math_vendor:/opt/ros/jazzy/opt/gz_utils_vendor:/opt/ros/jazzy/opt/gz_tools_vendor:/opt/ros/jazzy/opt/gz_ogre_next_vendor:/opt/ros/jazzy/opt/gz_dartsim_vendor:/opt/ros/jazzy/opt/gz_cmake_vendor:/opt/ros/jazzy DEBUGINFOD_URLS=https://debuginfod.ubuntu.com GZ_SIM_RESOURCE_PATH=/home/chen/ros_gz_ugv_ws/install/ros_gz_ugv_description/share/ros_gz_ugv_description/models /usr/bin/cmake --build /home/chen/ros_gz_ugv_ws/build/ros_gz_ugv_gazebo -- -j12 -l12
[8.233s] DEBUG:colcon.colcon_core.event_handler.log_command:Invoked command in '/home/chen/ros_gz_ugv_ws/build/ros_gz_ugv_gazebo' returned '0': AMENT_PREFIX_PATH=/home/chen/ros_gz_ugv_ws/install/ros_gz_ugv_description:${AMENT_PREFIX_PATH} CMAKE_PREFIX_PATH=/home/chen/ros_gz_ugv_ws/install/ros_gz_ugv_description:/opt/ros/jazzy/opt/gz_sim_vendor:/opt/ros/jazzy/opt/gz_sensors_vendor:/opt/ros/jazzy/opt/gz_physics_vendor:/opt/ros/jazzy/opt/sdformat_vendor:/opt/ros/jazzy/opt/gz_gui_vendor:/opt/ros/jazzy/opt/gz_transport_vendor:/opt/ros/jazzy/opt/gz_rendering_vendor:/opt/ros/jazzy/opt/gz_plugin_vendor:/opt/ros/jazzy/opt/gz_fuel_tools_vendor:/opt/ros/jazzy/opt/gz_msgs_vendor:/opt/ros/jazzy/opt/gz_common_vendor:/opt/ros/jazzy/opt/gz_math_vendor:/opt/ros/jazzy/opt/gz_utils_vendor:/opt/ros/jazzy/opt/gz_tools_vendor:/opt/ros/jazzy/opt/gz_ogre_next_vendor:/opt/ros/jazzy/opt/gz_dartsim_vendor:/opt/ros/jazzy/opt/gz_cmake_vendor:/opt/ros/jazzy DEBUGINFOD_URLS=https://debuginfod.ubuntu.com GZ_SIM_RESOURCE_PATH=/home/chen/ros_gz_ugv_ws/install/ros_gz_ugv_description/share/ros_gz_ugv_description/models /usr/bin/cmake --build /home/chen/ros_gz_ugv_ws/build/ros_gz_ugv_gazebo -- -j12 -l12
[8.235s] DEBUG:colcon.colcon_core.event_handler.log_command:Invoking command in '/home/chen/ros_gz_ugv_ws/build/ros_gz_ugv_gazebo': AMENT_PREFIX_PATH=/home/chen/ros_gz_ugv_ws/install/ros_gz_ugv_description:${AMENT_PREFIX_PATH} CMAKE_PREFIX_PATH=/home/chen/ros_gz_ugv_ws/install/ros_gz_ugv_description:/opt/ros/jazzy/opt/gz_sim_vendor:/opt/ros/jazzy/opt/gz_sensors_vendor:/opt/ros/jazzy/opt/gz_physics_vendor:/opt/ros/jazzy/opt/sdformat_vendor:/opt/ros/jazzy/opt/gz_gui_vendor:/opt/ros/jazzy/opt/gz_transport_vendor:/opt/ros/jazzy/opt/gz_rendering_vendor:/opt/ros/jazzy/opt/gz_plugin_vendor:/opt/ros/jazzy/opt/gz_fuel_tools_vendor:/opt/ros/jazzy/opt/gz_msgs_vendor:/opt/ros/jazzy/opt/gz_common_vendor:/opt/ros/jazzy/opt/gz_math_vendor:/opt/ros/jazzy/opt/gz_utils_vendor:/opt/ros/jazzy/opt/gz_tools_vendor:/opt/ros/jazzy/opt/gz_ogre_next_vendor:/opt/ros/jazzy/opt/gz_dartsim_vendor:/opt/ros/jazzy/opt/gz_cmake_vendor:/opt/ros/jazzy DEBUGINFOD_URLS=https://debuginfod.ubuntu.com GZ_SIM_RESOURCE_PATH=/home/chen/ros_gz_ugv_ws/install/ros_gz_ugv_description/share/ros_gz_ugv_description/models /usr/bin/cmake --install /home/chen/ros_gz_ugv_ws/build/ros_gz_ugv_gazebo
[8.266s] Level 1:colcon.colcon_core.environment:create_environment_scripts_only(ros_gz_ugv_gazebo)
[8.267s] Level 1:colcon.colcon_core.environment:checking '/home/chen/ros_gz_ugv_ws/install/ros_gz_ugv_gazebo' for CMake module files
[8.268s] DEBUG:colcon.colcon_core.event_handler.log_command:Invoked command in '/home/chen/ros_gz_ugv_ws/build/ros_gz_ugv_gazebo' returned '0': AMENT_PREFIX_PATH=/home/chen/ros_gz_ugv_ws/install/ros_gz_ugv_description:${AMENT_PREFIX_PATH} CMAKE_PREFIX_PATH=/home/chen/ros_gz_ugv_ws/install/ros_gz_ugv_description:/opt/ros/jazzy/opt/gz_sim_vendor:/opt/ros/jazzy/opt/gz_sensors_vendor:/opt/ros/jazzy/opt/gz_physics_vendor:/opt/ros/jazzy/opt/sdformat_vendor:/opt/ros/jazzy/opt/gz_gui_vendor:/opt/ros/jazzy/opt/gz_transport_vendor:/opt/ros/jazzy/opt/gz_rendering_vendor:/opt/ros/jazzy/opt/gz_plugin_vendor:/opt/ros/jazzy/opt/gz_fuel_tools_vendor:/opt/ros/jazzy/opt/gz_msgs_vendor:/opt/ros/jazzy/opt/gz_common_vendor:/opt/ros/jazzy/opt/gz_math_vendor:/opt/ros/jazzy/opt/gz_utils_vendor:/opt/ros/jazzy/opt/gz_tools_vendor:/opt/ros/jazzy/opt/gz_ogre_next_vendor:/opt/ros/jazzy/opt/gz_dartsim_vendor:/opt/ros/jazzy/opt/gz_cmake_vendor:/opt/ros/jazzy DEBUGINFOD_URLS=https://debuginfod.ubuntu.com GZ_SIM_RESOURCE_PATH=/home/chen/ros_gz_ugv_ws/install/ros_gz_ugv_description/share/ros_gz_ugv_description/models /usr/bin/cmake --install /home/chen/ros_gz_ugv_ws/build/ros_gz_ugv_gazebo
[8.269s] Level 1:colcon.colcon_core.environment:checking '/home/chen/ros_gz_ugv_ws/install/ros_gz_ugv_gazebo' for CMake config files
[8.269s] Level 1:colcon.colcon_core.shell:create_environment_hook('ros_gz_ugv_gazebo', 'cmake_prefix_path')
[8.270s] INFO:colcon.colcon_core.shell:Creating environment hook '/home/chen/ros_gz_ugv_ws/install/ros_gz_ugv_gazebo/share/ros_gz_ugv_gazebo/hook/cmake_prefix_path.ps1'
[8.271s] INFO:colcon.colcon_core.shell:Creating environment descriptor '/home/chen/ros_gz_ugv_ws/install/ros_gz_ugv_gazebo/share/ros_gz_ugv_gazebo/hook/cmake_prefix_path.dsv'
[8.271s] INFO:colcon.colcon_core.shell:Creating environment hook '/home/chen/ros_gz_ugv_ws/install/ros_gz_ugv_gazebo/share/ros_gz_ugv_gazebo/hook/cmake_prefix_path.sh'
[8.273s] Level 1:colcon.colcon_core.environment:checking '/home/chen/ros_gz_ugv_ws/install/ros_gz_ugv_gazebo/lib'
[8.273s] Level 1:colcon.colcon_core.environment:checking '/home/chen/ros_gz_ugv_ws/install/ros_gz_ugv_gazebo/bin'
[8.273s] Level 1:colcon.colcon_core.environment:checking '/home/chen/ros_gz_ugv_ws/install/ros_gz_ugv_gazebo/lib/pkgconfig/ros_gz_ugv_gazebo.pc'
[8.274s] Level 1:colcon.colcon_core.environment:checking '/home/chen/ros_gz_ugv_ws/install/ros_gz_ugv_gazebo/lib/python3.12/site-packages'
[8.274s] Level 1:colcon.colcon_core.environment:checking '/home/chen/ros_gz_ugv_ws/install/ros_gz_ugv_gazebo/bin'
[8.275s] INFO:colcon.colcon_core.shell:Creating package script '/home/chen/ros_gz_ugv_ws/install/ros_gz_ugv_gazebo/share/ros_gz_ugv_gazebo/package.ps1'
[8.276s] INFO:colcon.colcon_core.shell:Creating package descriptor '/home/chen/ros_gz_ugv_ws/install/ros_gz_ugv_gazebo/share/ros_gz_ugv_gazebo/package.dsv'
[8.277s] INFO:colcon.colcon_core.shell:Creating package script '/home/chen/ros_gz_ugv_ws/install/ros_gz_ugv_gazebo/share/ros_gz_ugv_gazebo/package.sh'
[8.277s] INFO:colcon.colcon_core.shell:Creating package script '/home/chen/ros_gz_ugv_ws/install/ros_gz_ugv_gazebo/share/ros_gz_ugv_gazebo/package.bash'
[8.278s] INFO:colcon.colcon_core.shell:Creating package script '/home/chen/ros_gz_ugv_ws/install/ros_gz_ugv_gazebo/share/ros_gz_ugv_gazebo/package.zsh'
[8.279s] Level 1:colcon.colcon_core.environment:create_file_with_runtime_dependencies(/home/chen/ros_gz_ugv_ws/install/ros_gz_ugv_gazebo/share/colcon-core/packages/ros_gz_ugv_gazebo)
[8.280s] Level 1:colcon.colcon_core.environment:create_environment_scripts_only(ros_gz_ugv_gazebo)
[8.280s] Level 1:colcon.colcon_core.environment:checking '/home/chen/ros_gz_ugv_ws/install/ros_gz_ugv_gazebo' for CMake module files
[8.282s] Level 1:colcon.colcon_core.environment:checking '/home/chen/ros_gz_ugv_ws/install/ros_gz_ugv_gazebo' for CMake config files
[8.282s] Level 1:colcon.colcon_core.shell:create_environment_hook('ros_gz_ugv_gazebo', 'cmake_prefix_path')
[8.282s] INFO:colcon.colcon_core.shell:Creating environment hook '/home/chen/ros_gz_ugv_ws/install/ros_gz_ugv_gazebo/share/ros_gz_ugv_gazebo/hook/cmake_prefix_path.ps1'
[8.283s] INFO:colcon.colcon_core.shell:Creating environment descriptor '/home/chen/ros_gz_ugv_ws/install/ros_gz_ugv_gazebo/share/ros_gz_ugv_gazebo/hook/cmake_prefix_path.dsv'
[8.284s] INFO:colcon.colcon_core.shell:Creating environment hook '/home/chen/ros_gz_ugv_ws/install/ros_gz_ugv_gazebo/share/ros_gz_ugv_gazebo/hook/cmake_prefix_path.sh'
[8.286s] Level 1:colcon.colcon_core.environment:checking '/home/chen/ros_gz_ugv_ws/install/ros_gz_ugv_gazebo/lib'
[8.286s] Level 1:colcon.colcon_core.environment:checking '/home/chen/ros_gz_ugv_ws/install/ros_gz_ugv_gazebo/bin'
[8.286s] Level 1:colcon.colcon_core.environment:checking '/home/chen/ros_gz_ugv_ws/install/ros_gz_ugv_gazebo/lib/pkgconfig/ros_gz_ugv_gazebo.pc'
[8.287s] Level 1:colcon.colcon_core.environment:checking '/home/chen/ros_gz_ugv_ws/install/ros_gz_ugv_gazebo/lib/python3.12/site-packages'
[8.287s] Level 1:colcon.colcon_core.environment:checking '/home/chen/ros_gz_ugv_ws/install/ros_gz_ugv_gazebo/bin'
[8.288s] INFO:colcon.colcon_core.shell:Creating package script '/home/chen/ros_gz_ugv_ws/install/ros_gz_ugv_gazebo/share/ros_gz_ugv_gazebo/package.ps1'
[8.289s] INFO:colcon.colcon_core.shell:Creating package descriptor '/home/chen/ros_gz_ugv_ws/install/ros_gz_ugv_gazebo/share/ros_gz_ugv_gazebo/package.dsv'
[8.290s] INFO:colcon.colcon_core.shell:Creating package script '/home/chen/ros_gz_ugv_ws/install/ros_gz_ugv_gazebo/share/ros_gz_ugv_gazebo/package.sh'
[8.291s] INFO:colcon.colcon_core.shell:Creating package script '/home/chen/ros_gz_ugv_ws/install/ros_gz_ugv_gazebo/share/ros_gz_ugv_gazebo/package.bash'
[8.292s] INFO:colcon.colcon_core.shell:Creating package script '/home/chen/ros_gz_ugv_ws/install/ros_gz_ugv_gazebo/share/ros_gz_ugv_gazebo/package.zsh'
[8.293s] Level 1:colcon.colcon_core.environment:create_file_with_runtime_dependencies(/home/chen/ros_gz_ugv_ws/install/ros_gz_ugv_gazebo/share/colcon-core/packages/ros_gz_ugv_gazebo)
[8.293s] INFO:colcon.colcon_ros.task.ament_cmake.build:Building ROS package in '/home/chen/ros_gz_ugv_ws/src/ros_gz_ugv_bringup' with build type 'ament_cmake'
[8.294s] INFO:colcon.colcon_cmake.task.cmake.build:Building CMake package in '/home/chen/ros_gz_ugv_ws/src/ros_gz_ugv_bringup'
[8.294s] INFO:colcon.colcon_core.shell:Skip shell extension 'powershell' for command environment: Not usable outside of PowerShell
[8.294s] DEBUG:colcon.colcon_core.shell:Skip shell extension 'dsv' for command environment
[8.318s] DEBUG:colcon.colcon_core.event_handler.log_command:Invoking command in '/home/chen/ros_gz_ugv_ws/build/ros_gz_ugv_bringup': AMENT_PREFIX_PATH=/home/chen/ros_gz_ugv_ws/install/ros_gz_ugv_gazebo:/home/chen/ros_gz_ugv_ws/install/ros_gz_ugv_description:${AMENT_PREFIX_PATH} CMAKE_PREFIX_PATH=/home/chen/ros_gz_ugv_ws/install/ros_gz_ugv_gazebo:/home/chen/ros_gz_ugv_ws/install/ros_gz_ugv_description:/opt/ros/jazzy/opt/gz_sim_vendor:/opt/ros/jazzy/opt/gz_sensors_vendor:/opt/ros/jazzy/opt/gz_physics_vendor:/opt/ros/jazzy/opt/sdformat_vendor:/opt/ros/jazzy/opt/gz_gui_vendor:/opt/ros/jazzy/opt/gz_transport_vendor:/opt/ros/jazzy/opt/gz_rendering_vendor:/opt/ros/jazzy/opt/gz_plugin_vendor:/opt/ros/jazzy/opt/gz_fuel_tools_vendor:/opt/ros/jazzy/opt/gz_msgs_vendor:/opt/ros/jazzy/opt/gz_common_vendor:/opt/ros/jazzy/opt/gz_math_vendor:/opt/ros/jazzy/opt/gz_utils_vendor:/opt/ros/jazzy/opt/gz_tools_vendor:/opt/ros/jazzy/opt/gz_ogre_next_vendor:/opt/ros/jazzy/opt/gz_dartsim_vendor:/opt/ros/jazzy/opt/gz_cmake_vendor:/opt/ros/jazzy DEBUGINFOD_URLS=https://debuginfod.ubuntu.com GZ_SIM_PLUGIN_PATH=/home/chen/ros_gz_ugv_ws/install/ros_gz_ugv_gazebo/lib/ros_gz_ugv_gazebo GZ_SIM_RESOURCE_PATH=/home/chen/ros_gz_ugv_ws/install/ros_gz_ugv_gazebo/share/ros_gz_ugv_gazebo/worlds:/home/chen/ros_gz_ugv_ws/install/ros_gz_ugv_description/share/ros_gz_ugv_description/models /usr/bin/cmake --build /home/chen/ros_gz_ugv_ws/build/ros_gz_ugv_bringup -- -j12 -l12
[8.959s] DEBUG:colcon.colcon_core.event_handler.log_command:Invoked command in '/home/chen/ros_gz_ugv_ws/build/ros_gz_ugv_bringup' returned '0': AMENT_PREFIX_PATH=/home/chen/ros_gz_ugv_ws/install/ros_gz_ugv_gazebo:/home/chen/ros_gz_ugv_ws/install/ros_gz_ugv_description:${AMENT_PREFIX_PATH} CMAKE_PREFIX_PATH=/home/chen/ros_gz_ugv_ws/install/ros_gz_ugv_gazebo:/home/chen/ros_gz_ugv_ws/install/ros_gz_ugv_description:/opt/ros/jazzy/opt/gz_sim_vendor:/opt/ros/jazzy/opt/gz_sensors_vendor:/opt/ros/jazzy/opt/gz_physics_vendor:/opt/ros/jazzy/opt/sdformat_vendor:/opt/ros/jazzy/opt/gz_gui_vendor:/opt/ros/jazzy/opt/gz_transport_vendor:/opt/ros/jazzy/opt/gz_rendering_vendor:/opt/ros/jazzy/opt/gz_plugin_vendor:/opt/ros/jazzy/opt/gz_fuel_tools_vendor:/opt/ros/jazzy/opt/gz_msgs_vendor:/opt/ros/jazzy/opt/gz_common_vendor:/opt/ros/jazzy/opt/gz_math_vendor:/opt/ros/jazzy/opt/gz_utils_vendor:/opt/ros/jazzy/opt/gz_tools_vendor:/opt/ros/jazzy/opt/gz_ogre_next_vendor:/opt/ros/jazzy/opt/gz_dartsim_vendor:/opt/ros/jazzy/opt/gz_cmake_vendor:/opt/ros/jazzy DEBUGINFOD_URLS=https://debuginfod.ubuntu.com GZ_SIM_PLUGIN_PATH=/home/chen/ros_gz_ugv_ws/install/ros_gz_ugv_gazebo/lib/ros_gz_ugv_gazebo GZ_SIM_RESOURCE_PATH=/home/chen/ros_gz_ugv_ws/install/ros_gz_ugv_gazebo/share/ros_gz_ugv_gazebo/worlds:/home/chen/ros_gz_ugv_ws/install/ros_gz_ugv_description/share/ros_gz_ugv_description/models /usr/bin/cmake --build /home/chen/ros_gz_ugv_ws/build/ros_gz_ugv_bringup -- -j12 -l12
[8.962s] DEBUG:colcon.colcon_core.event_handler.log_command:Invoking command in '/home/chen/ros_gz_ugv_ws/build/ros_gz_ugv_bringup': AMENT_PREFIX_PATH=/home/chen/ros_gz_ugv_ws/install/ros_gz_ugv_gazebo:/home/chen/ros_gz_ugv_ws/install/ros_gz_ugv_description:${AMENT_PREFIX_PATH} CMAKE_PREFIX_PATH=/home/chen/ros_gz_ugv_ws/install/ros_gz_ugv_gazebo:/home/chen/ros_gz_ugv_ws/install/ros_gz_ugv_description:/opt/ros/jazzy/opt/gz_sim_vendor:/opt/ros/jazzy/opt/gz_sensors_vendor:/opt/ros/jazzy/opt/gz_physics_vendor:/opt/ros/jazzy/opt/sdformat_vendor:/opt/ros/jazzy/opt/gz_gui_vendor:/opt/ros/jazzy/opt/gz_transport_vendor:/opt/ros/jazzy/opt/gz_rendering_vendor:/opt/ros/jazzy/opt/gz_plugin_vendor:/opt/ros/jazzy/opt/gz_fuel_tools_vendor:/opt/ros/jazzy/opt/gz_msgs_vendor:/opt/ros/jazzy/opt/gz_common_vendor:/opt/ros/jazzy/opt/gz_math_vendor:/opt/ros/jazzy/opt/gz_utils_vendor:/opt/ros/jazzy/opt/gz_tools_vendor:/opt/ros/jazzy/opt/gz_ogre_next_vendor:/opt/ros/jazzy/opt/gz_dartsim_vendor:/opt/ros/jazzy/opt/gz_cmake_vendor:/opt/ros/jazzy DEBUGINFOD_URLS=https://debuginfod.ubuntu.com GZ_SIM_PLUGIN_PATH=/home/chen/ros_gz_ugv_ws/install/ros_gz_ugv_gazebo/lib/ros_gz_ugv_gazebo GZ_SIM_RESOURCE_PATH=/home/chen/ros_gz_ugv_ws/install/ros_gz_ugv_gazebo/share/ros_gz_ugv_gazebo/worlds:/home/chen/ros_gz_ugv_ws/install/ros_gz_ugv_description/share/ros_gz_ugv_description/models /usr/bin/cmake --install /home/chen/ros_gz_ugv_ws/build/ros_gz_ugv_bringup
[8.986s] Level 1:colcon.colcon_core.environment:create_environment_scripts_only(ros_gz_ugv_bringup)
[8.986s] Level 1:colcon.colcon_core.environment:checking '/home/chen/ros_gz_ugv_ws/install/ros_gz_ugv_bringup' for CMake module files
[8.990s] DEBUG:colcon.colcon_core.event_handler.log_command:Invoked command in '/home/chen/ros_gz_ugv_ws/build/ros_gz_ugv_bringup' returned '0': AMENT_PREFIX_PATH=/home/chen/ros_gz_ugv_ws/install/ros_gz_ugv_gazebo:/home/chen/ros_gz_ugv_ws/install/ros_gz_ugv_description:${AMENT_PREFIX_PATH} CMAKE_PREFIX_PATH=/home/chen/ros_gz_ugv_ws/install/ros_gz_ugv_gazebo:/home/chen/ros_gz_ugv_ws/install/ros_gz_ugv_description:/opt/ros/jazzy/opt/gz_sim_vendor:/opt/ros/jazzy/opt/gz_sensors_vendor:/opt/ros/jazzy/opt/gz_physics_vendor:/opt/ros/jazzy/opt/sdformat_vendor:/opt/ros/jazzy/opt/gz_gui_vendor:/opt/ros/jazzy/opt/gz_transport_vendor:/opt/ros/jazzy/opt/gz_rendering_vendor:/opt/ros/jazzy/opt/gz_plugin_vendor:/opt/ros/jazzy/opt/gz_fuel_tools_vendor:/opt/ros/jazzy/opt/gz_msgs_vendor:/opt/ros/jazzy/opt/gz_common_vendor:/opt/ros/jazzy/opt/gz_math_vendor:/opt/ros/jazzy/opt/gz_utils_vendor:/opt/ros/jazzy/opt/gz_tools_vendor:/opt/ros/jazzy/opt/gz_ogre_next_vendor:/opt/ros/jazzy/opt/gz_dartsim_vendor:/opt/ros/jazzy/opt/gz_cmake_vendor:/opt/ros/jazzy DEBUGINFOD_URLS=https://debuginfod.ubuntu.com GZ_SIM_PLUGIN_PATH=/home/chen/ros_gz_ugv_ws/install/ros_gz_ugv_gazebo/lib/ros_gz_ugv_gazebo GZ_SIM_RESOURCE_PATH=/home/chen/ros_gz_ugv_ws/install/ros_gz_ugv_gazebo/share/ros_gz_ugv_gazebo/worlds:/home/chen/ros_gz_ugv_ws/install/ros_gz_ugv_description/share/ros_gz_ugv_description/models /usr/bin/cmake --install /home/chen/ros_gz_ugv_ws/build/ros_gz_ugv_bringup
[8.990s] Level 1:colcon.colcon_core.environment:checking '/home/chen/ros_gz_ugv_ws/install/ros_gz_ugv_bringup' for CMake config files
[8.991s] Level 1:colcon.colcon_core.shell:create_environment_hook('ros_gz_ugv_bringup', 'cmake_prefix_path')
[8.991s] INFO:colcon.colcon_core.shell:Creating environment hook '/home/chen/ros_gz_ugv_ws/install/ros_gz_ugv_bringup/share/ros_gz_ugv_bringup/hook/cmake_prefix_path.ps1'
[8.992s] INFO:colcon.colcon_core.shell:Creating environment descriptor '/home/chen/ros_gz_ugv_ws/install/ros_gz_ugv_bringup/share/ros_gz_ugv_bringup/hook/cmake_prefix_path.dsv'
[8.993s] INFO:colcon.colcon_core.shell:Creating environment hook '/home/chen/ros_gz_ugv_ws/install/ros_gz_ugv_bringup/share/ros_gz_ugv_bringup/hook/cmake_prefix_path.sh'
[8.994s] Level 1:colcon.colcon_core.environment:checking '/home/chen/ros_gz_ugv_ws/install/ros_gz_ugv_bringup/bin'
[8.995s] Level 1:colcon.colcon_core.environment:checking '/home/chen/ros_gz_ugv_ws/install/ros_gz_ugv_bringup/lib/pkgconfig/ros_gz_ugv_bringup.pc'
[8.995s] Level 1:colcon.colcon_core.environment:checking '/home/chen/ros_gz_ugv_ws/install/ros_gz_ugv_bringup/lib/python3.12/site-packages'
[8.996s] Level 1:colcon.colcon_core.environment:checking '/home/chen/ros_gz_ugv_ws/install/ros_gz_ugv_bringup/bin'
[8.996s] INFO:colcon.colcon_core.shell:Creating package script '/home/chen/ros_gz_ugv_ws/install/ros_gz_ugv_bringup/share/ros_gz_ugv_bringup/package.ps1'
[8.997s] INFO:colcon.colcon_core.shell:Creating package descriptor '/home/chen/ros_gz_ugv_ws/install/ros_gz_ugv_bringup/share/ros_gz_ugv_bringup/package.dsv'
[8.998s] INFO:colcon.colcon_core.shell:Creating package script '/home/chen/ros_gz_ugv_ws/install/ros_gz_ugv_bringup/share/ros_gz_ugv_bringup/package.sh'
[8.999s] INFO:colcon.colcon_core.shell:Creating package script '/home/chen/ros_gz_ugv_ws/install/ros_gz_ugv_bringup/share/ros_gz_ugv_bringup/package.bash'
[9.000s] INFO:colcon.colcon_core.shell:Creating package script '/home/chen/ros_gz_ugv_ws/install/ros_gz_ugv_bringup/share/ros_gz_ugv_bringup/package.zsh'
[9.000s] Level 1:colcon.colcon_core.environment:create_file_with_runtime_dependencies(/home/chen/ros_gz_ugv_ws/install/ros_gz_ugv_bringup/share/colcon-core/packages/ros_gz_ugv_bringup)
[9.001s] Level 1:colcon.colcon_core.environment:create_environment_scripts_only(ros_gz_ugv_bringup)
[9.002s] Level 1:colcon.colcon_core.environment:checking '/home/chen/ros_gz_ugv_ws/install/ros_gz_ugv_bringup' for CMake module files
[9.003s] Level 1:colcon.colcon_core.environment:checking '/home/chen/ros_gz_ugv_ws/install/ros_gz_ugv_bringup' for CMake config files
[9.003s] Level 1:colcon.colcon_core.shell:create_environment_hook('ros_gz_ugv_bringup', 'cmake_prefix_path')
[9.004s] INFO:colcon.colcon_core.shell:Creating environment hook '/home/chen/ros_gz_ugv_ws/install/ros_gz_ugv_bringup/share/ros_gz_ugv_bringup/hook/cmake_prefix_path.ps1'
[9.005s] INFO:colcon.colcon_core.shell:Creating environment descriptor '/home/chen/ros_gz_ugv_ws/install/ros_gz_ugv_bringup/share/ros_gz_ugv_bringup/hook/cmake_prefix_path.dsv'
[9.005s] INFO:colcon.colcon_core.shell:Creating environment hook '/home/chen/ros_gz_ugv_ws/install/ros_gz_ugv_bringup/share/ros_gz_ugv_bringup/hook/cmake_prefix_path.sh'
[9.007s] Level 1:colcon.colcon_core.environment:checking '/home/chen/ros_gz_ugv_ws/install/ros_gz_ugv_bringup/bin'
[9.007s] Level 1:colcon.colcon_core.environment:checking '/home/chen/ros_gz_ugv_ws/install/ros_gz_ugv_bringup/lib/pkgconfig/ros_gz_ugv_bringup.pc'
[9.007s] Level 1:colcon.colcon_core.environment:checking '/home/chen/ros_gz_ugv_ws/install/ros_gz_ugv_bringup/lib/python3.12/site-packages'
[9.008s] Level 1:colcon.colcon_core.environment:checking '/home/chen/ros_gz_ugv_ws/install/ros_gz_ugv_bringup/bin'
[9.008s] INFO:colcon.colcon_core.shell:Creating package script '/home/chen/ros_gz_ugv_ws/install/ros_gz_ugv_bringup/share/ros_gz_ugv_bringup/package.ps1'
[9.009s] INFO:colcon.colcon_core.shell:Creating package descriptor '/home/chen/ros_gz_ugv_ws/install/ros_gz_ugv_bringup/share/ros_gz_ugv_bringup/package.dsv'
[9.010s] INFO:colcon.colcon_core.shell:Creating package script '/home/chen/ros_gz_ugv_ws/install/ros_gz_ugv_bringup/share/ros_gz_ugv_bringup/package.sh'
[9.011s] INFO:colcon.colcon_core.shell:Creating package script '/home/chen/ros_gz_ugv_ws/install/ros_gz_ugv_bringup/share/ros_gz_ugv_bringup/package.bash'
[9.012s] INFO:colcon.colcon_core.shell:Creating package script '/home/chen/ros_gz_ugv_ws/install/ros_gz_ugv_bringup/share/ros_gz_ugv_bringup/package.zsh'
[9.013s] Level 1:colcon.colcon_core.environment:create_file_with_runtime_dependencies(/home/chen/ros_gz_ugv_ws/install/ros_gz_ugv_bringup/share/colcon-core/packages/ros_gz_ugv_bringup)
[9.014s] DEBUG:colcon.colcon_parallel_executor.executor.parallel:closing loop
[9.014s] DEBUG:colcon.colcon_parallel_executor.executor.parallel:loop closed
[9.015s] DEBUG:colcon.colcon_parallel_executor.executor.parallel:run_until_complete finished with '0'
[9.015s] DEBUG:colcon.colcon_core.event_reactor:joining thread
[9.029s] INFO:colcon.colcon_core.plugin_system:Skipping extension 'colcon_notification.desktop_notification.terminal_notifier': Not used on non-Darwin systems
[9.029s] INFO:colcon.colcon_core.plugin_system:Skipping extension 'colcon_notification.desktop_notification.win32': Not used on non-Windows systems
[9.029s] INFO:colcon.colcon_notification.desktop_notification:Sending desktop notification using 'notify2'
[9.067s] DEBUG:colcon.colcon_core.event_reactor:joined thread
[9.067s] INFO:colcon.colcon_core.shell:Creating prefix script '/home/chen/ros_gz_ugv_ws/install/local_setup.ps1'
[9.069s] INFO:colcon.colcon_core.shell:Creating prefix util module '/home/chen/ros_gz_ugv_ws/install/_local_setup_util_ps1.py'
[9.072s] INFO:colcon.colcon_core.shell:Creating prefix chain script '/home/chen/ros_gz_ugv_ws/install/setup.ps1'
[9.074s] INFO:colcon.colcon_core.shell:Creating prefix script '/home/chen/ros_gz_ugv_ws/install/local_setup.sh'
[9.076s] INFO:colcon.colcon_core.shell:Creating prefix util module '/home/chen/ros_gz_ugv_ws/install/_local_setup_util_sh.py'
[9.077s] INFO:colcon.colcon_core.shell:Creating prefix chain script '/home/chen/ros_gz_ugv_ws/install/setup.sh'
[9.079s] INFO:colcon.colcon_core.shell:Creating prefix script '/home/chen/ros_gz_ugv_ws/install/local_setup.bash'
[9.080s] INFO:colcon.colcon_core.shell:Creating prefix chain script '/home/chen/ros_gz_ugv_ws/install/setup.bash'
[9.082s] INFO:colcon.colcon_core.shell:Creating prefix script '/home/chen/ros_gz_ugv_ws/install/local_setup.zsh'
[9.084s] INFO:colcon.colcon_core.shell:Creating prefix chain script '/home/chen/ros_gz_ugv_ws/install/setup.zsh'
