[0.118s] DEBUG:colcon:Command line arguments: ['/usr/bin/colcon', 'build']
[0.118s] DEBUG:colcon:Parsed command line arguments: Namespace(log_base=None, log_level=None, verb_name='build', build_base='build', install_base='install', merge_install=False, symlink_install=False, test_result_base=None, continue_on_error=False, executor='parallel', parallel_workers=12, event_handlers=None, ignore_user_meta=False, metas=['./colcon.meta'], base_paths=['.'], packages_ignore=None, packages_ignore_regex=None, paths=None, packages_up_to=None, packages_up_to_regex=None, packages_above=None, packages_above_and_dependencies=None, packages_above_depth=None, packages_select_by_dep=None, packages_skip_by_dep=None, packages_skip_up_to=None, packages_select_build_failed=False, packages_skip_build_finished=False, packages_select_test_failures=False, packages_skip_test_passed=False, packages_select=None, packages_skip=None, packages_select_regex=None, packages_skip_regex=None, packages_start=None, packages_end=None, allow_overriding=[], cmake_args=None, cmake_target=None, cmake_target_skip_unavailable=False, cmake_clean_cache=False, cmake_clean_first=False, cmake_force_configure=False, ament_cmake_args=None, catkin_cmake_args=None, catkin_skip_building_tests=False, mixin_files=None, mixin=None, verb_parser=<colcon_mixin.mixin.mixin_argument.MixinArgumentDecorator object at 0x70d61b27fe60>, verb_extension=<colcon_core.verb.build.BuildVerb object at 0x70d61b27fb90>, main=<bound method BuildVerb.main of <colcon_core.verb.build.BuildVerb object at 0x70d61b27fb90>>, mixin_verb=('build',))
[0.171s] Level 1:colcon.colcon_core.package_discovery:discover_packages(colcon_meta) check parameters
[0.172s] Level 1:colcon.colcon_core.package_discovery:discover_packages(recursive) check parameters
[0.172s] Level 1:colcon.colcon_core.package_discovery:discover_packages(ignore) check parameters
[0.172s] Level 1:colcon.colcon_core.package_discovery:discover_packages(path) check parameters
[0.172s] Level 1:colcon.colcon_core.package_discovery:discover_packages(colcon_meta) discover
[0.172s] Level 1:colcon.colcon_core.package_discovery:discover_packages(recursive) discover
[0.172s] INFO:colcon.colcon_core.package_discovery:Crawling recursively for packages in '/home/chen/ros_gz_ugv_ws'
[0.172s] Level 1:colcon.colcon_core.package_identification:_identify(.) by extensions ['ignore', 'ignore_ament_install']
[0.172s] Level 1:colcon.colcon_core.package_identification:_identify(.) by extension 'ignore'
[0.172s] Level 1:colcon.colcon_core.package_identification:_identify(.) by extension 'ignore_ament_install'
[0.172s] Level 1:colcon.colcon_core.package_identification:_identify(.) by extensions ['colcon_pkg']
[0.172s] Level 1:colcon.colcon_core.package_identification:_identify(.) by extension 'colcon_pkg'
[0.172s] Level 1:colcon.colcon_core.package_identification:_identify(.) by extensions ['colcon_meta']
[0.172s] Level 1:colcon.colcon_core.package_identification:_identify(.) by extension 'colcon_meta'
[0.172s] Level 1:colcon.colcon_core.package_identification:_identify(.) by extensions ['ros']
[0.172s] Level 1:colcon.colcon_core.package_identification:_identify(.) by extension 'ros'
[0.198s] Level 1:colcon.colcon_core.package_identification:_identify(.) by extensions ['cmake', 'python']
[0.198s] Level 1:colcon.colcon_core.package_identification:_identify(.) by extension 'cmake'
[0.198s] Level 1:colcon.colcon_core.package_identification:_identify(.) by extension 'python'
[0.198s] Level 1:colcon.colcon_core.package_identification:_identify(.) by extensions ['python_setup_py']
[0.198s] Level 1:colcon.colcon_core.package_identification:_identify(.) by extension 'python_setup_py'
[0.198s] Level 1:colcon.colcon_core.package_identification:_identify(build) by extensions ['ignore', 'ignore_ament_install']
[0.198s] Level 1:colcon.colcon_core.package_identification:_identify(build) by extension 'ignore'
[0.198s] Level 1:colcon.colcon_core.package_identification:_identify(build) ignored
[0.198s] Level 1:colcon.colcon_core.package_identification:_identify(install) by extensions ['ignore', 'ignore_ament_install']
[0.198s] Level 1:colcon.colcon_core.package_identification:_identify(install) by extension 'ignore'
[0.198s] Level 1:colcon.colcon_core.package_identification:_identify(install) ignored
[0.198s] Level 1:colcon.colcon_core.package_identification:_identify(learning) by extensions ['ignore', 'ignore_ament_install']
[0.198s] Level 1:colcon.colcon_core.package_identification:_identify(learning) by extension 'ignore'
[0.198s] Level 1:colcon.colcon_core.package_identification:_identify(learning) by extension 'ignore_ament_install'
[0.199s] Level 1:colcon.colcon_core.package_identification:_identify(learning) by extensions ['colcon_pkg']
[0.199s] Level 1:colcon.colcon_core.package_identification:_identify(learning) by extension 'colcon_pkg'
[0.199s] Level 1:colcon.colcon_core.package_identification:_identify(learning) by extensions ['colcon_meta']
[0.199s] Level 1:colcon.colcon_core.package_identification:_identify(learning) by extension 'colcon_meta'
[0.199s] Level 1:colcon.colcon_core.package_identification:_identify(learning) by extensions ['ros']
[0.199s] Level 1:colcon.colcon_core.package_identification:_identify(learning) by extension 'ros'
[0.199s] Level 1:colcon.colcon_core.package_identification:_identify(learning) by extensions ['cmake', 'python']
[0.199s] Level 1:colcon.colcon_core.package_identification:_identify(learning) by extension 'cmake'
[0.199s] Level 1:colcon.colcon_core.package_identification:_identify(learning) by extension 'python'
[0.199s] Level 1:colcon.colcon_core.package_identification:_identify(learning) by extensions ['python_setup_py']
[0.199s] Level 1:colcon.colcon_core.package_identification:_identify(learning) by extension 'python_setup_py'
[0.199s] Level 1:colcon.colcon_core.package_identification:_identify(log) by extensions ['ignore', 'ignore_ament_install']
[0.199s] Level 1:colcon.colcon_core.package_identification:_identify(log) by extension 'ignore'
[0.199s] Level 1:colcon.colcon_core.package_identification:_identify(log) ignored
[0.199s] Level 1:colcon.colcon_core.package_identification:_identify(src) by extensions ['ignore', 'ignore_ament_install']
[0.199s] Level 1:colcon.colcon_core.package_identification:_identify(src) by extension 'ignore'
[0.199s] Level 1:colcon.colcon_core.package_identification:_identify(src) by extension 'ignore_ament_install'
[0.199s] Level 1:colcon.colcon_core.package_identification:_identify(src) by extensions ['colcon_pkg']
[0.199s] Level 1:colcon.colcon_core.package_identification:_identify(src) by extension 'colcon_pkg'
[0.199s] Level 1:colcon.colcon_core.package_identification:_identify(src) by extensions ['colcon_meta']
[0.199s] Level 1:colcon.colcon_core.package_identification:_identify(src) by extension 'colcon_meta'
[0.199s] Level 1:colcon.colcon_core.package_identification:_identify(src) by extensions ['ros']
[0.199s] Level 1:colcon.colcon_core.package_identification:_identify(src) by extension 'ros'
[0.200s] Level 1:colcon.colcon_core.package_identification:_identify(src) by extensions ['cmake', 'python']
[0.200s] Level 1:colcon.colcon_core.package_identification:_identify(src) by extension 'cmake'
[0.200s] Level 1:colcon.colcon_core.package_identification:_identify(src) by extension 'python'
[0.200s] Level 1:colcon.colcon_core.package_identification:_identify(src) by extensions ['python_setup_py']
[0.200s] Level 1:colcon.colcon_core.package_identification:_identify(src) by extension 'python_setup_py'
[0.200s] Level 1:colcon.colcon_core.package_identification:_identify(src/ros_gz_ugv_application) by extensions ['ignore', 'ignore_ament_install']
[0.200s] Level 1:colcon.colcon_core.package_identification:_identify(src/ros_gz_ugv_application) by extension 'ignore'
[0.200s] Level 1:colcon.colcon_core.package_identification:_identify(src/ros_gz_ugv_application) by extension 'ignore_ament_install'
[0.200s] Level 1:colcon.colcon_core.package_identification:_identify(src/ros_gz_ugv_application) by extensions ['colcon_pkg']
[0.200s] Level 1:colcon.colcon_core.package_identification:_identify(src/ros_gz_ugv_application) by extension 'colcon_pkg'
[0.200s] Level 1:colcon.colcon_core.package_identification:_identify(src/ros_gz_ugv_application) by extensions ['colcon_meta']
[0.200s] Level 1:colcon.colcon_core.package_identification:_identify(src/ros_gz_ugv_application) by extension 'colcon_meta'
[0.200s] Level 1:colcon.colcon_core.package_identification:_identify(src/ros_gz_ugv_application) by extensions ['ros']
[0.200s] Level 1:colcon.colcon_core.package_identification:_identify(src/ros_gz_ugv_application) by extension 'ros'
[0.202s] DEBUG:colcon.colcon_core.package_identification:Package 'src/ros_gz_ugv_application' with type 'ros.ament_cmake' and name 'ros_gz_ugv_application'
[0.202s] Level 1:colcon.colcon_core.package_identification:_identify(src/ros_gz_ugv_bringup) by extensions ['ignore', 'ignore_ament_install']
[0.202s] Level 1:colcon.colcon_core.package_identification:_identify(src/ros_gz_ugv_bringup) by extension 'ignore'
[0.202s] Level 1:colcon.colcon_core.package_identification:_identify(src/ros_gz_ugv_bringup) by extension 'ignore_ament_install'
[0.202s] Level 1:colcon.colcon_core.package_identification:_identify(src/ros_gz_ugv_bringup) by extensions ['colcon_pkg']
[0.202s] Level 1:colcon.colcon_core.package_identification:_identify(src/ros_gz_ugv_bringup) by extension 'colcon_pkg'
[0.203s] Level 1:colcon.colcon_core.package_identification:_identify(src/ros_gz_ugv_bringup) by extensions ['colcon_meta']
[0.203s] Level 1:colcon.colcon_core.package_identification:_identify(src/ros_gz_ugv_bringup) by extension 'colcon_meta'
[0.203s] Level 1:colcon.colcon_core.package_identification:_identify(src/ros_gz_ugv_bringup) by extensions ['ros']
[0.203s] Level 1:colcon.colcon_core.package_identification:_identify(src/ros_gz_ugv_bringup) by extension 'ros'
[0.203s] DEBUG:colcon.colcon_core.package_identification:Package 'src/ros_gz_ugv_bringup' with type 'ros.ament_cmake' and name 'ros_gz_ugv_bringup'
[0.203s] Level 1:colcon.colcon_core.package_identification:_identify(src/ros_gz_ugv_description) by extensions ['ignore', 'ignore_ament_install']
[0.203s] Level 1:colcon.colcon_core.package_identification:_identify(src/ros_gz_ugv_description) by extension 'ignore'
[0.204s] Level 1:colcon.colcon_core.package_identification:_identify(src/ros_gz_ugv_description) by extension 'ignore_ament_install'
[0.204s] Level 1:colcon.colcon_core.package_identification:_identify(src/ros_gz_ugv_description) by extensions ['colcon_pkg']
[0.204s] Level 1:colcon.colcon_core.package_identification:_identify(src/ros_gz_ugv_description) by extension 'colcon_pkg'
[0.204s] Level 1:colcon.colcon_core.package_identification:_identify(src/ros_gz_ugv_description) by extensions ['colcon_meta']
[0.204s] Level 1:colcon.colcon_core.package_identification:_identify(src/ros_gz_ugv_description) by extension 'colcon_meta'
[0.204s] Level 1:colcon.colcon_core.package_identification:_identify(src/ros_gz_ugv_description) by extensions ['ros']
[0.204s] Level 1:colcon.colcon_core.package_identification:_identify(src/ros_gz_ugv_description) by extension 'ros'
[0.204s] DEBUG:colcon.colcon_core.package_identification:Package 'src/ros_gz_ugv_description' with type 'ros.ament_cmake' and name 'ros_gz_ugv_description'
[0.204s] Level 1:colcon.colcon_core.package_identification:_identify(src/ros_gz_ugv_gazebo) by extensions ['ignore', 'ignore_ament_install']
[0.204s] Level 1:colcon.colcon_core.package_identification:_identify(src/ros_gz_ugv_gazebo) by extension 'ignore'
[0.204s] Level 1:colcon.colcon_core.package_identification:_identify(src/ros_gz_ugv_gazebo) by extension 'ignore_ament_install'
[0.204s] Level 1:colcon.colcon_core.package_identification:_identify(src/ros_gz_ugv_gazebo) by extensions ['colcon_pkg']
[0.204s] Level 1:colcon.colcon_core.package_identification:_identify(src/ros_gz_ugv_gazebo) by extension 'colcon_pkg'
[0.204s] Level 1:colcon.colcon_core.package_identification:_identify(src/ros_gz_ugv_gazebo) by extensions ['colcon_meta']
[0.204s] Level 1:colcon.colcon_core.package_identification:_identify(src/ros_gz_ugv_gazebo) by extension 'colcon_meta'
[0.205s] Level 1:colcon.colcon_core.package_identification:_identify(src/ros_gz_ugv_gazebo) by extensions ['ros']
[0.205s] Level 1:colcon.colcon_core.package_identification:_identify(src/ros_gz_ugv_gazebo) by extension 'ros'
[0.205s] DEBUG:colcon.colcon_core.package_identification:Package 'src/ros_gz_ugv_gazebo' with type 'ros.ament_cmake' and name 'ros_gz_ugv_gazebo'
[0.205s] Level 1:colcon.colcon_core.package_discovery:discover_packages(recursive) using defaults
[0.205s] Level 1:colcon.colcon_core.package_discovery:discover_packages(ignore) discover
[0.205s] Level 1:colcon.colcon_core.package_discovery:discover_packages(ignore) using defaults
[0.205s] Level 1:colcon.colcon_core.package_discovery:discover_packages(path) discover
[0.205s] Level 1:colcon.colcon_core.package_discovery:discover_packages(path) using defaults
[0.224s] Level 1:colcon.colcon_core.package_discovery:discover_packages(prefix_path) check parameters
[0.224s] Level 1:colcon.colcon_core.package_discovery:discover_packages(prefix_path) discover
[0.227s] DEBUG:colcon.colcon_installed_package_information.package_discovery:Found 4 installed packages in /home/chen/ros_gz_ugv_ws/install
[0.229s] DEBUG:colcon.colcon_installed_package_information.package_discovery:Found 413 installed packages in /opt/ros/jazzy
[0.230s] Level 1:colcon.colcon_core.package_discovery:discover_packages(prefix_path) using defaults
[0.282s] Level 5:colcon.colcon_core.verb:set package 'ros_gz_ugv_application' build argument 'cmake_args' from command line to 'None'
[0.282s] Level 5:colcon.colcon_core.verb:set package 'ros_gz_ugv_application' build argument 'cmake_target' from command line to 'None'
[0.282s] Level 5:colcon.colcon_core.verb:set package 'ros_gz_ugv_application' build argument 'cmake_target_skip_unavailable' from command line to 'False'
[0.282s] Level 5:colcon.colcon_core.verb:set package 'ros_gz_ugv_application' build argument 'cmake_clean_cache' from command line to 'False'
[0.282s] Level 5:colcon.colcon_core.verb:set package 'ros_gz_ugv_application' build argument 'cmake_clean_first' from command line to 'False'
[0.282s] Level 5:colcon.colcon_core.verb:set package 'ros_gz_ugv_application' build argument 'cmake_force_configure' from command line to 'False'
[0.282s] Level 5:colcon.colcon_core.verb:set package 'ros_gz_ugv_application' build argument 'ament_cmake_args' from command line to 'None'
[0.282s] Level 5:colcon.colcon_core.verb:set package 'ros_gz_ugv_application' build argument 'catkin_cmake_args' from command line to 'None'
[0.283s] Level 5:colcon.colcon_core.verb:set package 'ros_gz_ugv_application' build argument 'catkin_skip_building_tests' from command line to 'False'
[0.283s] DEBUG:colcon.colcon_core.verb:Building package 'ros_gz_ugv_application' with the following arguments: {'ament_cmake_args': None, 'build_base': '/home/chen/ros_gz_ugv_ws/build/ros_gz_ugv_application', 'catkin_cmake_args': None, 'catkin_skip_building_tests': False, 'cmake_args': None, 'cmake_clean_cache': False, 'cmake_clean_first': False, 'cmake_force_configure': False, 'cmake_target': None, 'cmake_target_skip_unavailable': False, 'install_base': '/home/chen/ros_gz_ugv_ws/install/ros_gz_ugv_application', 'merge_install': False, 'path': '/home/chen/ros_gz_ugv_ws/src/ros_gz_ugv_application', 'symlink_install': False, 'test_result_base': None}
[0.283s] Level 5:colcon.colcon_core.verb:set package 'ros_gz_ugv_description' build argument 'cmake_args' from command line to 'None'
[0.283s] Level 5:colcon.colcon_core.verb:set package 'ros_gz_ugv_description' build argument 'cmake_target' from command line to 'None'
[0.283s] Level 5:colcon.colcon_core.verb:set package 'ros_gz_ugv_description' build argument 'cmake_target_skip_unavailable' from command line to 'False'
[0.283s] Level 5:colcon.colcon_core.verb:set package 'ros_gz_ugv_description' build argument 'cmake_clean_cache' from command line to 'False'
[0.283s] Level 5:colcon.colcon_core.verb:set package 'ros_gz_ugv_description' build argument 'cmake_clean_first' from command line to 'False'
[0.283s] Level 5:colcon.colcon_core.verb:set package 'ros_gz_ugv_description' build argument 'cmake_force_configure' from command line to 'False'
[0.283s] Level 5:colcon.colcon_core.verb:set package 'ros_gz_ugv_description' build argument 'ament_cmake_args' from command line to 'None'
[0.283s] Level 5:colcon.colcon_core.verb:set package 'ros_gz_ugv_description' build argument 'catkin_cmake_args' from command line to 'None'
[0.283s] Level 5:colcon.colcon_core.verb:set package 'ros_gz_ugv_description' build argument 'catkin_skip_building_tests' from command line to 'False'
[0.283s] DEBUG:colcon.colcon_core.verb:Building package 'ros_gz_ugv_description' with the following arguments: {'ament_cmake_args': None, 'build_base': '/home/chen/ros_gz_ugv_ws/build/ros_gz_ugv_description', 'catkin_cmake_args': None, 'catkin_skip_building_tests': False, 'cmake_args': None, 'cmake_clean_cache': False, 'cmake_clean_first': False, 'cmake_force_configure': False, 'cmake_target': None, 'cmake_target_skip_unavailable': False, 'install_base': '/home/chen/ros_gz_ugv_ws/install/ros_gz_ugv_description', 'merge_install': False, 'path': '/home/chen/ros_gz_ugv_ws/src/ros_gz_ugv_description', 'symlink_install': False, 'test_result_base': None}
[0.283s] Level 5:colcon.colcon_core.verb:set package 'ros_gz_ugv_gazebo' build argument 'cmake_args' from command line to 'None'
[0.283s] Level 5:colcon.colcon_core.verb:set package 'ros_gz_ugv_gazebo' build argument 'cmake_target' from command line to 'None'
[0.283s] Level 5:colcon.colcon_core.verb:set package 'ros_gz_ugv_gazebo' build argument 'cmake_target_skip_unavailable' from command line to 'False'
[0.283s] Level 5:colcon.colcon_core.verb:set package 'ros_gz_ugv_gazebo' build argument 'cmake_clean_cache' from command line to 'False'
[0.283s] Level 5:colcon.colcon_core.verb:set package 'ros_gz_ugv_gazebo' build argument 'cmake_clean_first' from command line to 'False'
[0.283s] Level 5:colcon.colcon_core.verb:set package 'ros_gz_ugv_gazebo' build argument 'cmake_force_configure' from command line to 'False'
[0.283s] Level 5:colcon.colcon_core.verb:set package 'ros_gz_ugv_gazebo' build argument 'ament_cmake_args' from command line to 'None'
[0.283s] Level 5:colcon.colcon_core.verb:set package 'ros_gz_ugv_gazebo' build argument 'catkin_cmake_args' from command line to 'None'
[0.283s] Level 5:colcon.colcon_core.verb:set package 'ros_gz_ugv_gazebo' build argument 'catkin_skip_building_tests' from command line to 'False'
[0.284s] DEBUG:colcon.colcon_core.verb:Building package 'ros_gz_ugv_gazebo' with the following arguments: {'ament_cmake_args': None, 'build_base': '/home/chen/ros_gz_ugv_ws/build/ros_gz_ugv_gazebo', 'catkin_cmake_args': None, 'catkin_skip_building_tests': False, 'cmake_args': None, 'cmake_clean_cache': False, 'cmake_clean_first': False, 'cmake_force_configure': False, 'cmake_target': None, 'cmake_target_skip_unavailable': False, 'install_base': '/home/chen/ros_gz_ugv_ws/install/ros_gz_ugv_gazebo', 'merge_install': False, 'path': '/home/chen/ros_gz_ugv_ws/src/ros_gz_ugv_gazebo', 'symlink_install': False, 'test_result_base': None}
[0.284s] Level 5:colcon.colcon_core.verb:set package 'ros_gz_ugv_bringup' build argument 'cmake_args' from command line to 'None'
[0.284s] Level 5:colcon.colcon_core.verb:set package 'ros_gz_ugv_bringup' build argument 'cmake_target' from command line to 'None'
[0.284s] Level 5:colcon.colcon_core.verb:set package 'ros_gz_ugv_bringup' build argument 'cmake_target_skip_unavailable' from command line to 'False'
[0.284s] Level 5:colcon.colcon_core.verb:set package 'ros_gz_ugv_bringup' build argument 'cmake_clean_cache' from command line to 'False'
[0.284s] Level 5:colcon.colcon_core.verb:set package 'ros_gz_ugv_bringup' build argument 'cmake_clean_first' from command line to 'False'
[0.284s] Level 5:colcon.colcon_core.verb:set package 'ros_gz_ugv_bringup' build argument 'cmake_force_configure' from command line to 'False'
[0.284s] Level 5:colcon.colcon_core.verb:set package 'ros_gz_ugv_bringup' build argument 'ament_cmake_args' from command line to 'None'
[0.284s] Level 5:colcon.colcon_core.verb:set package 'ros_gz_ugv_bringup' build argument 'catkin_cmake_args' from command line to 'None'
[0.284s] Level 5:colcon.colcon_core.verb:set package 'ros_gz_ugv_bringup' build argument 'catkin_skip_building_tests' from command line to 'False'
[0.284s] DEBUG:colcon.colcon_core.verb:Building package 'ros_gz_ugv_bringup' with the following arguments: {'ament_cmake_args': None, 'build_base': '/home/chen/ros_gz_ugv_ws/build/ros_gz_ugv_bringup', 'catkin_cmake_args': None, 'catkin_skip_building_tests': False, 'cmake_args': None, 'cmake_clean_cache': False, 'cmake_clean_first': False, 'cmake_force_configure': False, 'cmake_target': None, 'cmake_target_skip_unavailable': False, 'install_base': '/home/chen/ros_gz_ugv_ws/install/ros_gz_ugv_bringup', 'merge_install': False, 'path': '/home/chen/ros_gz_ugv_ws/src/ros_gz_ugv_bringup', 'symlink_install': False, 'test_result_base': None}
[0.284s] INFO:colcon.colcon_core.executor:Executing jobs using 'parallel' executor
[0.285s] DEBUG:colcon.colcon_parallel_executor.executor.parallel:run_until_complete
[0.285s] INFO:colcon.colcon_ros.task.ament_cmake.build:Building ROS package in '/home/chen/ros_gz_ugv_ws/src/ros_gz_ugv_description' with build type 'ament_cmake'
[0.285s] INFO:colcon.colcon_cmake.task.cmake.build:Building CMake package in '/home/chen/ros_gz_ugv_ws/src/ros_gz_ugv_description'
[0.290s] INFO:colcon.colcon_core.plugin_system:Skipping extension 'colcon_core.shell.bat': Not used on non-Windows systems
[0.290s] INFO:colcon.colcon_core.shell:Skip shell extension 'powershell' for command environment: Not usable outside of PowerShell
[0.290s] DEBUG:colcon.colcon_core.shell:Skip shell extension 'dsv' for command environment
[0.295s] INFO:colcon.colcon_ros.task.ament_cmake.build:Building ROS package in '/home/chen/ros_gz_ugv_ws/src/ros_gz_ugv_application' with build type 'ament_cmake'
[0.295s] INFO:colcon.colcon_cmake.task.cmake.build:Building CMake package in '/home/chen/ros_gz_ugv_ws/src/ros_gz_ugv_application'
[0.295s] INFO:colcon.colcon_core.shell:Skip shell extension 'powershell' for command environment: Not usable outside of PowerShell
[0.295s] DEBUG:colcon.colcon_core.shell:Skip shell extension 'dsv' for command environment
[0.305s] DEBUG:colcon.colcon_core.event_handler.log_command:Invoking command in '/home/chen/ros_gz_ugv_ws/build/ros_gz_ugv_description': CMAKE_PREFIX_PATH=${CMAKE_PREFIX_PATH}:/opt/ros/jazzy DEBUGINFOD_URLS=https://debuginfod.ubuntu.com /usr/bin/cmake --build /home/chen/ros_gz_ugv_ws/build/ros_gz_ugv_description -- -j12 -l12
[0.309s] DEBUG:colcon.colcon_core.event_handler.log_command:Invoking command in '/home/chen/ros_gz_ugv_ws/build/ros_gz_ugv_application': CMAKE_PREFIX_PATH=${CMAKE_PREFIX_PATH}:/opt/ros/jazzy DEBUGINFOD_URLS=https://debuginfod.ubuntu.com /usr/bin/cmake --build /home/chen/ros_gz_ugv_ws/build/ros_gz_ugv_application -- -j12 -l12
[0.360s] DEBUG:colcon.colcon_core.event_handler.log_command:Invoked command in '/home/chen/ros_gz_ugv_ws/build/ros_gz_ugv_description' returned '0': CMAKE_PREFIX_PATH=${CMAKE_PREFIX_PATH}:/opt/ros/jazzy DEBUGINFOD_URLS=https://debuginfod.ubuntu.com /usr/bin/cmake --build /home/chen/ros_gz_ugv_ws/build/ros_gz_ugv_description -- -j12 -l12
[0.374s] DEBUG:colcon.colcon_core.event_handler.log_command:Invoking command in '/home/chen/ros_gz_ugv_ws/build/ros_gz_ugv_description': CMAKE_PREFIX_PATH=${CMAKE_PREFIX_PATH}:/opt/ros/jazzy DEBUGINFOD_URLS=https://debuginfod.ubuntu.com /usr/bin/cmake --install /home/chen/ros_gz_ugv_ws/build/ros_gz_ugv_description
[0.376s] DEBUG:colcon.colcon_core.event_handler.log_command:Invoked command in '/home/chen/ros_gz_ugv_ws/build/ros_gz_ugv_application' returned '0': CMAKE_PREFIX_PATH=${CMAKE_PREFIX_PATH}:/opt/ros/jazzy DEBUGINFOD_URLS=https://debuginfod.ubuntu.com /usr/bin/cmake --build /home/chen/ros_gz_ugv_ws/build/ros_gz_ugv_application -- -j12 -l12
[0.377s] DEBUG:colcon.colcon_core.event_handler.log_command:Invoking command in '/home/chen/ros_gz_ugv_ws/build/ros_gz_ugv_application': CMAKE_PREFIX_PATH=${CMAKE_PREFIX_PATH}:/opt/ros/jazzy DEBUGINFOD_URLS=https://debuginfod.ubuntu.com /usr/bin/cmake --install /home/chen/ros_gz_ugv_ws/build/ros_gz_ugv_application
[0.395s] Level 1:colcon.colcon_core.environment:create_environment_scripts_only(ros_gz_ugv_description)
[0.401s] DEBUG:colcon.colcon_core.event_handler.log_command:Invoked command in '/home/chen/ros_gz_ugv_ws/build/ros_gz_ugv_description' returned '0': CMAKE_PREFIX_PATH=${CMAKE_PREFIX_PATH}:/opt/ros/jazzy DEBUGINFOD_URLS=https://debuginfod.ubuntu.com /usr/bin/cmake --install /home/chen/ros_gz_ugv_ws/build/ros_gz_ugv_description
[0.407s] Level 1:colcon.colcon_core.environment:checking '/home/chen/ros_gz_ugv_ws/install/ros_gz_ugv_description' for CMake module files
[0.407s] Level 1:colcon.colcon_core.environment:checking '/home/chen/ros_gz_ugv_ws/install/ros_gz_ugv_description' for CMake config files
[0.408s] Level 1:colcon.colcon_core.shell:create_environment_hook('ros_gz_ugv_description', 'cmake_prefix_path')
[0.408s] INFO:colcon.colcon_core.shell:Creating environment hook '/home/chen/ros_gz_ugv_ws/install/ros_gz_ugv_description/share/ros_gz_ugv_description/hook/cmake_prefix_path.ps1'
[0.408s] INFO:colcon.colcon_core.shell:Creating environment descriptor '/home/chen/ros_gz_ugv_ws/install/ros_gz_ugv_description/share/ros_gz_ugv_description/hook/cmake_prefix_path.dsv'
[0.409s] INFO:colcon.colcon_core.shell:Creating environment hook '/home/chen/ros_gz_ugv_ws/install/ros_gz_ugv_description/share/ros_gz_ugv_description/hook/cmake_prefix_path.sh'
[0.409s] Level 1:colcon.colcon_core.environment:checking '/home/chen/ros_gz_ugv_ws/install/ros_gz_ugv_description/bin'
[0.409s] Level 1:colcon.colcon_core.environment:checking '/home/chen/ros_gz_ugv_ws/install/ros_gz_ugv_description/lib/pkgconfig/ros_gz_ugv_description.pc'
[0.410s] Level 1:colcon.colcon_core.environment:checking '/home/chen/ros_gz_ugv_ws/install/ros_gz_ugv_description/lib/python3.12/site-packages'
[0.410s] Level 1:colcon.colcon_core.environment:checking '/home/chen/ros_gz_ugv_ws/install/ros_gz_ugv_description/bin'
[0.410s] INFO:colcon.colcon_core.shell:Creating package script '/home/chen/ros_gz_ugv_ws/install/ros_gz_ugv_description/share/ros_gz_ugv_description/package.ps1'
[0.411s] INFO:colcon.colcon_core.shell:Creating package descriptor '/home/chen/ros_gz_ugv_ws/install/ros_gz_ugv_description/share/ros_gz_ugv_description/package.dsv'
[0.411s] INFO:colcon.colcon_core.shell:Creating package script '/home/chen/ros_gz_ugv_ws/install/ros_gz_ugv_description/share/ros_gz_ugv_description/package.sh'
[0.412s] INFO:colcon.colcon_core.shell:Creating package script '/home/chen/ros_gz_ugv_ws/install/ros_gz_ugv_description/share/ros_gz_ugv_description/package.bash'
[0.412s] INFO:colcon.colcon_core.shell:Creating package script '/home/chen/ros_gz_ugv_ws/install/ros_gz_ugv_description/share/ros_gz_ugv_description/package.zsh'
[0.413s] Level 1:colcon.colcon_core.environment:create_file_with_runtime_dependencies(/home/chen/ros_gz_ugv_ws/install/ros_gz_ugv_description/share/colcon-core/packages/ros_gz_ugv_description)
[0.413s] Level 1:colcon.colcon_core.environment:create_environment_scripts_only(ros_gz_ugv_description)
[0.413s] Level 1:colcon.colcon_core.environment:checking '/home/chen/ros_gz_ugv_ws/install/ros_gz_ugv_description' for CMake module files
[0.414s] Level 1:colcon.colcon_core.environment:checking '/home/chen/ros_gz_ugv_ws/install/ros_gz_ugv_description' for CMake config files
[0.414s] Level 1:colcon.colcon_core.shell:create_environment_hook('ros_gz_ugv_description', 'cmake_prefix_path')
[0.414s] INFO:colcon.colcon_core.shell:Creating environment hook '/home/chen/ros_gz_ugv_ws/install/ros_gz_ugv_description/share/ros_gz_ugv_description/hook/cmake_prefix_path.ps1'
[0.415s] INFO:colcon.colcon_core.shell:Creating environment descriptor '/home/chen/ros_gz_ugv_ws/install/ros_gz_ugv_description/share/ros_gz_ugv_description/hook/cmake_prefix_path.dsv'
[0.415s] INFO:colcon.colcon_core.shell:Creating environment hook '/home/chen/ros_gz_ugv_ws/install/ros_gz_ugv_description/share/ros_gz_ugv_description/hook/cmake_prefix_path.sh'
[0.416s] Level 1:colcon.colcon_core.environment:checking '/home/chen/ros_gz_ugv_ws/install/ros_gz_ugv_description/bin'
[0.416s] Level 1:colcon.colcon_core.environment:checking '/home/chen/ros_gz_ugv_ws/install/ros_gz_ugv_description/lib/pkgconfig/ros_gz_ugv_description.pc'
[0.416s] Level 1:colcon.colcon_core.environment:checking '/home/chen/ros_gz_ugv_ws/install/ros_gz_ugv_description/lib/python3.12/site-packages'
[0.416s] Level 1:colcon.colcon_core.environment:checking '/home/chen/ros_gz_ugv_ws/install/ros_gz_ugv_description/bin'
[0.416s] INFO:colcon.colcon_core.shell:Creating package script '/home/chen/ros_gz_ugv_ws/install/ros_gz_ugv_description/share/ros_gz_ugv_description/package.ps1'
[0.417s] INFO:colcon.colcon_core.shell:Creating package descriptor '/home/chen/ros_gz_ugv_ws/install/ros_gz_ugv_description/share/ros_gz_ugv_description/package.dsv'
[0.417s] INFO:colcon.colcon_core.shell:Creating package script '/home/chen/ros_gz_ugv_ws/install/ros_gz_ugv_description/share/ros_gz_ugv_description/package.sh'
[0.417s] INFO:colcon.colcon_core.shell:Creating package script '/home/chen/ros_gz_ugv_ws/install/ros_gz_ugv_description/share/ros_gz_ugv_description/package.bash'
[0.418s] INFO:colcon.colcon_core.shell:Creating package script '/home/chen/ros_gz_ugv_ws/install/ros_gz_ugv_description/share/ros_gz_ugv_description/package.zsh'
[0.418s] Level 1:colcon.colcon_core.environment:create_file_with_runtime_dependencies(/home/chen/ros_gz_ugv_ws/install/ros_gz_ugv_description/share/colcon-core/packages/ros_gz_ugv_description)
[0.418s] INFO:colcon.colcon_ros.task.ament_cmake.build:Building ROS package in '/home/chen/ros_gz_ugv_ws/src/ros_gz_ugv_gazebo' with build type 'ament_cmake'
[0.418s] INFO:colcon.colcon_cmake.task.cmake.build:Building CMake package in '/home/chen/ros_gz_ugv_ws/src/ros_gz_ugv_gazebo'
[0.419s] INFO:colcon.colcon_core.shell:Skip shell extension 'powershell' for command environment: Not usable outside of PowerShell
[0.419s] DEBUG:colcon.colcon_core.shell:Skip shell extension 'dsv' for command environment
[0.424s] Level 1:colcon.colcon_core.environment:create_environment_scripts_only(ros_gz_ugv_application)
[0.425s] Level 1:colcon.colcon_core.environment:checking '/home/chen/ros_gz_ugv_ws/install/ros_gz_ugv_application' for CMake module files
[0.426s] DEBUG:colcon.colcon_core.event_handler.log_command:Invoked command in '/home/chen/ros_gz_ugv_ws/build/ros_gz_ugv_application' returned '0': CMAKE_PREFIX_PATH=${CMAKE_PREFIX_PATH}:/opt/ros/jazzy DEBUGINFOD_URLS=https://debuginfod.ubuntu.com /usr/bin/cmake --install /home/chen/ros_gz_ugv_ws/build/ros_gz_ugv_application
[0.427s] Level 1:colcon.colcon_core.environment:checking '/home/chen/ros_gz_ugv_ws/install/ros_gz_ugv_application' for CMake config files
[0.427s] Level 1:colcon.colcon_core.shell:create_environment_hook('ros_gz_ugv_application', 'cmake_prefix_path')
[0.427s] INFO:colcon.colcon_core.shell:Creating environment hook '/home/chen/ros_gz_ugv_ws/install/ros_gz_ugv_application/share/ros_gz_ugv_application/hook/cmake_prefix_path.ps1'
[0.429s] INFO:colcon.colcon_core.shell:Creating environment descriptor '/home/chen/ros_gz_ugv_ws/install/ros_gz_ugv_application/share/ros_gz_ugv_application/hook/cmake_prefix_path.dsv'
[0.429s] INFO:colcon.colcon_core.shell:Creating environment hook '/home/chen/ros_gz_ugv_ws/install/ros_gz_ugv_application/share/ros_gz_ugv_application/hook/cmake_prefix_path.sh'
[0.431s] Level 1:colcon.colcon_core.environment:checking '/home/chen/ros_gz_ugv_ws/install/ros_gz_ugv_application/bin'
[0.431s] Level 1:colcon.colcon_core.environment:checking '/home/chen/ros_gz_ugv_ws/install/ros_gz_ugv_application/lib/pkgconfig/ros_gz_ugv_application.pc'
[0.432s] Level 1:colcon.colcon_core.environment:checking '/home/chen/ros_gz_ugv_ws/install/ros_gz_ugv_application/lib/python3.12/site-packages'
[0.432s] Level 1:colcon.colcon_core.environment:checking '/home/chen/ros_gz_ugv_ws/install/ros_gz_ugv_application/bin'
[0.433s] INFO:colcon.colcon_core.shell:Creating package script '/home/chen/ros_gz_ugv_ws/install/ros_gz_ugv_application/share/ros_gz_ugv_application/package.ps1'
[0.434s] INFO:colcon.colcon_core.shell:Creating package descriptor '/home/chen/ros_gz_ugv_ws/install/ros_gz_ugv_application/share/ros_gz_ugv_application/package.dsv'
[0.434s] INFO:colcon.colcon_core.shell:Creating package script '/home/chen/ros_gz_ugv_ws/install/ros_gz_ugv_application/share/ros_gz_ugv_application/package.sh'
[0.435s] INFO:colcon.colcon_core.shell:Creating package script '/home/chen/ros_gz_ugv_ws/install/ros_gz_ugv_application/share/ros_gz_ugv_application/package.bash'
[0.435s] INFO:colcon.colcon_core.shell:Creating package script '/home/chen/ros_gz_ugv_ws/install/ros_gz_ugv_application/share/ros_gz_ugv_application/package.zsh'
[0.436s] Level 1:colcon.colcon_core.environment:create_file_with_runtime_dependencies(/home/chen/ros_gz_ugv_ws/install/ros_gz_ugv_application/share/colcon-core/packages/ros_gz_ugv_application)
[0.436s] Level 1:colcon.colcon_core.environment:create_environment_scripts_only(ros_gz_ugv_application)
[0.436s] Level 1:colcon.colcon_core.environment:checking '/home/chen/ros_gz_ugv_ws/install/ros_gz_ugv_application' for CMake module files
[0.437s] Level 1:colcon.colcon_core.environment:checking '/home/chen/ros_gz_ugv_ws/install/ros_gz_ugv_application' for CMake config files
[0.437s] Level 1:colcon.colcon_core.shell:create_environment_hook('ros_gz_ugv_application', 'cmake_prefix_path')
[0.437s] INFO:colcon.colcon_core.shell:Creating environment hook '/home/chen/ros_gz_ugv_ws/install/ros_gz_ugv_application/share/ros_gz_ugv_application/hook/cmake_prefix_path.ps1'
[0.438s] INFO:colcon.colcon_core.shell:Creating environment descriptor '/home/chen/ros_gz_ugv_ws/install/ros_gz_ugv_application/share/ros_gz_ugv_application/hook/cmake_prefix_path.dsv'
[0.438s] INFO:colcon.colcon_core.shell:Creating environment hook '/home/chen/ros_gz_ugv_ws/install/ros_gz_ugv_application/share/ros_gz_ugv_application/hook/cmake_prefix_path.sh'
[0.439s] Level 1:colcon.colcon_core.environment:checking '/home/chen/ros_gz_ugv_ws/install/ros_gz_ugv_application/bin'
[0.439s] Level 1:colcon.colcon_core.environment:checking '/home/chen/ros_gz_ugv_ws/install/ros_gz_ugv_application/lib/pkgconfig/ros_gz_ugv_application.pc'
[0.439s] Level 1:colcon.colcon_core.environment:checking '/home/chen/ros_gz_ugv_ws/install/ros_gz_ugv_application/lib/python3.12/site-packages'
[0.439s] Level 1:colcon.colcon_core.environment:checking '/home/chen/ros_gz_ugv_ws/install/ros_gz_ugv_application/bin'
[0.440s] INFO:colcon.colcon_core.shell:Creating package script '/home/chen/ros_gz_ugv_ws/install/ros_gz_ugv_application/share/ros_gz_ugv_application/package.ps1'
[0.440s] INFO:colcon.colcon_core.shell:Creating package descriptor '/home/chen/ros_gz_ugv_ws/install/ros_gz_ugv_application/share/ros_gz_ugv_application/package.dsv'
[0.441s] INFO:colcon.colcon_core.shell:Creating package script '/home/chen/ros_gz_ugv_ws/install/ros_gz_ugv_application/share/ros_gz_ugv_application/package.sh'
[0.441s] INFO:colcon.colcon_core.shell:Creating package script '/home/chen/ros_gz_ugv_ws/install/ros_gz_ugv_application/share/ros_gz_ugv_application/package.bash'
[0.442s] INFO:colcon.colcon_core.shell:Creating package script '/home/chen/ros_gz_ugv_ws/install/ros_gz_ugv_application/share/ros_gz_ugv_application/package.zsh'
[0.442s] Level 1:colcon.colcon_core.environment:create_file_with_runtime_dependencies(/home/chen/ros_gz_ugv_ws/install/ros_gz_ugv_application/share/colcon-core/packages/ros_gz_ugv_application)
[0.447s] DEBUG:colcon.colcon_core.event_handler.log_command:Invoking command in '/home/chen/ros_gz_ugv_ws/build/ros_gz_ugv_gazebo': CMAKE_PREFIX_PATH=/home/chen/ros_gz_ugv_ws/install/ros_gz_ugv_description:/home/chen/ros_gz_ugv_ws/install/ros_gz_ugv_bringup:/home/chen/ros_gz_ugv_ws/install/ros_gz_ugv_gazebo:/home/chen/ros_gz_ugv_ws/install/ros_gz_ugv_application:/opt/ros/jazzy/opt/gz_sim_vendor:/opt/ros/jazzy/opt/gz_sensors_vendor:/opt/ros/jazzy/opt/gz_physics_vendor:/opt/ros/jazzy/opt/sdformat_vendor:/opt/ros/jazzy/opt/gz_gui_vendor:/opt/ros/jazzy/opt/gz_transport_vendor:/opt/ros/jazzy/opt/gz_rendering_vendor:/opt/ros/jazzy/opt/gz_plugin_vendor:/opt/ros/jazzy/opt/gz_fuel_tools_vendor:/opt/ros/jazzy/opt/gz_msgs_vendor:/opt/ros/jazzy/opt/gz_common_vendor:/opt/ros/jazzy/opt/gz_math_vendor:/opt/ros/jazzy/opt/gz_utils_vendor:/opt/ros/jazzy/opt/gz_tools_vendor:/opt/ros/jazzy/opt/gz_ogre_next_vendor:/opt/ros/jazzy/opt/gz_dartsim_vendor:/opt/ros/jazzy/opt/gz_cmake_vendor:/opt/ros/jazzy DEBUGINFOD_URLS=https://debuginfod.ubuntu.com GZ_SIM_RESOURCE_PATH=/home/chen/ros_gz_ugv_ws/install/ros_gz_ugv_description/share/ros_gz_ugv_description/models:${GZ_SIM_RESOURCE_PATH} /usr/bin/cmake --build /home/chen/ros_gz_ugv_ws/build/ros_gz_ugv_gazebo -- -j12 -l12
[0.564s] DEBUG:colcon.colcon_core.event_handler.log_command:Invoked command in '/home/chen/ros_gz_ugv_ws/build/ros_gz_ugv_gazebo' returned '0': CMAKE_PREFIX_PATH=/home/chen/ros_gz_ugv_ws/install/ros_gz_ugv_description:/home/chen/ros_gz_ugv_ws/install/ros_gz_ugv_bringup:/home/chen/ros_gz_ugv_ws/install/ros_gz_ugv_gazebo:/home/chen/ros_gz_ugv_ws/install/ros_gz_ugv_application:/opt/ros/jazzy/opt/gz_sim_vendor:/opt/ros/jazzy/opt/gz_sensors_vendor:/opt/ros/jazzy/opt/gz_physics_vendor:/opt/ros/jazzy/opt/sdformat_vendor:/opt/ros/jazzy/opt/gz_gui_vendor:/opt/ros/jazzy/opt/gz_transport_vendor:/opt/ros/jazzy/opt/gz_rendering_vendor:/opt/ros/jazzy/opt/gz_plugin_vendor:/opt/ros/jazzy/opt/gz_fuel_tools_vendor:/opt/ros/jazzy/opt/gz_msgs_vendor:/opt/ros/jazzy/opt/gz_common_vendor:/opt/ros/jazzy/opt/gz_math_vendor:/opt/ros/jazzy/opt/gz_utils_vendor:/opt/ros/jazzy/opt/gz_tools_vendor:/opt/ros/jazzy/opt/gz_ogre_next_vendor:/opt/ros/jazzy/opt/gz_dartsim_vendor:/opt/ros/jazzy/opt/gz_cmake_vendor:/opt/ros/jazzy DEBUGINFOD_URLS=https://debuginfod.ubuntu.com GZ_SIM_RESOURCE_PATH=/home/chen/ros_gz_ugv_ws/install/ros_gz_ugv_description/share/ros_gz_ugv_description/models:${GZ_SIM_RESOURCE_PATH} /usr/bin/cmake --build /home/chen/ros_gz_ugv_ws/build/ros_gz_ugv_gazebo -- -j12 -l12
[0.565s] DEBUG:colcon.colcon_core.event_handler.log_command:Invoking command in '/home/chen/ros_gz_ugv_ws/build/ros_gz_ugv_gazebo': CMAKE_PREFIX_PATH=/home/chen/ros_gz_ugv_ws/install/ros_gz_ugv_description:/home/chen/ros_gz_ugv_ws/install/ros_gz_ugv_bringup:/home/chen/ros_gz_ugv_ws/install/ros_gz_ugv_gazebo:/home/chen/ros_gz_ugv_ws/install/ros_gz_ugv_application:/opt/ros/jazzy/opt/gz_sim_vendor:/opt/ros/jazzy/opt/gz_sensors_vendor:/opt/ros/jazzy/opt/gz_physics_vendor:/opt/ros/jazzy/opt/sdformat_vendor:/opt/ros/jazzy/opt/gz_gui_vendor:/opt/ros/jazzy/opt/gz_transport_vendor:/opt/ros/jazzy/opt/gz_rendering_vendor:/opt/ros/jazzy/opt/gz_plugin_vendor:/opt/ros/jazzy/opt/gz_fuel_tools_vendor:/opt/ros/jazzy/opt/gz_msgs_vendor:/opt/ros/jazzy/opt/gz_common_vendor:/opt/ros/jazzy/opt/gz_math_vendor:/opt/ros/jazzy/opt/gz_utils_vendor:/opt/ros/jazzy/opt/gz_tools_vendor:/opt/ros/jazzy/opt/gz_ogre_next_vendor:/opt/ros/jazzy/opt/gz_dartsim_vendor:/opt/ros/jazzy/opt/gz_cmake_vendor:/opt/ros/jazzy DEBUGINFOD_URLS=https://debuginfod.ubuntu.com GZ_SIM_RESOURCE_PATH=/home/chen/ros_gz_ugv_ws/install/ros_gz_ugv_description/share/ros_gz_ugv_description/models:${GZ_SIM_RESOURCE_PATH} /usr/bin/cmake --install /home/chen/ros_gz_ugv_ws/build/ros_gz_ugv_gazebo
[0.580s] Level 1:colcon.colcon_core.environment:create_environment_scripts_only(ros_gz_ugv_gazebo)
[0.581s] Level 1:colcon.colcon_core.environment:checking '/home/chen/ros_gz_ugv_ws/install/ros_gz_ugv_gazebo' for CMake module files
[0.582s] DEBUG:colcon.colcon_core.event_handler.log_command:Invoked command in '/home/chen/ros_gz_ugv_ws/build/ros_gz_ugv_gazebo' returned '0': CMAKE_PREFIX_PATH=/home/chen/ros_gz_ugv_ws/install/ros_gz_ugv_description:/home/chen/ros_gz_ugv_ws/install/ros_gz_ugv_bringup:/home/chen/ros_gz_ugv_ws/install/ros_gz_ugv_gazebo:/home/chen/ros_gz_ugv_ws/install/ros_gz_ugv_application:/opt/ros/jazzy/opt/gz_sim_vendor:/opt/ros/jazzy/opt/gz_sensors_vendor:/opt/ros/jazzy/opt/gz_physics_vendor:/opt/ros/jazzy/opt/sdformat_vendor:/opt/ros/jazzy/opt/gz_gui_vendor:/opt/ros/jazzy/opt/gz_transport_vendor:/opt/ros/jazzy/opt/gz_rendering_vendor:/opt/ros/jazzy/opt/gz_plugin_vendor:/opt/ros/jazzy/opt/gz_fuel_tools_vendor:/opt/ros/jazzy/opt/gz_msgs_vendor:/opt/ros/jazzy/opt/gz_common_vendor:/opt/ros/jazzy/opt/gz_math_vendor:/opt/ros/jazzy/opt/gz_utils_vendor:/opt/ros/jazzy/opt/gz_tools_vendor:/opt/ros/jazzy/opt/gz_ogre_next_vendor:/opt/ros/jazzy/opt/gz_dartsim_vendor:/opt/ros/jazzy/opt/gz_cmake_vendor:/opt/ros/jazzy DEBUGINFOD_URLS=https://debuginfod.ubuntu.com GZ_SIM_RESOURCE_PATH=/home/chen/ros_gz_ugv_ws/install/ros_gz_ugv_description/share/ros_gz_ugv_description/models:${GZ_SIM_RESOURCE_PATH} /usr/bin/cmake --install /home/chen/ros_gz_ugv_ws/build/ros_gz_ugv_gazebo
[0.583s] Level 1:colcon.colcon_core.environment:checking '/home/chen/ros_gz_ugv_ws/install/ros_gz_ugv_gazebo' for CMake config files
[0.584s] Level 1:colcon.colcon_core.shell:create_environment_hook('ros_gz_ugv_gazebo', 'cmake_prefix_path')
[0.584s] INFO:colcon.colcon_core.shell:Creating environment hook '/home/chen/ros_gz_ugv_ws/install/ros_gz_ugv_gazebo/share/ros_gz_ugv_gazebo/hook/cmake_prefix_path.ps1'
[0.586s] INFO:colcon.colcon_core.shell:Creating environment descriptor '/home/chen/ros_gz_ugv_ws/install/ros_gz_ugv_gazebo/share/ros_gz_ugv_gazebo/hook/cmake_prefix_path.dsv'
[0.587s] INFO:colcon.colcon_core.shell:Creating environment hook '/home/chen/ros_gz_ugv_ws/install/ros_gz_ugv_gazebo/share/ros_gz_ugv_gazebo/hook/cmake_prefix_path.sh'
[0.589s] Level 1:colcon.colcon_core.environment:checking '/home/chen/ros_gz_ugv_ws/install/ros_gz_ugv_gazebo/lib'
[0.589s] Level 1:colcon.colcon_core.environment:checking '/home/chen/ros_gz_ugv_ws/install/ros_gz_ugv_gazebo/bin'
[0.589s] Level 1:colcon.colcon_core.environment:checking '/home/chen/ros_gz_ugv_ws/install/ros_gz_ugv_gazebo/lib/pkgconfig/ros_gz_ugv_gazebo.pc'
[0.590s] Level 1:colcon.colcon_core.environment:checking '/home/chen/ros_gz_ugv_ws/install/ros_gz_ugv_gazebo/lib/python3.12/site-packages'
[0.591s] Level 1:colcon.colcon_core.environment:checking '/home/chen/ros_gz_ugv_ws/install/ros_gz_ugv_gazebo/bin'
[0.591s] INFO:colcon.colcon_core.shell:Creating package script '/home/chen/ros_gz_ugv_ws/install/ros_gz_ugv_gazebo/share/ros_gz_ugv_gazebo/package.ps1'
[0.593s] INFO:colcon.colcon_core.shell:Creating package descriptor '/home/chen/ros_gz_ugv_ws/install/ros_gz_ugv_gazebo/share/ros_gz_ugv_gazebo/package.dsv'
[0.594s] INFO:colcon.colcon_core.shell:Creating package script '/home/chen/ros_gz_ugv_ws/install/ros_gz_ugv_gazebo/share/ros_gz_ugv_gazebo/package.sh'
[0.595s] INFO:colcon.colcon_core.shell:Creating package script '/home/chen/ros_gz_ugv_ws/install/ros_gz_ugv_gazebo/share/ros_gz_ugv_gazebo/package.bash'
[0.596s] INFO:colcon.colcon_core.shell:Creating package script '/home/chen/ros_gz_ugv_ws/install/ros_gz_ugv_gazebo/share/ros_gz_ugv_gazebo/package.zsh'
[0.597s] Level 1:colcon.colcon_core.environment:create_file_with_runtime_dependencies(/home/chen/ros_gz_ugv_ws/install/ros_gz_ugv_gazebo/share/colcon-core/packages/ros_gz_ugv_gazebo)
[0.598s] Level 1:colcon.colcon_core.environment:create_environment_scripts_only(ros_gz_ugv_gazebo)
[0.599s] Level 1:colcon.colcon_core.environment:checking '/home/chen/ros_gz_ugv_ws/install/ros_gz_ugv_gazebo' for CMake module files
[0.600s] Level 1:colcon.colcon_core.environment:checking '/home/chen/ros_gz_ugv_ws/install/ros_gz_ugv_gazebo' for CMake config files
[0.601s] Level 1:colcon.colcon_core.shell:create_environment_hook('ros_gz_ugv_gazebo', 'cmake_prefix_path')
[0.601s] INFO:colcon.colcon_core.shell:Creating environment hook '/home/chen/ros_gz_ugv_ws/install/ros_gz_ugv_gazebo/share/ros_gz_ugv_gazebo/hook/cmake_prefix_path.ps1'
[0.602s] INFO:colcon.colcon_core.shell:Creating environment descriptor '/home/chen/ros_gz_ugv_ws/install/ros_gz_ugv_gazebo/share/ros_gz_ugv_gazebo/hook/cmake_prefix_path.dsv'
[0.603s] INFO:colcon.colcon_core.shell:Creating environment hook '/home/chen/ros_gz_ugv_ws/install/ros_gz_ugv_gazebo/share/ros_gz_ugv_gazebo/hook/cmake_prefix_path.sh'
[0.604s] Level 1:colcon.colcon_core.environment:checking '/home/chen/ros_gz_ugv_ws/install/ros_gz_ugv_gazebo/lib'
[0.605s] Level 1:colcon.colcon_core.environment:checking '/home/chen/ros_gz_ugv_ws/install/ros_gz_ugv_gazebo/bin'
[0.605s] Level 1:colcon.colcon_core.environment:checking '/home/chen/ros_gz_ugv_ws/install/ros_gz_ugv_gazebo/lib/pkgconfig/ros_gz_ugv_gazebo.pc'
[0.605s] Level 1:colcon.colcon_core.environment:checking '/home/chen/ros_gz_ugv_ws/install/ros_gz_ugv_gazebo/lib/python3.12/site-packages'
[0.606s] Level 1:colcon.colcon_core.environment:checking '/home/chen/ros_gz_ugv_ws/install/ros_gz_ugv_gazebo/bin'
[0.606s] INFO:colcon.colcon_core.shell:Creating package script '/home/chen/ros_gz_ugv_ws/install/ros_gz_ugv_gazebo/share/ros_gz_ugv_gazebo/package.ps1'
[0.607s] INFO:colcon.colcon_core.shell:Creating package descriptor '/home/chen/ros_gz_ugv_ws/install/ros_gz_ugv_gazebo/share/ros_gz_ugv_gazebo/package.dsv'
[0.608s] INFO:colcon.colcon_core.shell:Creating package script '/home/chen/ros_gz_ugv_ws/install/ros_gz_ugv_gazebo/share/ros_gz_ugv_gazebo/package.sh'
[0.609s] INFO:colcon.colcon_core.shell:Creating package script '/home/chen/ros_gz_ugv_ws/install/ros_gz_ugv_gazebo/share/ros_gz_ugv_gazebo/package.bash'
[0.610s] INFO:colcon.colcon_core.shell:Creating package script '/home/chen/ros_gz_ugv_ws/install/ros_gz_ugv_gazebo/share/ros_gz_ugv_gazebo/package.zsh'
[0.611s] Level 1:colcon.colcon_core.environment:create_file_with_runtime_dependencies(/home/chen/ros_gz_ugv_ws/install/ros_gz_ugv_gazebo/share/colcon-core/packages/ros_gz_ugv_gazebo)
[0.611s] INFO:colcon.colcon_ros.task.ament_cmake.build:Building ROS package in '/home/chen/ros_gz_ugv_ws/src/ros_gz_ugv_bringup' with build type 'ament_cmake'
[0.612s] INFO:colcon.colcon_cmake.task.cmake.build:Building CMake package in '/home/chen/ros_gz_ugv_ws/src/ros_gz_ugv_bringup'
[0.613s] INFO:colcon.colcon_core.shell:Skip shell extension 'powershell' for command environment: Not usable outside of PowerShell
[0.613s] DEBUG:colcon.colcon_core.shell:Skip shell extension 'dsv' for command environment
[0.640s] DEBUG:colcon.colcon_core.event_handler.log_command:Invoking command in '/home/chen/ros_gz_ugv_ws/build/ros_gz_ugv_bringup': CMAKE_PREFIX_PATH=/home/chen/ros_gz_ugv_ws/install/ros_gz_ugv_gazebo:/home/chen/ros_gz_ugv_ws/install/ros_gz_ugv_description:/home/chen/ros_gz_ugv_ws/install/ros_gz_ugv_bringup:/home/chen/ros_gz_ugv_ws/install/ros_gz_ugv_application:/opt/ros/jazzy/opt/gz_sim_vendor:/opt/ros/jazzy/opt/gz_sensors_vendor:/opt/ros/jazzy/opt/gz_physics_vendor:/opt/ros/jazzy/opt/sdformat_vendor:/opt/ros/jazzy/opt/gz_gui_vendor:/opt/ros/jazzy/opt/gz_transport_vendor:/opt/ros/jazzy/opt/gz_rendering_vendor:/opt/ros/jazzy/opt/gz_plugin_vendor:/opt/ros/jazzy/opt/gz_fuel_tools_vendor:/opt/ros/jazzy/opt/gz_msgs_vendor:/opt/ros/jazzy/opt/gz_common_vendor:/opt/ros/jazzy/opt/gz_math_vendor:/opt/ros/jazzy/opt/gz_utils_vendor:/opt/ros/jazzy/opt/gz_tools_vendor:/opt/ros/jazzy/opt/gz_ogre_next_vendor:/opt/ros/jazzy/opt/gz_dartsim_vendor:/opt/ros/jazzy/opt/gz_cmake_vendor:/opt/ros/jazzy DEBUGINFOD_URLS=https://debuginfod.ubuntu.com GZ_SIM_PLUGIN_PATH=/home/chen/ros_gz_ugv_ws/install/ros_gz_ugv_gazebo/lib/ros_gz_ugv_gazebo GZ_SIM_RESOURCE_PATH=/home/chen/ros_gz_ugv_ws/install/ros_gz_ugv_description/share/ros_gz_ugv_description/models:${GZ_SIM_RESOURCE_PATH} /usr/bin/cmake --build /home/chen/ros_gz_ugv_ws/build/ros_gz_ugv_bringup -- -j12 -l12
[0.702s] DEBUG:colcon.colcon_core.event_handler.log_command:Invoked command in '/home/chen/ros_gz_ugv_ws/build/ros_gz_ugv_bringup' returned '0': CMAKE_PREFIX_PATH=/home/chen/ros_gz_ugv_ws/install/ros_gz_ugv_gazebo:/home/chen/ros_gz_ugv_ws/install/ros_gz_ugv_description:/home/chen/ros_gz_ugv_ws/install/ros_gz_ugv_bringup:/home/chen/ros_gz_ugv_ws/install/ros_gz_ugv_application:/opt/ros/jazzy/opt/gz_sim_vendor:/opt/ros/jazzy/opt/gz_sensors_vendor:/opt/ros/jazzy/opt/gz_physics_vendor:/opt/ros/jazzy/opt/sdformat_vendor:/opt/ros/jazzy/opt/gz_gui_vendor:/opt/ros/jazzy/opt/gz_transport_vendor:/opt/ros/jazzy/opt/gz_rendering_vendor:/opt/ros/jazzy/opt/gz_plugin_vendor:/opt/ros/jazzy/opt/gz_fuel_tools_vendor:/opt/ros/jazzy/opt/gz_msgs_vendor:/opt/ros/jazzy/opt/gz_common_vendor:/opt/ros/jazzy/opt/gz_math_vendor:/opt/ros/jazzy/opt/gz_utils_vendor:/opt/ros/jazzy/opt/gz_tools_vendor:/opt/ros/jazzy/opt/gz_ogre_next_vendor:/opt/ros/jazzy/opt/gz_dartsim_vendor:/opt/ros/jazzy/opt/gz_cmake_vendor:/opt/ros/jazzy DEBUGINFOD_URLS=https://debuginfod.ubuntu.com GZ_SIM_PLUGIN_PATH=/home/chen/ros_gz_ugv_ws/install/ros_gz_ugv_gazebo/lib/ros_gz_ugv_gazebo GZ_SIM_RESOURCE_PATH=/home/chen/ros_gz_ugv_ws/install/ros_gz_ugv_description/share/ros_gz_ugv_description/models:${GZ_SIM_RESOURCE_PATH} /usr/bin/cmake --build /home/chen/ros_gz_ugv_ws/build/ros_gz_ugv_bringup -- -j12 -l12
[0.703s] DEBUG:colcon.colcon_core.event_handler.log_command:Invoking command in '/home/chen/ros_gz_ugv_ws/build/ros_gz_ugv_bringup': CMAKE_PREFIX_PATH=/home/chen/ros_gz_ugv_ws/install/ros_gz_ugv_gazebo:/home/chen/ros_gz_ugv_ws/install/ros_gz_ugv_description:/home/chen/ros_gz_ugv_ws/install/ros_gz_ugv_bringup:/home/chen/ros_gz_ugv_ws/install/ros_gz_ugv_application:/opt/ros/jazzy/opt/gz_sim_vendor:/opt/ros/jazzy/opt/gz_sensors_vendor:/opt/ros/jazzy/opt/gz_physics_vendor:/opt/ros/jazzy/opt/sdformat_vendor:/opt/ros/jazzy/opt/gz_gui_vendor:/opt/ros/jazzy/opt/gz_transport_vendor:/opt/ros/jazzy/opt/gz_rendering_vendor:/opt/ros/jazzy/opt/gz_plugin_vendor:/opt/ros/jazzy/opt/gz_fuel_tools_vendor:/opt/ros/jazzy/opt/gz_msgs_vendor:/opt/ros/jazzy/opt/gz_common_vendor:/opt/ros/jazzy/opt/gz_math_vendor:/opt/ros/jazzy/opt/gz_utils_vendor:/opt/ros/jazzy/opt/gz_tools_vendor:/opt/ros/jazzy/opt/gz_ogre_next_vendor:/opt/ros/jazzy/opt/gz_dartsim_vendor:/opt/ros/jazzy/opt/gz_cmake_vendor:/opt/ros/jazzy DEBUGINFOD_URLS=https://debuginfod.ubuntu.com GZ_SIM_PLUGIN_PATH=/home/chen/ros_gz_ugv_ws/install/ros_gz_ugv_gazebo/lib/ros_gz_ugv_gazebo GZ_SIM_RESOURCE_PATH=/home/chen/ros_gz_ugv_ws/install/ros_gz_ugv_description/share/ros_gz_ugv_description/models:${GZ_SIM_RESOURCE_PATH} /usr/bin/cmake --install /home/chen/ros_gz_ugv_ws/build/ros_gz_ugv_bringup
[0.719s] Level 1:colcon.colcon_core.environment:create_environment_scripts_only(ros_gz_ugv_bringup)
[0.720s] Level 1:colcon.colcon_core.environment:checking '/home/chen/ros_gz_ugv_ws/install/ros_gz_ugv_bringup' for CMake module files
[0.721s] DEBUG:colcon.colcon_core.event_handler.log_command:Invoked command in '/home/chen/ros_gz_ugv_ws/build/ros_gz_ugv_bringup' returned '0': CMAKE_PREFIX_PATH=/home/chen/ros_gz_ugv_ws/install/ros_gz_ugv_gazebo:/home/chen/ros_gz_ugv_ws/install/ros_gz_ugv_description:/home/chen/ros_gz_ugv_ws/install/ros_gz_ugv_bringup:/home/chen/ros_gz_ugv_ws/install/ros_gz_ugv_application:/opt/ros/jazzy/opt/gz_sim_vendor:/opt/ros/jazzy/opt/gz_sensors_vendor:/opt/ros/jazzy/opt/gz_physics_vendor:/opt/ros/jazzy/opt/sdformat_vendor:/opt/ros/jazzy/opt/gz_gui_vendor:/opt/ros/jazzy/opt/gz_transport_vendor:/opt/ros/jazzy/opt/gz_rendering_vendor:/opt/ros/jazzy/opt/gz_plugin_vendor:/opt/ros/jazzy/opt/gz_fuel_tools_vendor:/opt/ros/jazzy/opt/gz_msgs_vendor:/opt/ros/jazzy/opt/gz_common_vendor:/opt/ros/jazzy/opt/gz_math_vendor:/opt/ros/jazzy/opt/gz_utils_vendor:/opt/ros/jazzy/opt/gz_tools_vendor:/opt/ros/jazzy/opt/gz_ogre_next_vendor:/opt/ros/jazzy/opt/gz_dartsim_vendor:/opt/ros/jazzy/opt/gz_cmake_vendor:/opt/ros/jazzy DEBUGINFOD_URLS=https://debuginfod.ubuntu.com GZ_SIM_PLUGIN_PATH=/home/chen/ros_gz_ugv_ws/install/ros_gz_ugv_gazebo/lib/ros_gz_ugv_gazebo GZ_SIM_RESOURCE_PATH=/home/chen/ros_gz_ugv_ws/install/ros_gz_ugv_description/share/ros_gz_ugv_description/models:${GZ_SIM_RESOURCE_PATH} /usr/bin/cmake --install /home/chen/ros_gz_ugv_ws/build/ros_gz_ugv_bringup
[0.722s] Level 1:colcon.colcon_core.environment:checking '/home/chen/ros_gz_ugv_ws/install/ros_gz_ugv_bringup' for CMake config files
[0.722s] Level 1:colcon.colcon_core.shell:create_environment_hook('ros_gz_ugv_bringup', 'cmake_prefix_path')
[0.723s] INFO:colcon.colcon_core.shell:Creating environment hook '/home/chen/ros_gz_ugv_ws/install/ros_gz_ugv_bringup/share/ros_gz_ugv_bringup/hook/cmake_prefix_path.ps1'
[0.724s] INFO:colcon.colcon_core.shell:Creating environment descriptor '/home/chen/ros_gz_ugv_ws/install/ros_gz_ugv_bringup/share/ros_gz_ugv_bringup/hook/cmake_prefix_path.dsv'
[0.724s] INFO:colcon.colcon_core.shell:Creating environment hook '/home/chen/ros_gz_ugv_ws/install/ros_gz_ugv_bringup/share/ros_gz_ugv_bringup/hook/cmake_prefix_path.sh'
[0.725s] Level 1:colcon.colcon_core.environment:checking '/home/chen/ros_gz_ugv_ws/install/ros_gz_ugv_bringup/bin'
[0.725s] Level 1:colcon.colcon_core.environment:checking '/home/chen/ros_gz_ugv_ws/install/ros_gz_ugv_bringup/lib/pkgconfig/ros_gz_ugv_bringup.pc'
[0.726s] Level 1:colcon.colcon_core.environment:checking '/home/chen/ros_gz_ugv_ws/install/ros_gz_ugv_bringup/lib/python3.12/site-packages'
[0.726s] Level 1:colcon.colcon_core.environment:checking '/home/chen/ros_gz_ugv_ws/install/ros_gz_ugv_bringup/bin'
[0.727s] INFO:colcon.colcon_core.shell:Creating package script '/home/chen/ros_gz_ugv_ws/install/ros_gz_ugv_bringup/share/ros_gz_ugv_bringup/package.ps1'
[0.727s] INFO:colcon.colcon_core.shell:Creating package descriptor '/home/chen/ros_gz_ugv_ws/install/ros_gz_ugv_bringup/share/ros_gz_ugv_bringup/package.dsv'
[0.728s] INFO:colcon.colcon_core.shell:Creating package script '/home/chen/ros_gz_ugv_ws/install/ros_gz_ugv_bringup/share/ros_gz_ugv_bringup/package.sh'
[0.729s] INFO:colcon.colcon_core.shell:Creating package script '/home/chen/ros_gz_ugv_ws/install/ros_gz_ugv_bringup/share/ros_gz_ugv_bringup/package.bash'
[0.729s] INFO:colcon.colcon_core.shell:Creating package script '/home/chen/ros_gz_ugv_ws/install/ros_gz_ugv_bringup/share/ros_gz_ugv_bringup/package.zsh'
[0.730s] Level 1:colcon.colcon_core.environment:create_file_with_runtime_dependencies(/home/chen/ros_gz_ugv_ws/install/ros_gz_ugv_bringup/share/colcon-core/packages/ros_gz_ugv_bringup)
[0.731s] Level 1:colcon.colcon_core.environment:create_environment_scripts_only(ros_gz_ugv_bringup)
[0.731s] Level 1:colcon.colcon_core.environment:checking '/home/chen/ros_gz_ugv_ws/install/ros_gz_ugv_bringup' for CMake module files
[0.732s] Level 1:colcon.colcon_core.environment:checking '/home/chen/ros_gz_ugv_ws/install/ros_gz_ugv_bringup' for CMake config files
[0.732s] Level 1:colcon.colcon_core.shell:create_environment_hook('ros_gz_ugv_bringup', 'cmake_prefix_path')
[0.733s] INFO:colcon.colcon_core.shell:Creating environment hook '/home/chen/ros_gz_ugv_ws/install/ros_gz_ugv_bringup/share/ros_gz_ugv_bringup/hook/cmake_prefix_path.ps1'
[0.734s] INFO:colcon.colcon_core.shell:Creating environment descriptor '/home/chen/ros_gz_ugv_ws/install/ros_gz_ugv_bringup/share/ros_gz_ugv_bringup/hook/cmake_prefix_path.dsv'
[0.735s] INFO:colcon.colcon_core.shell:Creating environment hook '/home/chen/ros_gz_ugv_ws/install/ros_gz_ugv_bringup/share/ros_gz_ugv_bringup/hook/cmake_prefix_path.sh'
[0.736s] Level 1:colcon.colcon_core.environment:checking '/home/chen/ros_gz_ugv_ws/install/ros_gz_ugv_bringup/bin'
[0.736s] Level 1:colcon.colcon_core.environment:checking '/home/chen/ros_gz_ugv_ws/install/ros_gz_ugv_bringup/lib/pkgconfig/ros_gz_ugv_bringup.pc'
[0.736s] Level 1:colcon.colcon_core.environment:checking '/home/chen/ros_gz_ugv_ws/install/ros_gz_ugv_bringup/lib/python3.12/site-packages'
[0.737s] Level 1:colcon.colcon_core.environment:checking '/home/chen/ros_gz_ugv_ws/install/ros_gz_ugv_bringup/bin'
[0.737s] INFO:colcon.colcon_core.shell:Creating package script '/home/chen/ros_gz_ugv_ws/install/ros_gz_ugv_bringup/share/ros_gz_ugv_bringup/package.ps1'
[0.738s] INFO:colcon.colcon_core.shell:Creating package descriptor '/home/chen/ros_gz_ugv_ws/install/ros_gz_ugv_bringup/share/ros_gz_ugv_bringup/package.dsv'
[0.739s] INFO:colcon.colcon_core.shell:Creating package script '/home/chen/ros_gz_ugv_ws/install/ros_gz_ugv_bringup/share/ros_gz_ugv_bringup/package.sh'
[0.740s] INFO:colcon.colcon_core.shell:Creating package script '/home/chen/ros_gz_ugv_ws/install/ros_gz_ugv_bringup/share/ros_gz_ugv_bringup/package.bash'
[0.741s] INFO:colcon.colcon_core.shell:Creating package script '/home/chen/ros_gz_ugv_ws/install/ros_gz_ugv_bringup/share/ros_gz_ugv_bringup/package.zsh'
[0.742s] Level 1:colcon.colcon_core.environment:create_file_with_runtime_dependencies(/home/chen/ros_gz_ugv_ws/install/ros_gz_ugv_bringup/share/colcon-core/packages/ros_gz_ugv_bringup)
[0.743s] DEBUG:colcon.colcon_parallel_executor.executor.parallel:closing loop
[0.744s] DEBUG:colcon.colcon_parallel_executor.executor.parallel:loop closed
[0.744s] DEBUG:colcon.colcon_parallel_executor.executor.parallel:run_until_complete finished with '0'
[0.744s] DEBUG:colcon.colcon_core.event_reactor:joining thread
[0.759s] INFO:colcon.colcon_core.plugin_system:Skipping extension 'colcon_notification.desktop_notification.terminal_notifier': Not used on non-Darwin systems
[0.759s] INFO:colcon.colcon_core.plugin_system:Skipping extension 'colcon_notification.desktop_notification.win32': Not used on non-Windows systems
[0.759s] INFO:colcon.colcon_notification.desktop_notification:Sending desktop notification using 'notify2'
[0.795s] DEBUG:colcon.colcon_core.event_reactor:joined thread
[0.796s] INFO:colcon.colcon_core.shell:Creating prefix script '/home/chen/ros_gz_ugv_ws/install/local_setup.ps1'
[0.798s] INFO:colcon.colcon_core.shell:Creating prefix util module '/home/chen/ros_gz_ugv_ws/install/_local_setup_util_ps1.py'
[0.800s] INFO:colcon.colcon_core.shell:Creating prefix chain script '/home/chen/ros_gz_ugv_ws/install/setup.ps1'
[0.803s] INFO:colcon.colcon_core.shell:Creating prefix script '/home/chen/ros_gz_ugv_ws/install/local_setup.sh'
[0.804s] INFO:colcon.colcon_core.shell:Creating prefix util module '/home/chen/ros_gz_ugv_ws/install/_local_setup_util_sh.py'
[0.805s] INFO:colcon.colcon_core.shell:Creating prefix chain script '/home/chen/ros_gz_ugv_ws/install/setup.sh'
[0.808s] INFO:colcon.colcon_core.shell:Creating prefix script '/home/chen/ros_gz_ugv_ws/install/local_setup.bash'
[0.809s] INFO:colcon.colcon_core.shell:Creating prefix chain script '/home/chen/ros_gz_ugv_ws/install/setup.bash'
[0.811s] INFO:colcon.colcon_core.shell:Creating prefix script '/home/chen/ros_gz_ugv_ws/install/local_setup.zsh'
[0.812s] INFO:colcon.colcon_core.shell:Creating prefix chain script '/home/chen/ros_gz_ugv_ws/install/setup.zsh'
