[0.010s] Invoking command in '/home/chen/ros_gz_ugv_ws/build/ros_gz_ugv_description': CMAKE_PREFIX_PATH=${CMAKE_PREFIX_PATH}:/opt/ros/jazzy /usr/bin/cmake /home/chen/ros_gz_ugv_ws/src/ros_gz_ugv/ros_gz_ugv_description -DCMAKE_INSTALL_PREFIX=/home/chen/ros_gz_ugv_ws/install/ros_gz_ugv_description
[0.152s] -- The C compiler identification is GNU 13.3.0
[0.595s] -- The CXX compiler identification is GNU 13.3.0
[0.902s] -- Detecting C compiler ABI info
[1.021s] -- Detecting C compiler ABI info - done
[1.026s] -- Check for working C compiler: /usr/bin/cc - skipped
[1.027s] -- Detecting C compile features
[1.028s] -- Detecting C compile features - done
[1.063s] -- Detecting CXX compiler ABI info
[1.200s] -- Detecting CXX compiler ABI info - done
[1.205s] -- Check for working CXX compiler: /usr/bin/c++ - skipped
[1.205s] -- Detecting CXX compile features
[1.206s] -- Detecting CXX compile features - done
[1.207s] -- Found ament_cmake: 2.5.3 (/opt/ros/jazzy/share/ament_cmake/cmake)
[1.289s] -- Found Python3: /usr/bin/python3 (found version "3.12.3") found components: Interpreter 
[1.370s] -- Found ament_lint_auto: 0.17.1 (/opt/ros/jazzy/share/ament_lint_auto/cmake)
[1.418s] -- Configuring done (1.4s)
[1.420s] -- Generating done (0.0s)
[1.421s] -- Build files have been written to: /home/chen/ros_gz_ugv_ws/build/ros_gz_ugv_description
[1.425s] Invoked command in '/home/chen/ros_gz_ugv_ws/build/ros_gz_ugv_description' returned '0': CMAKE_PREFIX_PATH=${CMAKE_PREFIX_PATH}:/opt/ros/jazzy /usr/bin/cmake /home/chen/ros_gz_ugv_ws/src/ros_gz_ugv/ros_gz_ugv_description -DCMAKE_INSTALL_PREFIX=/home/chen/ros_gz_ugv_ws/install/ros_gz_ugv_description
[1.426s] Invoking command in '/home/chen/ros_gz_ugv_ws/build/ros_gz_ugv_description': CMAKE_PREFIX_PATH=${CMAKE_PREFIX_PATH}:/opt/ros/jazzy /usr/bin/cmake --build /home/chen/ros_gz_ugv_ws/build/ros_gz_ugv_description -- -j28 -l28
[1.446s] Invoked command in '/home/chen/ros_gz_ugv_ws/build/ros_gz_ugv_description' returned '0': CMAKE_PREFIX_PATH=${CMAKE_PREFIX_PATH}:/opt/ros/jazzy /usr/bin/cmake --build /home/chen/ros_gz_ugv_ws/build/ros_gz_ugv_description -- -j28 -l28
[1.447s] Invoking command in '/home/chen/ros_gz_ugv_ws/build/ros_gz_ugv_description': CMAKE_PREFIX_PATH=${CMAKE_PREFIX_PATH}:/opt/ros/jazzy /usr/bin/cmake --install /home/chen/ros_gz_ugv_ws/build/ros_gz_ugv_description
[1.451s] -- Install configuration: ""
[1.452s] -- Installing: /home/chen/ros_gz_ugv_ws/install/ros_gz_ugv_description/share/ros_gz_ugv_description/models
[1.452s] -- Installing: /home/chen/ros_gz_ugv_ws/install/ros_gz_ugv_description/share/ros_gz_ugv_description/models/diff_drive
[1.452s] -- Installing: /home/chen/ros_gz_ugv_ws/install/ros_gz_ugv_description/share/ros_gz_ugv_description/models/diff_drive/model.sdf
[1.452s] -- Installing: /home/chen/ros_gz_ugv_ws/install/ros_gz_ugv_description/share/ros_gz_ugv_description/models/diff_drive/model.config
[1.453s] -- Installing: /home/chen/ros_gz_ugv_ws/install/ros_gz_ugv_description/share/ros_gz_ugv_description/models/rrbot
[1.453s] -- Installing: /home/chen/ros_gz_ugv_ws/install/ros_gz_ugv_description/share/ros_gz_ugv_description/models/rrbot/model.sdf
[1.453s] -- Installing: /home/chen/ros_gz_ugv_ws/install/ros_gz_ugv_description/share/ros_gz_ugv_description/environment/ros_gz_ugv_description.dsv
[1.453s] -- Installing: /home/chen/ros_gz_ugv_ws/install/ros_gz_ugv_description/share/ros_gz_ugv_description/environment/ros_gz_ugv_description.sh
[1.454s] -- Installing: /home/chen/ros_gz_ugv_ws/install/ros_gz_ugv_description/share/ament_index/resource_index/package_run_dependencies/ros_gz_ugv_description
[1.454s] -- Installing: /home/chen/ros_gz_ugv_ws/install/ros_gz_ugv_description/share/ament_index/resource_index/parent_prefix_path/ros_gz_ugv_description
[1.454s] -- Installing: /home/chen/ros_gz_ugv_ws/install/ros_gz_ugv_description/share/ros_gz_ugv_description/environment/ament_prefix_path.sh
[1.454s] -- Installing: /home/chen/ros_gz_ugv_ws/install/ros_gz_ugv_description/share/ros_gz_ugv_description/environment/ament_prefix_path.dsv
[1.455s] -- Installing: /home/chen/ros_gz_ugv_ws/install/ros_gz_ugv_description/share/ros_gz_ugv_description/environment/path.sh
[1.455s] -- Installing: /home/chen/ros_gz_ugv_ws/install/ros_gz_ugv_description/share/ros_gz_ugv_description/environment/path.dsv
[1.455s] -- Installing: /home/chen/ros_gz_ugv_ws/install/ros_gz_ugv_description/share/ros_gz_ugv_description/local_setup.bash
[1.455s] -- Installing: /home/chen/ros_gz_ugv_ws/install/ros_gz_ugv_description/share/ros_gz_ugv_description/local_setup.sh
[1.455s] -- Installing: /home/chen/ros_gz_ugv_ws/install/ros_gz_ugv_description/share/ros_gz_ugv_description/local_setup.zsh
[1.455s] -- Installing: /home/chen/ros_gz_ugv_ws/install/ros_gz_ugv_description/share/ros_gz_ugv_description/local_setup.dsv
[1.455s] -- Installing: /home/chen/ros_gz_ugv_ws/install/ros_gz_ugv_description/share/ros_gz_ugv_description/package.dsv
[1.455s] -- Installing: /home/chen/ros_gz_ugv_ws/install/ros_gz_ugv_description/share/ament_index/resource_index/packages/ros_gz_ugv_description
[1.455s] -- Installing: /home/chen/ros_gz_ugv_ws/install/ros_gz_ugv_description/share/ros_gz_ugv_description/cmake/ros_gz_ugv_descriptionConfig.cmake
[1.455s] -- Installing: /home/chen/ros_gz_ugv_ws/install/ros_gz_ugv_description/share/ros_gz_ugv_description/cmake/ros_gz_ugv_descriptionConfig-version.cmake
[1.455s] -- Installing: /home/chen/ros_gz_ugv_ws/install/ros_gz_ugv_description/share/ros_gz_ugv_description/package.xml
[1.467s] Invoked command in '/home/chen/ros_gz_ugv_ws/build/ros_gz_ugv_description' returned '0': CMAKE_PREFIX_PATH=${CMAKE_PREFIX_PATH}:/opt/ros/jazzy /usr/bin/cmake --install /home/chen/ros_gz_ugv_ws/build/ros_gz_ugv_description
