-- Install configuration: ""
-- Up-to-date: /home/chen/ros_gz_ugv_ws/install/ros_gz_ugv_description/share/ros_gz_ugv_description/models
-- Up-to-date: /home/chen/ros_gz_ugv_ws/install/ros_gz_ugv_description/share/ros_gz_ugv_description/models/ugv
-- Up-to-date: /home/chen/ros_gz_ugv_ws/install/ros_gz_ugv_description/share/ros_gz_ugv_description/models/ugv/model.sdf
-- Up-to-date: /home/chen/ros_gz_ugv_ws/install/ros_gz_ugv_description/share/ros_gz_ugv_description/models/diff_drive
-- Up-to-date: /home/chen/ros_gz_ugv_ws/install/ros_gz_ugv_description/share/ros_gz_ugv_description/models/diff_drive/model.config
-- Up-to-date: /home/chen/ros_gz_ugv_ws/install/ros_gz_ugv_description/share/ros_gz_ugv_description/models/diff_drive/model.sdf
-- Up-to-date: /home/chen/ros_gz_ugv_ws/install/ros_gz_ugv_description/share/ros_gz_ugv_description/models/wpr_simulation2
-- Up-to-date: /home/chen/ros_gz_ugv_ws/install/ros_gz_ugv_description/share/ros_gz_ugv_description/models/wpr_simulation2/models
-- Up-to-date: /home/chen/ros_gz_ugv_ws/install/ros_gz_ugv_description/share/ros_gz_ugv_description/models/wpr_simulation2/models/man_2.model
-- Up-to-date: /home/chen/ros_gz_ugv_ws/install/ros_gz_ugv_description/share/ros_gz_ugv_description/models/wpr_simulation2/models/bed.model
-- Up-to-date: /home/chen/ros_gz_ugv_ws/install/ros_gz_ugv_description/share/ros_gz_ugv_description/models/wpr_simulation2/models/wpb_home_mani.model
-- Up-to-date: /home/chen/ros_gz_ugv_ws/install/ros_gz_ugv_description/share/ros_gz_ugv_description/models/wpr_simulation2/models/bookshelft.model
-- Up-to-date: /home/chen/ros_gz_ugv_ws/install/ros_gz_ugv_description/share/ros_gz_ugv_description/models/wpr_simulation2/models/wpb_home_head_up.model
-- Up-to-date: /home/chen/ros_gz_ugv_ws/install/ros_gz_ugv_description/share/ros_gz_ugv_description/models/wpr_simulation2/models/wpb_home_lidar.model
-- Up-to-date: /home/chen/ros_gz_ugv_ws/install/ros_gz_ugv_description/share/ros_gz_ugv_description/models/wpr_simulation2/models/bottles
-- Up-to-date: /home/chen/ros_gz_ugv_ws/install/ros_gz_ugv_description/share/ros_gz_ugv_description/models/wpr_simulation2/models/bottles/green_bottle.model
-- Up-to-date: /home/chen/ros_gz_ugv_ws/install/ros_gz_ugv_description/share/ros_gz_ugv_description/models/wpr_simulation2/models/bottles/red_bottle.model
-- Up-to-date: /home/chen/ros_gz_ugv_ws/install/ros_gz_ugv_description/share/ros_gz_ugv_description/models/wpr_simulation2/models/woman.model
-- Up-to-date: /home/chen/ros_gz_ugv_ws/install/ros_gz_ugv_description/share/ros_gz_ugv_description/models/wpr_simulation2/models/wpv3.model
-- Up-to-date: /home/chen/ros_gz_ugv_ws/install/ros_gz_ugv_description/share/ros_gz_ugv_description/models/wpr_simulation2/models/balls
-- Up-to-date: /home/chen/ros_gz_ugv_ws/install/ros_gz_ugv_description/share/ros_gz_ugv_description/models/wpr_simulation2/models/balls/blue_ball.model
-- Up-to-date: /home/chen/ros_gz_ugv_ws/install/ros_gz_ugv_description/share/ros_gz_ugv_description/models/wpr_simulation2/models/balls/red_ball.model
-- Up-to-date: /home/chen/ros_gz_ugv_ws/install/ros_gz_ugv_description/share/ros_gz_ugv_description/models/wpr_simulation2/models/balls/orange_ball.model
-- Up-to-date: /home/chen/ros_gz_ugv_ws/install/ros_gz_ugv_description/share/ros_gz_ugv_description/models/wpr_simulation2/models/balls/green_ball.model
-- Up-to-date: /home/chen/ros_gz_ugv_ws/install/ros_gz_ugv_description/share/ros_gz_ugv_description/models/wpr_simulation2/models/tea_table.model
-- Up-to-date: /home/chen/ros_gz_ugv_ws/install/ros_gz_ugv_description/share/ros_gz_ugv_description/models/wpr_simulation2/models/chair.model
-- Up-to-date: /home/chen/ros_gz_ugv_ws/install/ros_gz_ugv_description/share/ros_gz_ugv_description/models/wpr_simulation2/models/man_1.model
-- Up-to-date: /home/chen/ros_gz_ugv_ws/install/ros_gz_ugv_description/share/ros_gz_ugv_description/models/wpr_simulation2/models/kai_standing.model
-- Up-to-date: /home/chen/ros_gz_ugv_ws/install/ros_gz_ugv_description/share/ros_gz_ugv_description/models/wpr_simulation2/models/wpr1.model
-- Up-to-date: /home/chen/ros_gz_ugv_ws/install/ros_gz_ugv_description/share/ros_gz_ugv_description/models/wpr_simulation2/models/wpb_home.model
-- Up-to-date: /home/chen/ros_gz_ugv_ws/install/ros_gz_ugv_description/share/ros_gz_ugv_description/models/wpr_simulation2/models/sofa.model
-- Up-to-date: /home/chen/ros_gz_ugv_ws/install/ros_gz_ugv_description/share/ros_gz_ugv_description/models/wpr_simulation2/models/table.model
-- Up-to-date: /home/chen/ros_gz_ugv_ws/install/ros_gz_ugv_description/share/ros_gz_ugv_description/models/wpr_simulation2/models/cupboard.model
-- Up-to-date: /home/chen/ros_gz_ugv_ws/install/ros_gz_ugv_description/share/ros_gz_ugv_description/models/wpr_simulation2/worlds
-- Up-to-date: /home/chen/ros_gz_ugv_ws/install/ros_gz_ugv_description/share/ros_gz_ugv_description/models/wpr_simulation2/worlds/simple.world
-- Up-to-date: /home/chen/ros_gz_ugv_ws/install/ros_gz_ugv_description/share/ros_gz_ugv_description/models/wpr_simulation2/worlds/light.world
-- Up-to-date: /home/chen/ros_gz_ugv_ws/install/ros_gz_ugv_description/share/ros_gz_ugv_description/models/wpr_simulation2/worlds/robocup_home.world
-- Up-to-date: /home/chen/ros_gz_ugv_ws/install/ros_gz_ugv_description/share/ros_gz_ugv_description/models/wpr_simulation2/worlds/table.world
-- Up-to-date: /home/chen/ros_gz_ugv_ws/install/ros_gz_ugv_description/share/ros_gz_ugv_description/models/wpr_simulation2/worlds/wpb_pose.world
-- Up-to-date: /home/chen/ros_gz_ugv_ws/install/ros_gz_ugv_description/share/ros_gz_ugv_description/models/wpr_simulation2/worlds/wpb_simple.world
-- Up-to-date: /home/chen/ros_gz_ugv_ws/install/ros_gz_ugv_description/share/ros_gz_ugv_description/models/wpr_simulation2/meshes
-- Up-to-date: /home/chen/ros_gz_ugv_ws/install/ros_gz_ugv_description/share/ros_gz_ugv_description/models/wpr_simulation2/meshes/sofa.dae
-- Up-to-date: /home/chen/ros_gz_ugv_ws/install/ros_gz_ugv_description/share/ros_gz_ugv_description/models/wpr_simulation2/meshes/bottle.stl
-- Up-to-date: /home/chen/ros_gz_ugv_ws/install/ros_gz_ugv_description/share/ros_gz_ugv_description/models/wpr_simulation2/meshes/bed.dae
-- Up-to-date: /home/chen/ros_gz_ugv_ws/install/ros_gz_ugv_description/share/ros_gz_ugv_description/models/wpr_simulation2/meshes/man_2
-- Up-to-date: /home/chen/ros_gz_ugv_ws/install/ros_gz_ugv_description/share/ros_gz_ugv_description/models/wpr_simulation2/meshes/man_2/color.png
-- Up-to-date: /home/chen/ros_gz_ugv_ws/install/ros_gz_ugv_description/share/ros_gz_ugv_description/models/wpr_simulation2/meshes/man_2/man_2.dae
-- Up-to-date: /home/chen/ros_gz_ugv_ws/install/ros_gz_ugv_description/share/ros_gz_ugv_description/models/wpr_simulation2/meshes/bookshelft
-- Up-to-date: /home/chen/ros_gz_ugv_ws/install/ros_gz_ugv_description/share/ros_gz_ugv_description/models/wpr_simulation2/meshes/bookshelft/Wood_Veneer_02.jpg
-- Up-to-date: /home/chen/ros_gz_ugv_ws/install/ros_gz_ugv_description/share/ros_gz_ugv_description/models/wpr_simulation2/meshes/cupboard.dae
-- Up-to-date: /home/chen/ros_gz_ugv_ws/install/ros_gz_ugv_description/share/ros_gz_ugv_description/models/wpr_simulation2/meshes/wpv3
-- Up-to-date: /home/chen/ros_gz_ugv_ws/install/ros_gz_ugv_description/share/ros_gz_ugv_description/models/wpr_simulation2/meshes/wpv3/wpv3.dae
-- Up-to-date: /home/chen/ros_gz_ugv_ws/install/ros_gz_ugv_description/share/ros_gz_ugv_description/models/wpr_simulation2/meshes/sofa
-- Up-to-date: /home/chen/ros_gz_ugv_ws/install/ros_gz_ugv_description/share/ros_gz_ugv_description/models/wpr_simulation2/meshes/sofa/Carpet_Loop_Pattern.jpg
-- Up-to-date: /home/chen/ros_gz_ugv_ws/install/ros_gz_ugv_description/share/ros_gz_ugv_description/models/wpr_simulation2/meshes/table.dae
-- Up-to-date: /home/chen/ros_gz_ugv_ws/install/ros_gz_ugv_description/share/ros_gz_ugv_description/models/wpr_simulation2/meshes/tea_table.dae
-- Up-to-date: /home/chen/ros_gz_ugv_ws/install/ros_gz_ugv_description/share/ros_gz_ugv_description/models/wpr_simulation2/meshes/tea_table
-- Up-to-date: /home/chen/ros_gz_ugv_ws/install/ros_gz_ugv_description/share/ros_gz_ugv_description/models/wpr_simulation2/meshes/tea_table/Wood_Cherry_Original.jpg
-- Up-to-date: /home/chen/ros_gz_ugv_ws/install/ros_gz_ugv_description/share/ros_gz_ugv_description/models/wpr_simulation2/meshes/chair.dae
-- Up-to-date: /home/chen/ros_gz_ugv_ws/install/ros_gz_ugv_description/share/ros_gz_ugv_description/models/wpr_simulation2/meshes/bookshelft.dae
-- Up-to-date: /home/chen/ros_gz_ugv_ws/install/ros_gz_ugv_description/share/ros_gz_ugv_description/models/wpr_simulation2/meshes/cupboard
-- Up-to-date: /home/chen/ros_gz_ugv_ws/install/ros_gz_ugv_description/share/ros_gz_ugv_description/models/wpr_simulation2/meshes/cupboard/Wood_Veneer_02.jpg
-- Up-to-date: /home/chen/ros_gz_ugv_ws/install/ros_gz_ugv_description/share/ros_gz_ugv_description/models/wpr_simulation2/meshes/chair
-- Up-to-date: /home/chen/ros_gz_ugv_ws/install/ros_gz_ugv_description/share/ros_gz_ugv_description/models/wpr_simulation2/meshes/chair/Wood_Cherry_Original.jpg
-- Up-to-date: /home/chen/ros_gz_ugv_ws/install/ros_gz_ugv_description/share/ros_gz_ugv_description/models/wpr_simulation2/meshes/wpb_home
-- Up-to-date: /home/chen/ros_gz_ugv_ws/install/ros_gz_ugv_description/share/ros_gz_ugv_description/models/wpr_simulation2/meshes/wpb_home/wpb_home_mani.dae
-- Up-to-date: /home/chen/ros_gz_ugv_ws/install/ros_gz_ugv_description/share/ros_gz_ugv_description/models/wpr_simulation2/meshes/wpb_home/wpb_home_std.dae
-- Up-to-date: /home/chen/ros_gz_ugv_ws/install/ros_gz_ugv_description/share/ros_gz_ugv_description/models/wpr_simulation2/meshes/wpb_home/forearm.dae
-- Up-to-date: /home/chen/ros_gz_ugv_ws/install/ros_gz_ugv_description/share/ros_gz_ugv_description/models/wpr_simulation2/meshes/bed
-- Up-to-date: /home/chen/ros_gz_ugv_ws/install/ros_gz_ugv_description/share/ros_gz_ugv_description/models/wpr_simulation2/meshes/bed/Carpet_Pattern_Squares_Multi.jpg
-- Up-to-date: /home/chen/ros_gz_ugv_ws/install/ros_gz_ugv_description/share/ros_gz_ugv_description/models/wpr_simulation2/meshes/bed/Wood_Bamboo.jpg
-- Up-to-date: /home/chen/ros_gz_ugv_ws/install/ros_gz_ugv_description/share/ros_gz_ugv_description/models/wpr_simulation2/meshes/man_1
-- Up-to-date: /home/chen/ros_gz_ugv_ws/install/ros_gz_ugv_description/share/ros_gz_ugv_description/models/wpr_simulation2/meshes/man_1/color.png
-- Up-to-date: /home/chen/ros_gz_ugv_ws/install/ros_gz_ugv_description/share/ros_gz_ugv_description/models/wpr_simulation2/meshes/man_1/man_1.dae
-- Up-to-date: /home/chen/ros_gz_ugv_ws/install/ros_gz_ugv_description/share/ros_gz_ugv_description/models/wpr_simulation2/meshes/table
-- Up-to-date: /home/chen/ros_gz_ugv_ws/install/ros_gz_ugv_description/share/ros_gz_ugv_description/models/wpr_simulation2/meshes/table/Wood_Cherry_Original.jpg
-- Up-to-date: /home/chen/ros_gz_ugv_ws/install/ros_gz_ugv_description/share/ros_gz_ugv_description/models/wpr_simulation2/meshes/wpr1
-- Up-to-date: /home/chen/ros_gz_ugv_ws/install/ros_gz_ugv_description/share/ros_gz_ugv_description/models/wpr_simulation2/meshes/wpr1/base.dae
-- Up-to-date: /home/chen/ros_gz_ugv_ws/install/ros_gz_ugv_description/share/ros_gz_ugv_description/models/wpr_simulation2/meshes/wpr1/palm.dae
-- Up-to-date: /home/chen/ros_gz_ugv_ws/install/ros_gz_ugv_description/share/ros_gz_ugv_description/models/wpr_simulation2/meshes/wpr1/upperarm.dae
-- Up-to-date: /home/chen/ros_gz_ugv_ws/install/ros_gz_ugv_description/share/ros_gz_ugv_description/models/wpr_simulation2/meshes/wpr1/forearm.dae
-- Up-to-date: /home/chen/ros_gz_ugv_ws/install/ros_gz_ugv_description/share/ros_gz_ugv_description/models/wpr_simulation2/meshes/wpr1/torso.dae
-- Up-to-date: /home/chen/ros_gz_ugv_ws/install/ros_gz_ugv_description/share/ros_gz_ugv_description/models/wpr_simulation2/meshes/wpr1/finger.dae
-- Up-to-date: /home/chen/ros_gz_ugv_ws/install/ros_gz_ugv_description/share/ros_gz_ugv_description/models/wpr_simulation2/meshes/wpr1/fingertip.dae
-- Up-to-date: /home/chen/ros_gz_ugv_ws/install/ros_gz_ugv_description/share/ros_gz_ugv_description/models/wpr_simulation2/meshes/woman
-- Up-to-date: /home/chen/ros_gz_ugv_ws/install/ros_gz_ugv_description/share/ros_gz_ugv_description/models/wpr_simulation2/meshes/woman/color.png
-- Up-to-date: /home/chen/ros_gz_ugv_ws/install/ros_gz_ugv_description/share/ros_gz_ugv_description/models/wpr_simulation2/meshes/woman/woman.dae
-- Up-to-date: /home/chen/ros_gz_ugv_ws/install/ros_gz_ugv_description/share/ros_gz_ugv_description/models/wpr_simulation2/meshes/kai
-- Up-to-date: /home/chen/ros_gz_ugv_ws/install/ros_gz_ugv_description/share/ros_gz_ugv_description/models/wpr_simulation2/meshes/kai/kai_standing.dae
-- Up-to-date: /home/chen/ros_gz_ugv_ws/install/ros_gz_ugv_description/share/ros_gz_ugv_description/models/wpr_simulation2/meshes/kai/1931_LaFeiEr_D_512.png
-- Up-to-date: /home/chen/ros_gz_ugv_ws/install/ros_gz_ugv_description/share/ros_gz_ugv_description/models/rrbot
-- Up-to-date: /home/chen/ros_gz_ugv_ws/install/ros_gz_ugv_description/share/ros_gz_ugv_description/models/rrbot/model.sdf
-- Up-to-date: /home/chen/ros_gz_ugv_ws/install/ros_gz_ugv_description/share/ros_gz_ugv_description/environment/ros_gz_ugv_description.dsv
-- Up-to-date: /home/chen/ros_gz_ugv_ws/install/ros_gz_ugv_description/share/ros_gz_ugv_description/environment/ros_gz_ugv_description.sh
-- Up-to-date: /home/chen/ros_gz_ugv_ws/install/ros_gz_ugv_description/share/ament_index/resource_index/package_run_dependencies/ros_gz_ugv_description
-- Up-to-date: /home/chen/ros_gz_ugv_ws/install/ros_gz_ugv_description/share/ament_index/resource_index/parent_prefix_path/ros_gz_ugv_description
-- Up-to-date: /home/chen/ros_gz_ugv_ws/install/ros_gz_ugv_description/share/ros_gz_ugv_description/environment/ament_prefix_path.sh
-- Up-to-date: /home/chen/ros_gz_ugv_ws/install/ros_gz_ugv_description/share/ros_gz_ugv_description/environment/ament_prefix_path.dsv
-- Up-to-date: /home/chen/ros_gz_ugv_ws/install/ros_gz_ugv_description/share/ros_gz_ugv_description/environment/path.sh
-- Up-to-date: /home/chen/ros_gz_ugv_ws/install/ros_gz_ugv_description/share/ros_gz_ugv_description/environment/path.dsv
-- Up-to-date: /home/chen/ros_gz_ugv_ws/install/ros_gz_ugv_description/share/ros_gz_ugv_description/local_setup.bash
-- Up-to-date: /home/chen/ros_gz_ugv_ws/install/ros_gz_ugv_description/share/ros_gz_ugv_description/local_setup.sh
-- Up-to-date: /home/chen/ros_gz_ugv_ws/install/ros_gz_ugv_description/share/ros_gz_ugv_description/local_setup.zsh
-- Up-to-date: /home/chen/ros_gz_ugv_ws/install/ros_gz_ugv_description/share/ros_gz_ugv_description/local_setup.dsv
-- Installing: /home/chen/ros_gz_ugv_ws/install/ros_gz_ugv_description/share/ros_gz_ugv_description/package.dsv
-- Up-to-date: /home/chen/ros_gz_ugv_ws/install/ros_gz_ugv_description/share/ament_index/resource_index/packages/ros_gz_ugv_description
-- Up-to-date: /home/chen/ros_gz_ugv_ws/install/ros_gz_ugv_description/share/ros_gz_ugv_description/cmake/ros_gz_ugv_descriptionConfig.cmake
-- Up-to-date: /home/chen/ros_gz_ugv_ws/install/ros_gz_ugv_description/share/ros_gz_ugv_description/cmake/ros_gz_ugv_descriptionConfig-version.cmake
-- Up-to-date: /home/chen/ros_gz_ugv_ws/install/ros_gz_ugv_description/share/ros_gz_ugv_description/package.xml
