[0.083s] Invoking command in '/home/chen/ros_gz_ugv_ws/build/ros_gz_ugv_bringup': AMENT_PREFIX_PATH=/home/chen/ros_gz_ugv_ws/install/ros_gz_ugv_gazebo:/home/chen/ros_gz_ugv_ws/install/ros_gz_ugv_description:${AMENT_PREFIX_PATH} CMAKE_PREFIX_PATH=/home/chen/ros_gz_ugv_ws/install/ros_gz_ugv_gazebo:/home/chen/ros_gz_ugv_ws/install/ros_gz_ugv_description:/opt/ros/jazzy/opt/gz_sim_vendor:/opt/ros/jazzy/opt/gz_sensors_vendor:/opt/ros/jazzy/opt/gz_physics_vendor:/opt/ros/jazzy/opt/sdformat_vendor:/opt/ros/jazzy/opt/gz_gui_vendor:/opt/ros/jazzy/opt/gz_transport_vendor:/opt/ros/jazzy/opt/gz_rendering_vendor:/opt/ros/jazzy/opt/gz_plugin_vendor:/opt/ros/jazzy/opt/gz_fuel_tools_vendor:/opt/ros/jazzy/opt/gz_msgs_vendor:/opt/ros/jazzy/opt/gz_common_vendor:/opt/ros/jazzy/opt/gz_math_vendor:/opt/ros/jazzy/opt/gz_utils_vendor:/opt/ros/jazzy/opt/gz_tools_vendor:/opt/ros/jazzy/opt/gz_ogre_next_vendor:/opt/ros/jazzy/opt/gz_dartsim_vendor:/opt/ros/jazzy/opt/gz_cmake_vendor:/opt/ros/jazzy GZ_SIM_PLUGIN_PATH=/home/chen/ros_gz_ugv_ws/install/ros_gz_ugv_gazebo/lib/ros_gz_ugv_gazebo GZ_SIM_RESOURCE_PATH=/home/chen/ros_gz_ugv_ws/install/ros_gz_ugv_gazebo/share/ros_gz_ugv_gazebo/worlds:/home/chen/ros_gz_ugv_ws/install/ros_gz_ugv_description/share/ros_gz_ugv_description/models /usr/bin/cmake /home/chen/ros_gz_ugv_ws/src/ros_gz_ugv_bringup -DCMAKE_INSTALL_PREFIX=/home/chen/ros_gz_ugv_ws/install/ros_gz_ugv_bringup
[0.188s] -- The C compiler identification is GNU 13.3.0
[0.710s] -- The CXX compiler identification is GNU 13.3.0
[1.231s] -- Detecting C compiler ABI info
[1.426s] -- Detecting C compiler ABI info - done
[1.431s] -- Check for working C compiler: /usr/bin/cc - skipped
[1.431s] -- Detecting C compile features
[1.431s] -- Detecting C compile features - done
[1.514s] -- Detecting CXX compiler ABI info
[1.698s] -- Detecting CXX compiler ABI info - done
[1.703s] -- Check for working CXX compiler: /usr/bin/c++ - skipped
[1.704s] -- Detecting CXX compile features
[1.704s] -- Detecting CXX compile features - done
[1.706s] -- Found ament_cmake: 2.5.3 (/opt/ros/jazzy/share/ament_cmake/cmake)
[1.793s] -- Found Python3: /usr/bin/python3 (found version "3.12.3") found components: Interpreter 
[1.859s] -- Found ros_gz_ugv_description: 0.0.0 (/home/chen/ros_gz_ugv_ws/install/ros_gz_ugv_description/share/ros_gz_ugv_description/cmake)
[1.859s] -- Found ros_gz_ugv_gazebo: 0.0.0 (/home/chen/ros_gz_ugv_ws/install/ros_gz_ugv_gazebo/share/ros_gz_ugv_gazebo/cmake)
[1.861s] -- Found ament_lint_auto: 0.17.1 (/opt/ros/jazzy/share/ament_lint_auto/cmake)
[1.911s] -- Configuring done (1.8s)
[1.913s] -- Generating done (0.0s)
[1.914s] -- Build files have been written to: /home/chen/ros_gz_ugv_ws/build/ros_gz_ugv_bringup
[1.917s] Invoked command in '/home/chen/ros_gz_ugv_ws/build/ros_gz_ugv_bringup' returned '0': AMENT_PREFIX_PATH=/home/chen/ros_gz_ugv_ws/install/ros_gz_ugv_gazebo:/home/chen/ros_gz_ugv_ws/install/ros_gz_ugv_description:${AMENT_PREFIX_PATH} CMAKE_PREFIX_PATH=/home/chen/ros_gz_ugv_ws/install/ros_gz_ugv_gazebo:/home/chen/ros_gz_ugv_ws/install/ros_gz_ugv_description:/opt/ros/jazzy/opt/gz_sim_vendor:/opt/ros/jazzy/opt/gz_sensors_vendor:/opt/ros/jazzy/opt/gz_physics_vendor:/opt/ros/jazzy/opt/sdformat_vendor:/opt/ros/jazzy/opt/gz_gui_vendor:/opt/ros/jazzy/opt/gz_transport_vendor:/opt/ros/jazzy/opt/gz_rendering_vendor:/opt/ros/jazzy/opt/gz_plugin_vendor:/opt/ros/jazzy/opt/gz_fuel_tools_vendor:/opt/ros/jazzy/opt/gz_msgs_vendor:/opt/ros/jazzy/opt/gz_common_vendor:/opt/ros/jazzy/opt/gz_math_vendor:/opt/ros/jazzy/opt/gz_utils_vendor:/opt/ros/jazzy/opt/gz_tools_vendor:/opt/ros/jazzy/opt/gz_ogre_next_vendor:/opt/ros/jazzy/opt/gz_dartsim_vendor:/opt/ros/jazzy/opt/gz_cmake_vendor:/opt/ros/jazzy GZ_SIM_PLUGIN_PATH=/home/chen/ros_gz_ugv_ws/install/ros_gz_ugv_gazebo/lib/ros_gz_ugv_gazebo GZ_SIM_RESOURCE_PATH=/home/chen/ros_gz_ugv_ws/install/ros_gz_ugv_gazebo/share/ros_gz_ugv_gazebo/worlds:/home/chen/ros_gz_ugv_ws/install/ros_gz_ugv_description/share/ros_gz_ugv_description/models /usr/bin/cmake /home/chen/ros_gz_ugv_ws/src/ros_gz_ugv_bringup -DCMAKE_INSTALL_PREFIX=/home/chen/ros_gz_ugv_ws/install/ros_gz_ugv_bringup
[1.918s] Invoking command in '/home/chen/ros_gz_ugv_ws/build/ros_gz_ugv_bringup': AMENT_PREFIX_PATH=/home/chen/ros_gz_ugv_ws/install/ros_gz_ugv_gazebo:/home/chen/ros_gz_ugv_ws/install/ros_gz_ugv_description:${AMENT_PREFIX_PATH} CMAKE_PREFIX_PATH=/home/chen/ros_gz_ugv_ws/install/ros_gz_ugv_gazebo:/home/chen/ros_gz_ugv_ws/install/ros_gz_ugv_description:/opt/ros/jazzy/opt/gz_sim_vendor:/opt/ros/jazzy/opt/gz_sensors_vendor:/opt/ros/jazzy/opt/gz_physics_vendor:/opt/ros/jazzy/opt/sdformat_vendor:/opt/ros/jazzy/opt/gz_gui_vendor:/opt/ros/jazzy/opt/gz_transport_vendor:/opt/ros/jazzy/opt/gz_rendering_vendor:/opt/ros/jazzy/opt/gz_plugin_vendor:/opt/ros/jazzy/opt/gz_fuel_tools_vendor:/opt/ros/jazzy/opt/gz_msgs_vendor:/opt/ros/jazzy/opt/gz_common_vendor:/opt/ros/jazzy/opt/gz_math_vendor:/opt/ros/jazzy/opt/gz_utils_vendor:/opt/ros/jazzy/opt/gz_tools_vendor:/opt/ros/jazzy/opt/gz_ogre_next_vendor:/opt/ros/jazzy/opt/gz_dartsim_vendor:/opt/ros/jazzy/opt/gz_cmake_vendor:/opt/ros/jazzy GZ_SIM_PLUGIN_PATH=/home/chen/ros_gz_ugv_ws/install/ros_gz_ugv_gazebo/lib/ros_gz_ugv_gazebo GZ_SIM_RESOURCE_PATH=/home/chen/ros_gz_ugv_ws/install/ros_gz_ugv_gazebo/share/ros_gz_ugv_gazebo/worlds:/home/chen/ros_gz_ugv_ws/install/ros_gz_ugv_description/share/ros_gz_ugv_description/models /usr/bin/cmake --build /home/chen/ros_gz_ugv_ws/build/ros_gz_ugv_bringup -- -j28 -l28
[1.937s] Invoked command in '/home/chen/ros_gz_ugv_ws/build/ros_gz_ugv_bringup' returned '0': AMENT_PREFIX_PATH=/home/chen/ros_gz_ugv_ws/install/ros_gz_ugv_gazebo:/home/chen/ros_gz_ugv_ws/install/ros_gz_ugv_description:${AMENT_PREFIX_PATH} CMAKE_PREFIX_PATH=/home/chen/ros_gz_ugv_ws/install/ros_gz_ugv_gazebo:/home/chen/ros_gz_ugv_ws/install/ros_gz_ugv_description:/opt/ros/jazzy/opt/gz_sim_vendor:/opt/ros/jazzy/opt/gz_sensors_vendor:/opt/ros/jazzy/opt/gz_physics_vendor:/opt/ros/jazzy/opt/sdformat_vendor:/opt/ros/jazzy/opt/gz_gui_vendor:/opt/ros/jazzy/opt/gz_transport_vendor:/opt/ros/jazzy/opt/gz_rendering_vendor:/opt/ros/jazzy/opt/gz_plugin_vendor:/opt/ros/jazzy/opt/gz_fuel_tools_vendor:/opt/ros/jazzy/opt/gz_msgs_vendor:/opt/ros/jazzy/opt/gz_common_vendor:/opt/ros/jazzy/opt/gz_math_vendor:/opt/ros/jazzy/opt/gz_utils_vendor:/opt/ros/jazzy/opt/gz_tools_vendor:/opt/ros/jazzy/opt/gz_ogre_next_vendor:/opt/ros/jazzy/opt/gz_dartsim_vendor:/opt/ros/jazzy/opt/gz_cmake_vendor:/opt/ros/jazzy GZ_SIM_PLUGIN_PATH=/home/chen/ros_gz_ugv_ws/install/ros_gz_ugv_gazebo/lib/ros_gz_ugv_gazebo GZ_SIM_RESOURCE_PATH=/home/chen/ros_gz_ugv_ws/install/ros_gz_ugv_gazebo/share/ros_gz_ugv_gazebo/worlds:/home/chen/ros_gz_ugv_ws/install/ros_gz_ugv_description/share/ros_gz_ugv_description/models /usr/bin/cmake --build /home/chen/ros_gz_ugv_ws/build/ros_gz_ugv_bringup -- -j28 -l28
[1.938s] Invoking command in '/home/chen/ros_gz_ugv_ws/build/ros_gz_ugv_bringup': AMENT_PREFIX_PATH=/home/chen/ros_gz_ugv_ws/install/ros_gz_ugv_gazebo:/home/chen/ros_gz_ugv_ws/install/ros_gz_ugv_description:${AMENT_PREFIX_PATH} CMAKE_PREFIX_PATH=/home/chen/ros_gz_ugv_ws/install/ros_gz_ugv_gazebo:/home/chen/ros_gz_ugv_ws/install/ros_gz_ugv_description:/opt/ros/jazzy/opt/gz_sim_vendor:/opt/ros/jazzy/opt/gz_sensors_vendor:/opt/ros/jazzy/opt/gz_physics_vendor:/opt/ros/jazzy/opt/sdformat_vendor:/opt/ros/jazzy/opt/gz_gui_vendor:/opt/ros/jazzy/opt/gz_transport_vendor:/opt/ros/jazzy/opt/gz_rendering_vendor:/opt/ros/jazzy/opt/gz_plugin_vendor:/opt/ros/jazzy/opt/gz_fuel_tools_vendor:/opt/ros/jazzy/opt/gz_msgs_vendor:/opt/ros/jazzy/opt/gz_common_vendor:/opt/ros/jazzy/opt/gz_math_vendor:/opt/ros/jazzy/opt/gz_utils_vendor:/opt/ros/jazzy/opt/gz_tools_vendor:/opt/ros/jazzy/opt/gz_ogre_next_vendor:/opt/ros/jazzy/opt/gz_dartsim_vendor:/opt/ros/jazzy/opt/gz_cmake_vendor:/opt/ros/jazzy GZ_SIM_PLUGIN_PATH=/home/chen/ros_gz_ugv_ws/install/ros_gz_ugv_gazebo/lib/ros_gz_ugv_gazebo GZ_SIM_RESOURCE_PATH=/home/chen/ros_gz_ugv_ws/install/ros_gz_ugv_gazebo/share/ros_gz_ugv_gazebo/worlds:/home/chen/ros_gz_ugv_ws/install/ros_gz_ugv_description/share/ros_gz_ugv_description/models /usr/bin/cmake --install /home/chen/ros_gz_ugv_ws/build/ros_gz_ugv_bringup
[1.940s] -- Install configuration: ""
[1.941s] -- Installing: /home/chen/ros_gz_ugv_ws/install/ros_gz_ugv_bringup/share/ros_gz_ugv_bringup/launch
[1.941s] -- Installing: /home/chen/ros_gz_ugv_ws/install/ros_gz_ugv_bringup/share/ros_gz_ugv_bringup/launch/diff_drive.launch.py
[1.941s] -- Installing: /home/chen/ros_gz_ugv_ws/install/ros_gz_ugv_bringup/share/ros_gz_ugv_bringup/launch/rrbot_setup.launch.py
[1.941s] -- Installing: /home/chen/ros_gz_ugv_ws/install/ros_gz_ugv_bringup/share/ros_gz_ugv_bringup/config
[1.942s] -- Installing: /home/chen/ros_gz_ugv_ws/install/ros_gz_ugv_bringup/share/ros_gz_ugv_bringup/config/ros_gz_ugv_bridge.yaml
[1.942s] -- Installing: /home/chen/ros_gz_ugv_ws/install/ros_gz_ugv_bringup/share/ros_gz_ugv_bringup/config/rrbot.rviz
[1.942s] -- Installing: /home/chen/ros_gz_ugv_ws/install/ros_gz_ugv_bringup/share/ros_gz_ugv_bringup/config/diff_drive.rviz
[1.942s] -- Installing: /home/chen/ros_gz_ugv_ws/install/ros_gz_ugv_bringup/share/ament_index/resource_index/package_run_dependencies/ros_gz_ugv_bringup
[1.942s] -- Installing: /home/chen/ros_gz_ugv_ws/install/ros_gz_ugv_bringup/share/ament_index/resource_index/parent_prefix_path/ros_gz_ugv_bringup
[1.942s] -- Installing: /home/chen/ros_gz_ugv_ws/install/ros_gz_ugv_bringup/share/ros_gz_ugv_bringup/environment/ament_prefix_path.sh
[1.942s] -- Installing: /home/chen/ros_gz_ugv_ws/install/ros_gz_ugv_bringup/share/ros_gz_ugv_bringup/environment/ament_prefix_path.dsv
[1.943s] -- Installing: /home/chen/ros_gz_ugv_ws/install/ros_gz_ugv_bringup/share/ros_gz_ugv_bringup/environment/path.sh
[1.943s] -- Installing: /home/chen/ros_gz_ugv_ws/install/ros_gz_ugv_bringup/share/ros_gz_ugv_bringup/environment/path.dsv
[1.943s] -- Installing: /home/chen/ros_gz_ugv_ws/install/ros_gz_ugv_bringup/share/ros_gz_ugv_bringup/local_setup.bash
[1.943s] -- Installing: /home/chen/ros_gz_ugv_ws/install/ros_gz_ugv_bringup/share/ros_gz_ugv_bringup/local_setup.sh
[1.943s] -- Installing: /home/chen/ros_gz_ugv_ws/install/ros_gz_ugv_bringup/share/ros_gz_ugv_bringup/local_setup.zsh
[1.943s] -- Installing: /home/chen/ros_gz_ugv_ws/install/ros_gz_ugv_bringup/share/ros_gz_ugv_bringup/local_setup.dsv
[1.943s] -- Installing: /home/chen/ros_gz_ugv_ws/install/ros_gz_ugv_bringup/share/ros_gz_ugv_bringup/package.dsv
[1.943s] -- Installing: /home/chen/ros_gz_ugv_ws/install/ros_gz_ugv_bringup/share/ament_index/resource_index/packages/ros_gz_ugv_bringup
[1.943s] -- Installing: /home/chen/ros_gz_ugv_ws/install/ros_gz_ugv_bringup/share/ros_gz_ugv_bringup/cmake/ros_gz_ugv_bringupConfig.cmake
[1.943s] -- Installing: /home/chen/ros_gz_ugv_ws/install/ros_gz_ugv_bringup/share/ros_gz_ugv_bringup/cmake/ros_gz_ugv_bringupConfig-version.cmake
[1.943s] -- Installing: /home/chen/ros_gz_ugv_ws/install/ros_gz_ugv_bringup/share/ros_gz_ugv_bringup/package.xml
[1.945s] Invoked command in '/home/chen/ros_gz_ugv_ws/build/ros_gz_ugv_bringup' returned '0': AMENT_PREFIX_PATH=/home/chen/ros_gz_ugv_ws/install/ros_gz_ugv_gazebo:/home/chen/ros_gz_ugv_ws/install/ros_gz_ugv_description:${AMENT_PREFIX_PATH} CMAKE_PREFIX_PATH=/home/chen/ros_gz_ugv_ws/install/ros_gz_ugv_gazebo:/home/chen/ros_gz_ugv_ws/install/ros_gz_ugv_description:/opt/ros/jazzy/opt/gz_sim_vendor:/opt/ros/jazzy/opt/gz_sensors_vendor:/opt/ros/jazzy/opt/gz_physics_vendor:/opt/ros/jazzy/opt/sdformat_vendor:/opt/ros/jazzy/opt/gz_gui_vendor:/opt/ros/jazzy/opt/gz_transport_vendor:/opt/ros/jazzy/opt/gz_rendering_vendor:/opt/ros/jazzy/opt/gz_plugin_vendor:/opt/ros/jazzy/opt/gz_fuel_tools_vendor:/opt/ros/jazzy/opt/gz_msgs_vendor:/opt/ros/jazzy/opt/gz_common_vendor:/opt/ros/jazzy/opt/gz_math_vendor:/opt/ros/jazzy/opt/gz_utils_vendor:/opt/ros/jazzy/opt/gz_tools_vendor:/opt/ros/jazzy/opt/gz_ogre_next_vendor:/opt/ros/jazzy/opt/gz_dartsim_vendor:/opt/ros/jazzy/opt/gz_cmake_vendor:/opt/ros/jazzy GZ_SIM_PLUGIN_PATH=/home/chen/ros_gz_ugv_ws/install/ros_gz_ugv_gazebo/lib/ros_gz_ugv_gazebo GZ_SIM_RESOURCE_PATH=/home/chen/ros_gz_ugv_ws/install/ros_gz_ugv_gazebo/share/ros_gz_ugv_gazebo/worlds:/home/chen/ros_gz_ugv_ws/install/ros_gz_ugv_description/share/ros_gz_ugv_description/models /usr/bin/cmake --install /home/chen/ros_gz_ugv_ws/build/ros_gz_ugv_bringup
